<?xml version="1.0" encoding="UTF-8"?>
<coverage generated="1519997916862" clover="3.2.0">
  <project timestamp="1519997916862" name="All files">
    <metrics statements="96" coveredstatements="93" conditionals="52" coveredconditionals="33" methods="42" coveredmethods="34" elements="190" coveredelements="160" complexity="0" loc="96" ncloc="96" packages="6" files="10" classes="10">
      <package name="jest-config">
        <metrics statements="4" coveredstatements="4" conditionals="6" coveredconditionals="4" methods="2" coveredmethods="2"/>
        <file name="jestconfig.js" path="C:\MAIN\Other\FrontCamp\BlogsApp\jest-config\jestconfig.js">
          <metrics statements="4" coveredstatements="4" conditionals="6" coveredconditionals="4" methods="2" coveredmethods="2"/>
          <line num="2" count="12" type="cond" truecount="3" falsecount="1"/>
          <line num="8" count="6" type="stmt"/>
          <line num="9" count="6" type="stmt"/>
          <line num="10" count="6" type="cond" truecount="1" falsecount="1"/>
        </file>
      </package>
      <package name="src.client.js">
        <metrics statements="5" coveredstatements="5" conditionals="2" coveredconditionals="1" methods="1" coveredmethods="1"/>
        <file name="config.js" path="C:\MAIN\Other\FrontCamp\BlogsApp\src\client\js\config.js">
          <metrics statements="5" coveredstatements="5" conditionals="2" coveredconditionals="1" methods="1" coveredmethods="1"/>
          <line num="1" count="5" type="stmt"/>
          <line num="5" count="5" type="stmt"/>
          <line num="24" count="5" type="stmt"/>
          <line num="25" count="5" type="stmt"/>
          <line num="26" count="5" type="cond" truecount="1" falsecount="1"/>
        </file>
      </package>
      <package name="src.client.js.actions">
        <metrics statements="34" coveredstatements="34" conditionals="2" coveredconditionals="1" methods="17" coveredmethods="17"/>
        <file name="index.js" path="C:\MAIN\Other\FrontCamp\BlogsApp\src\client\js\actions\index.js">
          <metrics statements="34" coveredstatements="34" conditionals="2" coveredconditionals="1" methods="17" coveredmethods="17"/>
          <line num="1" count="4" type="stmt"/>
          <line num="3" count="4" type="stmt"/>
          <line num="4" count="2" type="stmt"/>
          <line num="10" count="4" type="stmt"/>
          <line num="11" count="1" type="stmt"/>
          <line num="17" count="4" type="stmt"/>
          <line num="18" count="2" type="stmt"/>
          <line num="23" count="4" type="stmt"/>
          <line num="24" count="1" type="stmt"/>
          <line num="30" count="4" type="stmt"/>
          <line num="31" count="2" type="stmt"/>
          <line num="37" count="4" type="stmt"/>
          <line num="38" count="1" type="stmt"/>
          <line num="44" count="4" type="stmt"/>
          <line num="45" count="2" type="stmt"/>
          <line num="50" count="4" type="stmt"/>
          <line num="51" count="1" type="stmt"/>
          <line num="57" count="4" type="stmt"/>
          <line num="58" count="1" type="stmt"/>
          <line num="63" count="4" type="stmt"/>
          <line num="64" count="2" type="stmt"/>
          <line num="70" count="4" type="stmt"/>
          <line num="71" count="1" type="stmt"/>
          <line num="78" count="4" type="stmt"/>
          <line num="79" count="2" type="stmt"/>
          <line num="85" count="4" type="stmt"/>
          <line num="86" count="1" type="stmt"/>
          <line num="92" count="4" type="stmt"/>
          <line num="93" count="1" type="stmt"/>
          <line num="98" count="4" type="stmt"/>
          <line num="99" count="1" type="stmt"/>
          <line num="105" count="4" type="stmt"/>
          <line num="106" count="1" type="stmt"/>
          <line num="110" count="4" type="cond" truecount="1" falsecount="1"/>
        </file>
      </package>
      <package name="src.client.js.components.BlogDetails">
        <metrics statements="6" coveredstatements="6" conditionals="4" coveredconditionals="3" methods="2" coveredmethods="2"/>
        <file name="index.jsx" path="C:\MAIN\Other\FrontCamp\BlogsApp\src\client\js\components\BlogDetails\index.jsx">
          <metrics statements="6" coveredstatements="6" conditionals="4" coveredconditionals="3" methods="2" coveredmethods="2"/>
          <line num="1" count="1" type="stmt"/>
          <line num="5" count="1" type="stmt"/>
          <line num="6" count="2" type="cond" truecount="2" falsecount="0"/>
          <line num="7" count="1" type="stmt"/>
          <line num="22" count="1" type="stmt"/>
          <line num="27" count="1" type="cond" truecount="1" falsecount="1"/>
        </file>
        <file name="styles.scss" path="C:\MAIN\Other\FrontCamp\BlogsApp\src\client\js\components\BlogDetails\styles.scss">
          <metrics statements="0" coveredstatements="0" conditionals="0" coveredconditionals="0" methods="0" coveredmethods="0"/>
        </file>
      </package>
      <package name="src.client.js.effects">
        <metrics statements="16" coveredstatements="16" conditionals="4" coveredconditionals="2" methods="11" coveredmethods="5"/>
        <file name="authentication.js" path="C:\MAIN\Other\FrontCamp\BlogsApp\src\client\js\effects\authentication.js">
          <metrics statements="5" coveredstatements="5" conditionals="2" coveredconditionals="1" methods="4" coveredmethods="1"/>
          <line num="1" count="1" type="stmt"/>
          <line num="3" count="1" type="stmt"/>
          <line num="21" count="1" type="stmt"/>
          <line num="36" count="1" type="stmt"/>
          <line num="49" count="1" type="cond" truecount="1" falsecount="1"/>
        </file>
        <file name="blogs.js" path="C:\MAIN\Other\FrontCamp\BlogsApp\src\client\js\effects\blogs.js">
          <metrics statements="11" coveredstatements="11" conditionals="2" coveredconditionals="1" methods="7" coveredmethods="4"/>
          <line num="1" count="2" type="stmt"/>
          <line num="3" count="2" type="stmt"/>
          <line num="10" count="2" type="stmt"/>
          <line num="37" count="2" type="stmt"/>
          <line num="44" count="2" type="stmt"/>
          <line num="45" count="3" type="stmt"/>
          <line num="46" count="3" type="stmt"/>
          <line num="47" count="7" type="stmt"/>
          <line num="58" count="3" type="stmt"/>
          <line num="59" count="5" type="stmt"/>
          <line num="61" count="2" type="cond" truecount="1" falsecount="1"/>
        </file>
      </package>
      <package name="src.client.js.reducers">
        <metrics statements="31" coveredstatements="28" conditionals="34" coveredconditionals="22" methods="9" coveredmethods="7"/>
        <file name="authentication.js" path="C:\MAIN\Other\FrontCamp\BlogsApp\src\client\js\reducers\authentication.js">
          <metrics statements="11" coveredstatements="10" conditionals="14" coveredconditionals="9" methods="3" coveredmethods="2"/>
          <line num="1" count="1" type="cond" truecount="1" falsecount="3"/>
          <line num="6" count="1" type="stmt"/>
          <line num="7" count="7" type="cond" truecount="6" falsecount="1"/>
          <line num="9" count="1" type="stmt"/>
          <line num="17" count="1" type="stmt"/>
          <line num="22" count="1" type="stmt"/>
          <line num="29" count="2" type="cond" truecount="1" falsecount="0"/>
          <line num="35" count="1" type="stmt"/>
          <line num="43" count="0" type="stmt"/>
          <line num="45" count="1" type="stmt"/>
          <line num="49" count="1" type="cond" truecount="1" falsecount="1"/>
        </file>
        <file name="blogs.js" path="C:\MAIN\Other\FrontCamp\BlogsApp\src\client\js\reducers\blogs.js">
          <metrics statements="13" coveredstatements="11" conditionals="11" coveredconditionals="8" methods="3" coveredmethods="3"/>
          <line num="1" count="1" type="stmt"/>
          <line num="6" count="1" type="stmt"/>
          <line num="7" count="7" type="cond" truecount="7" falsecount="2"/>
          <line num="9" count="1" type="stmt"/>
          <line num="17" count="1" type="stmt"/>
          <line num="19" count="0" type="stmt"/>
          <line num="21" count="1" type="stmt"/>
          <line num="29" count="1" type="stmt"/>
          <line num="37" count="1" type="stmt"/>
          <line num="45" count="1" type="stmt"/>
          <line num="47" count="0" type="stmt"/>
          <line num="49" count="1" type="stmt"/>
          <line num="53" count="1" type="cond" truecount="1" falsecount="1"/>
        </file>
        <file name="search.js" path="C:\MAIN\Other\FrontCamp\BlogsApp\src\client\js\reducers\search.js">
          <metrics statements="7" coveredstatements="7" conditionals="9" coveredconditionals="5" methods="3" coveredmethods="2"/>
          <line num="1" count="1" type="cond" truecount="1" falsecount="3"/>
          <line num="3" count="1" type="stmt"/>
          <line num="4" count="3" type="cond" truecount="3" falsecount="0"/>
          <line num="6" count="1" type="stmt"/>
          <line num="11" count="1" type="stmt"/>
          <line num="16" count="1" type="stmt"/>
          <line num="20" count="1" type="cond" truecount="1" falsecount="1"/>
        </file>
      </package>
    </metrics>
  </project>
</coverage>
