<?xml version="1.0" encoding="UTF-8"?>
<coverage generated="1520078629452" clover="3.2.0">
  <project timestamp="1520078629453" name="All files">
    <metrics statements="225" coveredstatements="184" conditionals="304" coveredconditionals="154" methods="167" coveredmethods="109" elements="696" coveredelements="447" complexity="0" loc="225" ncloc="225" packages="19" files="37" classes="37">
      <package name="jest-config">
        <metrics statements="4" coveredstatements="4" conditionals="6" coveredconditionals="4" methods="2" coveredmethods="2"/>
        <file name="jestconfig.js" path="C:\MAIN\Other\FrontCamp\BlogsApp\jest-config\jestconfig.js">
          <metrics statements="4" coveredstatements="4" conditionals="6" coveredconditionals="4" methods="2" coveredmethods="2"/>
          <line num="2" count="30" type="cond" truecount="3" falsecount="1"/>
          <line num="8" count="15" type="stmt"/>
          <line num="9" count="15" type="stmt"/>
          <line num="10" count="15" type="cond" truecount="1" falsecount="1"/>
        </file>
      </package>
      <package name="src.client.js">
        <metrics statements="5" coveredstatements="5" conditionals="2" coveredconditionals="1" methods="1" coveredmethods="1"/>
        <file name="config.js" path="C:\MAIN\Other\FrontCamp\BlogsApp\src\client\js\config.js">
          <metrics statements="5" coveredstatements="5" conditionals="2" coveredconditionals="1" methods="1" coveredmethods="1"/>
          <line num="1" count="6" type="stmt"/>
          <line num="5" count="6" type="stmt"/>
          <line num="24" count="6" type="stmt"/>
          <line num="25" count="6" type="stmt"/>
          <line num="26" count="6" type="cond" truecount="1" falsecount="1"/>
        </file>
      </package>
      <package name="src.client.js.actions">
        <metrics statements="34" coveredstatements="34" conditionals="2" coveredconditionals="1" methods="17" coveredmethods="17"/>
        <file name="index.js" path="C:\MAIN\Other\FrontCamp\BlogsApp\src\client\js\actions\index.js">
          <metrics statements="34" coveredstatements="34" conditionals="2" coveredconditionals="1" methods="17" coveredmethods="17"/>
          <line num="1" count="5" type="stmt"/>
          <line num="3" count="5" type="stmt"/>
          <line num="4" count="2" type="stmt"/>
          <line num="10" count="5" type="stmt"/>
          <line num="11" count="1" type="stmt"/>
          <line num="17" count="5" type="stmt"/>
          <line num="18" count="2" type="stmt"/>
          <line num="23" count="5" type="stmt"/>
          <line num="24" count="1" type="stmt"/>
          <line num="30" count="5" type="stmt"/>
          <line num="31" count="2" type="stmt"/>
          <line num="37" count="5" type="stmt"/>
          <line num="38" count="1" type="stmt"/>
          <line num="44" count="5" type="stmt"/>
          <line num="45" count="2" type="stmt"/>
          <line num="50" count="5" type="stmt"/>
          <line num="51" count="1" type="stmt"/>
          <line num="57" count="5" type="stmt"/>
          <line num="58" count="1" type="stmt"/>
          <line num="63" count="5" type="stmt"/>
          <line num="64" count="2" type="stmt"/>
          <line num="70" count="5" type="stmt"/>
          <line num="71" count="1" type="stmt"/>
          <line num="78" count="5" type="stmt"/>
          <line num="79" count="2" type="stmt"/>
          <line num="85" count="5" type="stmt"/>
          <line num="86" count="1" type="stmt"/>
          <line num="92" count="5" type="stmt"/>
          <line num="93" count="1" type="stmt"/>
          <line num="98" count="5" type="stmt"/>
          <line num="99" count="1" type="stmt"/>
          <line num="105" count="5" type="stmt"/>
          <line num="106" count="1" type="stmt"/>
          <line num="110" count="5" type="cond" truecount="1" falsecount="1"/>
        </file>
      </package>
      <package name="src.client.js.components">
        <metrics statements="10" coveredstatements="6" conditionals="35" coveredconditionals="15" methods="13" coveredmethods="7"/>
        <file name="Portal.jsx" path="C:\MAIN\Other\FrontCamp\BlogsApp\src\client\js\components\Portal.jsx">
          <metrics statements="10" coveredstatements="6" conditionals="35" coveredconditionals="15" methods="13" coveredmethods="7"/>
          <line num="1" count="3" type="cond" truecount="5" falsecount="3"/>
          <line num="2" count="2" type="cond" truecount="9" falsecount="14"/>
          <line num="4" count="1" type="stmt"/>
          <line num="5" count="0" type="cond" truecount="0" falsecount="2"/>
          <line num="10" count="1" type="stmt"/>
          <line num="13" count="0" type="stmt"/>
          <line num="17" count="0" type="stmt"/>
          <line num="21" count="0" type="stmt"/>
          <line num="25" count="1" type="stmt"/>
          <line num="28" count="1" type="cond" truecount="1" falsecount="1"/>
        </file>
      </package>
      <package name="src.client.js.components.BlogDetails">
        <metrics statements="6" coveredstatements="6" conditionals="4" coveredconditionals="3" methods="2" coveredmethods="2"/>
        <file name="index.jsx" path="C:\MAIN\Other\FrontCamp\BlogsApp\src\client\js\components\BlogDetails\index.jsx">
          <metrics statements="6" coveredstatements="6" conditionals="4" coveredconditionals="3" methods="2" coveredmethods="2"/>
          <line num="1" count="1" type="stmt"/>
          <line num="5" count="1" type="stmt"/>
          <line num="6" count="2" type="cond" truecount="2" falsecount="0"/>
          <line num="7" count="1" type="stmt"/>
          <line num="22" count="1" type="stmt"/>
          <line num="27" count="1" type="cond" truecount="1" falsecount="1"/>
        </file>
        <file name="styles.scss" path="C:\MAIN\Other\FrontCamp\BlogsApp\src\client\js\components\BlogDetails\styles.scss">
          <metrics statements="0" coveredstatements="0" conditionals="0" coveredconditionals="0" methods="0" coveredmethods="0"/>
        </file>
      </package>
      <package name="src.client.js.components.BlogsApp">
        <metrics statements="3" coveredstatements="3" conditionals="2" coveredconditionals="1" methods="2" coveredmethods="2"/>
        <file name="index.jsx" path="C:\MAIN\Other\FrontCamp\BlogsApp\src\client\js\components\BlogsApp\index.jsx">
          <metrics statements="3" coveredstatements="3" conditionals="2" coveredconditionals="1" methods="2" coveredmethods="2"/>
          <line num="1" count="1" type="stmt"/>
          <line num="10" count="1" type="stmt"/>
          <line num="21" count="1" type="cond" truecount="1" falsecount="1"/>
        </file>
        <file name="styles.scss" path="C:\MAIN\Other\FrontCamp\BlogsApp\src\client\js\components\BlogsApp\styles.scss">
          <metrics statements="0" coveredstatements="0" conditionals="0" coveredconditionals="0" methods="0" coveredmethods="0"/>
        </file>
      </package>
      <package name="src.client.js.components.BlogsApp.AddBlogButton">
        <metrics statements="3" coveredstatements="3" conditionals="2" coveredconditionals="1" methods="2" coveredmethods="2"/>
        <file name="index.jsx" path="C:\MAIN\Other\FrontCamp\BlogsApp\src\client\js\components\BlogsApp\AddBlogButton\index.jsx">
          <metrics statements="3" coveredstatements="3" conditionals="2" coveredconditionals="1" methods="2" coveredmethods="2"/>
          <line num="1" count="2" type="stmt"/>
          <line num="5" count="2" type="stmt"/>
          <line num="9" count="2" type="cond" truecount="1" falsecount="1"/>
        </file>
        <file name="styles.scss" path="C:\MAIN\Other\FrontCamp\BlogsApp\src\client\js\components\BlogsApp\AddBlogButton\styles.scss">
          <metrics statements="0" coveredstatements="0" conditionals="0" coveredconditionals="0" methods="0" coveredmethods="0"/>
        </file>
      </package>
      <package name="src.client.js.components.BlogsApp.Blog">
        <metrics statements="3" coveredstatements="3" conditionals="2" coveredconditionals="1" methods="2" coveredmethods="2"/>
        <file name="index.jsx" path="C:\MAIN\Other\FrontCamp\BlogsApp\src\client\js\components\BlogsApp\Blog\index.jsx">
          <metrics statements="3" coveredstatements="3" conditionals="2" coveredconditionals="1" methods="2" coveredmethods="2"/>
          <line num="1" count="3" type="stmt"/>
          <line num="5" count="3" type="stmt"/>
          <line num="20" count="3" type="cond" truecount="1" falsecount="1"/>
        </file>
        <file name="styles.scss" path="C:\MAIN\Other\FrontCamp\BlogsApp\src\client\js\components\BlogsApp\Blog\styles.scss">
          <metrics statements="0" coveredstatements="0" conditionals="0" coveredconditionals="0" methods="0" coveredmethods="0"/>
        </file>
      </package>
      <package name="src.client.js.components.BlogsApp.BlogsList">
        <metrics statements="9" coveredstatements="9" conditionals="31" coveredconditionals="17" methods="12" coveredmethods="12"/>
        <file name="index.jsx" path="C:\MAIN\Other\FrontCamp\BlogsApp\src\client\js\components\BlogsApp\BlogsList\index.jsx">
          <metrics statements="9" coveredstatements="9" conditionals="31" coveredconditionals="17" methods="12" coveredmethods="12"/>
          <line num="1" count="4" type="cond" truecount="5" falsecount="3"/>
          <line num="3" count="2" type="cond" truecount="10" falsecount="9"/>
          <line num="6" count="2" type="stmt"/>
          <line num="7" count="1" type="cond" truecount="1" falsecount="1"/>
          <line num="9" count="2" type="stmt"/>
          <line num="12" count="1" type="stmt"/>
          <line num="16" count="1" type="stmt"/>
          <line num="23" count="2" type="stmt"/>
          <line num="26" count="2" type="cond" truecount="1" falsecount="1"/>
        </file>
        <file name="styles.scss" path="C:\MAIN\Other\FrontCamp\BlogsApp\src\client\js\components\BlogsApp\BlogsList\styles.scss">
          <metrics statements="0" coveredstatements="0" conditionals="0" coveredconditionals="0" methods="0" coveredmethods="0"/>
        </file>
      </package>
      <package name="src.client.js.components.BlogsApp.SearchBlog">
        <metrics statements="3" coveredstatements="3" conditionals="2" coveredconditionals="1" methods="2" coveredmethods="2"/>
        <file name="index.jsx" path="C:\MAIN\Other\FrontCamp\BlogsApp\src\client\js\components\BlogsApp\SearchBlog\index.jsx">
          <metrics statements="3" coveredstatements="3" conditionals="2" coveredconditionals="1" methods="2" coveredmethods="2"/>
          <line num="1" count="2" type="stmt"/>
          <line num="4" count="2" type="stmt"/>
          <line num="20" count="2" type="cond" truecount="1" falsecount="1"/>
        </file>
        <file name="styles.scss" path="C:\MAIN\Other\FrontCamp\BlogsApp\src\client\js\components\BlogsApp\SearchBlog\styles.scss">
          <metrics statements="0" coveredstatements="0" conditionals="0" coveredconditionals="0" methods="0" coveredmethods="0"/>
        </file>
      </package>
      <package name="src.client.js.components.BlogsApp.modals.AddBlogModal">
        <metrics statements="17" coveredstatements="6" conditionals="38" coveredconditionals="12" methods="19" coveredmethods="6"/>
        <file name="index.jsx" path="C:\MAIN\Other\FrontCamp\BlogsApp\src\client\js\components\BlogsApp\modals\AddBlogModal\index.jsx">
          <metrics statements="17" coveredstatements="6" conditionals="38" coveredconditionals="12" methods="19" coveredmethods="6"/>
          <line num="1" count="4" type="cond" truecount="5" falsecount="3"/>
          <line num="3" count="1" type="cond" truecount="6" falsecount="15"/>
          <line num="5" count="1" type="stmt"/>
          <line num="6" count="0" type="cond" truecount="0" falsecount="2"/>
          <line num="14" count="1" type="stmt"/>
          <line num="17" count="0" type="stmt"/>
          <line num="18" count="0" type="stmt"/>
          <line num="20" count="0" type="stmt"/>
          <line num="26" count="0" type="stmt"/>
          <line num="27" count="0" type="cond" truecount="0" falsecount="5"/>
          <line num="28" count="0" type="stmt"/>
          <line num="33" count="0" type="stmt"/>
          <line num="37" count="0" type="stmt"/>
          <line num="38" count="0" type="stmt"/>
          <line num="42" count="0" type="stmt"/>
          <line num="58" count="1" type="stmt"/>
          <line num="61" count="1" type="cond" truecount="1" falsecount="1"/>
        </file>
        <file name="styles.scss" path="C:\MAIN\Other\FrontCamp\BlogsApp\src\client\js\components\BlogsApp\modals\AddBlogModal\styles.scss">
          <metrics statements="0" coveredstatements="0" conditionals="0" coveredconditionals="0" methods="0" coveredmethods="0"/>
        </file>
      </package>
      <package name="src.client.js.components.BlogsApp.modals.RemoveBlogModal">
        <metrics statements="12" coveredstatements="6" conditionals="33" coveredconditionals="12" methods="15" coveredmethods="6"/>
        <file name="index.jsx" path="C:\MAIN\Other\FrontCamp\BlogsApp\src\client\js\components\BlogsApp\modals\RemoveBlogModal\index.jsx">
          <metrics statements="12" coveredstatements="6" conditionals="33" coveredconditionals="12" methods="15" coveredmethods="6"/>
          <line num="1" count="3" type="cond" truecount="5" falsecount="3"/>
          <line num="3" count="1" type="cond" truecount="6" falsecount="13"/>
          <line num="5" count="1" type="stmt"/>
          <line num="6" count="0" type="cond" truecount="0" falsecount="2"/>
          <line num="8" count="1" type="stmt"/>
          <line num="11" count="0" type="cond" truecount="0" falsecount="2"/>
          <line num="12" count="0" type="stmt"/>
          <line num="16" count="0" type="stmt"/>
          <line num="17" count="0" type="stmt"/>
          <line num="21" count="0" type="stmt"/>
          <line num="33" count="1" type="stmt"/>
          <line num="36" count="1" type="cond" truecount="1" falsecount="1"/>
        </file>
        <file name="styles.scss" path="C:\MAIN\Other\FrontCamp\BlogsApp\src\client\js\components\BlogsApp\modals\RemoveBlogModal\styles.scss">
          <metrics statements="0" coveredstatements="0" conditionals="0" coveredconditionals="0" methods="0" coveredmethods="0"/>
        </file>
      </package>
      <package name="src.client.js.components.HomePage">
        <metrics statements="3" coveredstatements="3" conditionals="2" coveredconditionals="1" methods="2" coveredmethods="2"/>
        <file name="index.jsx" path="C:\MAIN\Other\FrontCamp\BlogsApp\src\client\js\components\HomePage\index.jsx">
          <metrics statements="3" coveredstatements="3" conditionals="2" coveredconditionals="1" methods="2" coveredmethods="2"/>
          <line num="1" count="1" type="stmt"/>
          <line num="5" count="1" type="stmt"/>
          <line num="29" count="1" type="cond" truecount="1" falsecount="1"/>
        </file>
        <file name="styles.scss" path="C:\MAIN\Other\FrontCamp\BlogsApp\src\client\js\components\HomePage\styles.scss">
          <metrics statements="0" coveredstatements="0" conditionals="0" coveredconditionals="0" methods="0" coveredmethods="0"/>
        </file>
      </package>
      <package name="src.client.js.components.LoginForm">
        <metrics statements="14" coveredstatements="11" conditionals="37" coveredconditionals="21" methods="16" coveredmethods="12"/>
        <file name="index.jsx" path="C:\MAIN\Other\FrontCamp\BlogsApp\src\client\js\components\LoginForm\index.jsx">
          <metrics statements="14" coveredstatements="11" conditionals="37" coveredconditionals="21" methods="16" coveredmethods="12"/>
          <line num="1" count="3" type="cond" truecount="5" falsecount="3"/>
          <line num="3" count="4" type="cond" truecount="10" falsecount="11"/>
          <line num="5" count="1" type="stmt"/>
          <line num="6" count="4" type="cond" truecount="1" falsecount="1"/>
          <line num="13" count="1" type="stmt"/>
          <line num="16" count="0" type="stmt"/>
          <line num="17" count="0" type="stmt"/>
          <line num="19" count="0" type="stmt"/>
          <line num="25" count="2" type="stmt"/>
          <line num="26" count="2" type="cond" truecount="4" falsecount="0"/>
          <line num="27" count="1" type="stmt"/>
          <line num="34" count="5" type="stmt"/>
          <line num="51" count="1" type="stmt"/>
          <line num="54" count="1" type="cond" truecount="1" falsecount="1"/>
        </file>
        <file name="styles.scss" path="C:\MAIN\Other\FrontCamp\BlogsApp\src\client\js\components\LoginForm\styles.scss">
          <metrics statements="0" coveredstatements="0" conditionals="0" coveredconditionals="0" methods="0" coveredmethods="0"/>
        </file>
      </package>
      <package name="src.client.js.components.NoPage">
        <metrics statements="3" coveredstatements="3" conditionals="2" coveredconditionals="1" methods="2" coveredmethods="2"/>
        <file name="index.jsx" path="C:\MAIN\Other\FrontCamp\BlogsApp\src\client\js\components\NoPage\index.jsx">
          <metrics statements="3" coveredstatements="3" conditionals="2" coveredconditionals="1" methods="2" coveredmethods="2"/>
          <line num="1" count="1" type="stmt"/>
          <line num="4" count="1" type="stmt"/>
          <line num="10" count="1" type="cond" truecount="1" falsecount="1"/>
        </file>
        <file name="styles.scss" path="C:\MAIN\Other\FrontCamp\BlogsApp\src\client\js\components\NoPage\styles.scss">
          <metrics statements="0" coveredstatements="0" conditionals="0" coveredconditionals="0" methods="0" coveredmethods="0"/>
        </file>
      </package>
      <package name="src.client.js.components.RegistrationForm">
        <metrics statements="14" coveredstatements="11" conditionals="38" coveredconditionals="22" methods="18" coveredmethods="12"/>
        <file name="index.jsx" path="C:\MAIN\Other\FrontCamp\BlogsApp\src\client\js\components\RegistrationForm\index.jsx">
          <metrics statements="14" coveredstatements="11" conditionals="38" coveredconditionals="22" methods="18" coveredmethods="12"/>
          <line num="1" count="3" type="cond" truecount="5" falsecount="3"/>
          <line num="3" count="4" type="cond" truecount="10" falsecount="11"/>
          <line num="5" count="1" type="stmt"/>
          <line num="6" count="4" type="cond" truecount="1" falsecount="1"/>
          <line num="15" count="1" type="stmt"/>
          <line num="18" count="0" type="stmt"/>
          <line num="19" count="0" type="stmt"/>
          <line num="21" count="0" type="stmt"/>
          <line num="27" count="2" type="stmt"/>
          <line num="28" count="2" type="cond" truecount="5" falsecount="0"/>
          <line num="29" count="1" type="stmt"/>
          <line num="38" count="5" type="stmt"/>
          <line num="59" count="1" type="stmt"/>
          <line num="62" count="1" type="cond" truecount="1" falsecount="1"/>
        </file>
        <file name="styles.scss" path="C:\MAIN\Other\FrontCamp\BlogsApp\src\client\js\components\RegistrationForm\styles.scss">
          <metrics statements="0" coveredstatements="0" conditionals="0" coveredconditionals="0" methods="0" coveredmethods="0"/>
        </file>
      </package>
      <package name="src.client.js.containers.BlogsApp">
        <metrics statements="35" coveredstatements="24" conditionals="28" coveredconditionals="16" methods="20" coveredmethods="8"/>
        <file name="AddBlog.jsx" path="C:\MAIN\Other\FrontCamp\BlogsApp\src\client\js\containers\BlogsApp\AddBlog.jsx">
          <metrics statements="5" coveredstatements="5" conditionals="6" coveredconditionals="4" methods="3" coveredmethods="2"/>
          <line num="1" count="1" type="stmt"/>
          <line num="3" count="1" type="cond" truecount="3" falsecount="1"/>
          <line num="5" count="1" type="stmt"/>
          <line num="9" count="1" type="stmt"/>
          <line num="14" count="1" type="cond" truecount="1" falsecount="1"/>
        </file>
        <file name="RemoveBlog.jsx" path="C:\MAIN\Other\FrontCamp\BlogsApp\src\client\js\containers\BlogsApp\RemoveBlog.jsx">
          <metrics statements="8" coveredstatements="6" conditionals="6" coveredconditionals="4" methods="5" coveredmethods="2"/>
          <line num="1" count="1" type="stmt"/>
          <line num="3" count="1" type="cond" truecount="3" falsecount="1"/>
          <line num="5" count="1" type="stmt"/>
          <line num="6" count="0" type="stmt"/>
          <line num="7" count="0" type="stmt"/>
          <line num="12" count="1" type="stmt"/>
          <line num="18" count="1" type="stmt"/>
          <line num="23" count="1" type="cond" truecount="1" falsecount="1"/>
        </file>
        <file name="SearchBlog.jsx" path="C:\MAIN\Other\FrontCamp\BlogsApp\src\client\js\containers\BlogsApp\SearchBlog.jsx">
          <metrics statements="9" coveredstatements="6" conditionals="6" coveredconditionals="4" methods="6" coveredmethods="2"/>
          <line num="1" count="1" type="stmt"/>
          <line num="3" count="1" type="cond" truecount="3" falsecount="1"/>
          <line num="5" count="1" type="stmt"/>
          <line num="9" count="1" type="stmt"/>
          <line num="10" count="0" type="stmt"/>
          <line num="12" count="0" type="stmt"/>
          <line num="15" count="0" type="stmt"/>
          <line num="20" count="1" type="stmt"/>
          <line num="25" count="1" type="cond" truecount="1" falsecount="1"/>
        </file>
        <file name="VisibleBlogsList.jsx" path="C:\MAIN\Other\FrontCamp\BlogsApp\src\client\js\containers\BlogsApp\VisibleBlogsList.jsx">
          <metrics statements="13" coveredstatements="7" conditionals="10" coveredconditionals="4" methods="6" coveredmethods="2"/>
          <line num="1" count="1" type="stmt"/>
          <line num="3" count="1" type="cond" truecount="3" falsecount="1"/>
          <line num="5" count="1" type="stmt"/>
          <line num="6" count="0" type="stmt"/>
          <line num="7" count="0" type="cond" truecount="0" falsecount="2"/>
          <line num="8" count="0" type="stmt"/>
          <line num="9" count="0" type="cond" truecount="0" falsecount="2"/>
          <line num="10" count="0" type="stmt"/>
          <line num="13" count="0" type="stmt"/>
          <line num="16" count="1" type="stmt"/>
          <line num="20" count="1" type="stmt"/>
          <line num="26" count="1" type="stmt"/>
          <line num="31" count="1" type="cond" truecount="1" falsecount="1"/>
        </file>
      </package>
      <package name="src.client.js.effects">
        <metrics statements="16" coveredstatements="16" conditionals="4" coveredconditionals="2" methods="11" coveredmethods="5"/>
        <file name="authentication.js" path="C:\MAIN\Other\FrontCamp\BlogsApp\src\client\js\effects\authentication.js">
          <metrics statements="5" coveredstatements="5" conditionals="2" coveredconditionals="1" methods="4" coveredmethods="1"/>
          <line num="1" count="1" type="stmt"/>
          <line num="3" count="1" type="stmt"/>
          <line num="21" count="1" type="stmt"/>
          <line num="36" count="1" type="stmt"/>
          <line num="49" count="1" type="cond" truecount="1" falsecount="1"/>
        </file>
        <file name="blogs.js" path="C:\MAIN\Other\FrontCamp\BlogsApp\src\client\js\effects\blogs.js">
          <metrics statements="11" coveredstatements="11" conditionals="2" coveredconditionals="1" methods="7" coveredmethods="4"/>
          <line num="1" count="2" type="stmt"/>
          <line num="3" count="2" type="stmt"/>
          <line num="10" count="2" type="stmt"/>
          <line num="37" count="2" type="stmt"/>
          <line num="44" count="2" type="stmt"/>
          <line num="45" count="3" type="stmt"/>
          <line num="46" count="3" type="stmt"/>
          <line num="47" count="7" type="stmt"/>
          <line num="58" count="3" type="stmt"/>
          <line num="59" count="5" type="stmt"/>
          <line num="61" count="2" type="cond" truecount="1" falsecount="1"/>
        </file>
      </package>
      <package name="src.client.js.reducers">
        <metrics statements="31" coveredstatements="28" conditionals="34" coveredconditionals="22" methods="9" coveredmethods="7"/>
        <file name="authentication.js" path="C:\MAIN\Other\FrontCamp\BlogsApp\src\client\js\reducers\authentication.js">
          <metrics statements="11" coveredstatements="10" conditionals="14" coveredconditionals="9" methods="3" coveredmethods="2"/>
          <line num="1" count="1" type="cond" truecount="1" falsecount="3"/>
          <line num="6" count="1" type="stmt"/>
          <line num="7" count="7" type="cond" truecount="6" falsecount="1"/>
          <line num="9" count="1" type="stmt"/>
          <line num="17" count="1" type="stmt"/>
          <line num="22" count="1" type="stmt"/>
          <line num="29" count="2" type="cond" truecount="1" falsecount="0"/>
          <line num="35" count="1" type="stmt"/>
          <line num="43" count="0" type="stmt"/>
          <line num="45" count="1" type="stmt"/>
          <line num="49" count="1" type="cond" truecount="1" falsecount="1"/>
        </file>
        <file name="blogs.js" path="C:\MAIN\Other\FrontCamp\BlogsApp\src\client\js\reducers\blogs.js">
          <metrics statements="13" coveredstatements="11" conditionals="11" coveredconditionals="8" methods="3" coveredmethods="3"/>
          <line num="1" count="1" type="stmt"/>
          <line num="6" count="1" type="stmt"/>
          <line num="7" count="7" type="cond" truecount="7" falsecount="2"/>
          <line num="9" count="1" type="stmt"/>
          <line num="17" count="1" type="stmt"/>
          <line num="19" count="0" type="stmt"/>
          <line num="21" count="1" type="stmt"/>
          <line num="29" count="1" type="stmt"/>
          <line num="37" count="1" type="stmt"/>
          <line num="45" count="1" type="stmt"/>
          <line num="47" count="0" type="stmt"/>
          <line num="49" count="1" type="stmt"/>
          <line num="53" count="1" type="cond" truecount="1" falsecount="1"/>
        </file>
        <file name="search.js" path="C:\MAIN\Other\FrontCamp\BlogsApp\src\client\js\reducers\search.js">
          <metrics statements="7" coveredstatements="7" conditionals="9" coveredconditionals="5" methods="3" coveredmethods="2"/>
          <line num="1" count="1" type="cond" truecount="1" falsecount="3"/>
          <line num="3" count="1" type="stmt"/>
          <line num="4" count="3" type="cond" truecount="3" falsecount="0"/>
          <line num="6" count="1" type="stmt"/>
          <line num="11" count="1" type="stmt"/>
          <line num="16" count="1" type="stmt"/>
          <line num="20" count="1" type="cond" truecount="1" falsecount="1"/>
        </file>
      </package>
    </metrics>
  </project>
</coverage>
