{"C:\\MAIN\\Other\\FrontCamp\\BlogsApp\\jest-config\\jestconfig.js": {"path":"C:\\MAIN\\Other\\FrontCamp\\BlogsApp\\jest-config\\jestconfig.js","statementMap":{"0":{"start":{"line":2,"column":223},"end":{"line":2,"column":277}},"1":{"start":{"line":8,"column":0},"end":{"line":8,"column":59}},"2":{"start":{"line":9,"column":0},"end":{"line":9,"column":57}},"3":{"start":{"line":10,"column":0},"end":{"line":10,"column":55}},"4":{"start":{"line":10,"column":95},"end":{"line":10,"column":169}},"5":{"start":{"line":10,"column":108},"end":{"line":10,"column":166}},"6":{"start":{"line":10,"column":158},"end":{"line":10,"column":165}}},"fnMap":{"0":{"name":"_interopRequireDefault","decl":{"start":{"line":2,"column":194},"end":{"line":2,"column":216}},"loc":{"start":{"line":2,"column":222},"end":{"line":2,"column":278}},"line":2},"1":{"name":"(anonymous_1)","decl":{"start":{"line":10,"column":95},"end":{"line":10,"column":96}},"loc":{"start":{"line":10,"column":107},"end":{"line":10,"column":167}},"line":10}},"branchMap":{"0":{"loc":{"start":{"line":2,"column":230},"end":{"line":2,"column":276}},"type":"cond-expr","locations":[{"start":{"line":2,"column":254},"end":{"line":2,"column":257}},{"start":{"line":2,"column":260},"end":{"line":2,"column":276}}],"line":2},"1":{"loc":{"start":{"line":2,"column":230},"end":{"line":2,"column":251}},"type":"binary-expr","locations":[{"start":{"line":2,"column":230},"end":{"line":2,"column":233}},{"start":{"line":2,"column":237},"end":{"line":2,"column":251}}],"line":2},"2":{"loc":{"start":{"line":10,"column":108},"end":{"line":10,"column":166}},"type":"if","locations":[{"start":{"line":10,"column":108},"end":{"line":10,"column":166}},{"start":{"line":10,"column":108},"end":{"line":10,"column":166}}],"line":10}},"s":{"0":30,"1":15,"2":15,"3":15,"4":15,"5":15,"6":15},"f":{"0":30,"1":15},"b":{"0":[0,30],"1":[30,30],"2":[15,0]},"_coverageSchema":"332fd63041d2c1bcb487cc26dd0d5f7d97098a6c","hash":"1c57596f95e476e48a0a9542a3c17be794b43da6"}
,"C:\\MAIN\\Other\\FrontCamp\\BlogsApp\\src\\client\\js\\config.js": {"path":"C:\\MAIN\\Other\\FrontCamp\\BlogsApp\\src\\client\\js\\config.js","statementMap":{"0":{"start":{"line":1,"column":39},"end":{"line":1,"column":101}},"1":{"start":{"line":1,"column":144},"end":{"line":1,"column":188}},"2":{"start":{"line":5,"column":44},"end":{"line":21,"column":39}},"3":{"start":{"line":24,"column":46},"end":{"line":24,"column":80}},"4":{"start":{"line":25,"column":51},"end":{"line":25,"column":95}},"5":{"start":{"line":26,"column":55},"end":{"line":26,"column":90}},"6":{"start":{"line":26,"column":131},"end":{"line":26,"column":833}},"7":{"start":{"line":26,"column":144},"end":{"line":26,"column":202}},"8":{"start":{"line":26,"column":194},"end":{"line":26,"column":201}},"9":{"start":{"line":26,"column":202},"end":{"line":26,"column":318}},"10":{"start":{"line":26,"column":318},"end":{"line":26,"column":436}},"11":{"start":{"line":26,"column":436},"end":{"line":26,"column":558}},"12":{"start":{"line":26,"column":558},"end":{"line":26,"column":690}},"13":{"start":{"line":26,"column":690},"end":{"line":26,"column":830}}},"fnMap":{"0":{"name":"(anonymous_0)","decl":{"start":{"line":26,"column":131},"end":{"line":26,"column":132}},"loc":{"start":{"line":26,"column":143},"end":{"line":26,"column":831}},"line":26}},"branchMap":{"0":{"loc":{"start":{"line":26,"column":144},"end":{"line":26,"column":202}},"type":"if","locations":[{"start":{"line":26,"column":144},"end":{"line":26,"column":202}},{"start":{"line":26,"column":144},"end":{"line":26,"column":202}}],"line":26}},"s":{"0":6,"1":6,"2":6,"3":6,"4":6,"5":6,"6":6,"7":6,"8":6,"9":0,"10":0,"11":0,"12":0,"13":0},"f":{"0":6},"b":{"0":[6,0]},"_coverageSchema":"332fd63041d2c1bcb487cc26dd0d5f7d97098a6c","hash":"f3a91f77f5fff1b5150116d0325aa03e81fe7dc8"}
,"C:\\MAIN\\Other\\FrontCamp\\BlogsApp\\src\\client\\js\\actions\\index.js": {"path":"C:\\MAIN\\Other\\FrontCamp\\BlogsApp\\src\\client\\js\\actions\\index.js","statementMap":{"0":{"start":{"line":1,"column":39},"end":{"line":1,"column":101}},"1":{"start":{"line":1,"column":101},"end":{"line":1,"column":476}},"2":{"start":{"line":3,"column":45},"end":{"line":8,"column":1}},"3":{"start":{"line":4,"column":1},"end":{"line":6,"column":23}},"4":{"start":{"line":10,"column":38},"end":{"line":15,"column":1}},"5":{"start":{"line":11,"column":1},"end":{"line":13,"column":15}},"6":{"start":{"line":17,"column":46},"end":{"line":21,"column":1}},"7":{"start":{"line":18,"column":1},"end":{"line":19,"column":71}},"8":{"start":{"line":23,"column":39},"end":{"line":28,"column":1}},"9":{"start":{"line":24,"column":1},"end":{"line":26,"column":25}},"10":{"start":{"line":30,"column":48},"end":{"line":35,"column":1}},"11":{"start":{"line":31,"column":1},"end":{"line":33,"column":21}},"12":{"start":{"line":37,"column":41},"end":{"line":42,"column":1}},"13":{"start":{"line":38,"column":1},"end":{"line":40,"column":25}},"14":{"start":{"line":44,"column":42},"end":{"line":48,"column":1}},"15":{"start":{"line":45,"column":1},"end":{"line":46,"column":68}},"16":{"start":{"line":50,"column":52},"end":{"line":55,"column":1}},"17":{"start":{"line":51,"column":1},"end":{"line":53,"column":22}},"18":{"start":{"line":57,"column":46},"end":{"line":61,"column":1}},"19":{"start":{"line":58,"column":1},"end":{"line":59,"column":75}},"20":{"start":{"line":63,"column":47},"end":{"line":68,"column":1}},"21":{"start":{"line":64,"column":1},"end":{"line":66,"column":15}},"22":{"start":{"line":70,"column":40},"end":{"line":76,"column":1}},"23":{"start":{"line":71,"column":1},"end":{"line":74,"column":20}},"24":{"start":{"line":78,"column":50},"end":{"line":83,"column":1}},"25":{"start":{"line":79,"column":1},"end":{"line":81,"column":11}},"26":{"start":{"line":85,"column":43},"end":{"line":90,"column":1}},"27":{"start":{"line":86,"column":1},"end":{"line":88,"column":11}},"28":{"start":{"line":92,"column":46},"end":{"line":96,"column":1}},"29":{"start":{"line":93,"column":1},"end":{"line":94,"column":71}},"30":{"start":{"line":98,"column":47},"end":{"line":103,"column":1}},"31":{"start":{"line":99,"column":1},"end":{"line":101,"column":17}},"32":{"start":{"line":105,"column":47},"end":{"line":110,"column":1}},"33":{"start":{"line":106,"column":1},"end":{"line":108,"column":17}},"34":{"start":{"line":110,"column":42},"end":{"line":110,"column":2142}},"35":{"start":{"line":110,"column":55},"end":{"line":110,"column":113}},"36":{"start":{"line":110,"column":105},"end":{"line":110,"column":112}},"37":{"start":{"line":110,"column":113},"end":{"line":110,"column":240}},"38":{"start":{"line":110,"column":240},"end":{"line":110,"column":353}},"39":{"start":{"line":110,"column":353},"end":{"line":110,"column":482}},"40":{"start":{"line":110,"column":482},"end":{"line":110,"column":597}},"41":{"start":{"line":110,"column":597},"end":{"line":110,"column":730}},"42":{"start":{"line":110,"column":730},"end":{"line":110,"column":849}},"43":{"start":{"line":110,"column":849},"end":{"line":110,"column":970}},"44":{"start":{"line":110,"column":970},"end":{"line":110,"column":1111}},"45":{"start":{"line":110,"column":1111},"end":{"line":110,"column":1240}},"46":{"start":{"line":110,"column":1240},"end":{"line":110,"column":1371}},"47":{"start":{"line":110,"column":1371},"end":{"line":110,"column":1488}},"48":{"start":{"line":110,"column":1488},"end":{"line":110,"column":1625}},"49":{"start":{"line":110,"column":1625},"end":{"line":110,"column":1748}},"50":{"start":{"line":110,"column":1748},"end":{"line":110,"column":1877}},"51":{"start":{"line":110,"column":1877},"end":{"line":110,"column":2008}},"52":{"start":{"line":110,"column":2008},"end":{"line":110,"column":2139}}},"fnMap":{"0":{"name":"requestLogin","decl":{"start":{"line":3,"column":77},"end":{"line":3,"column":89}},"loc":{"start":{"line":3,"column":100},"end":{"line":8,"column":1}},"line":3},"1":{"name":"login","decl":{"start":{"line":10,"column":63},"end":{"line":10,"column":68}},"loc":{"start":{"line":10,"column":75},"end":{"line":15,"column":1}},"line":10},"2":{"name":"requestLogout","decl":{"start":{"line":17,"column":79},"end":{"line":17,"column":92}},"loc":{"start":{"line":17,"column":95},"end":{"line":21,"column":1}},"line":17},"3":{"name":"logout","decl":{"start":{"line":23,"column":65},"end":{"line":23,"column":71}},"loc":{"start":{"line":23,"column":83},"end":{"line":28,"column":1}},"line":23},"4":{"name":"requestRegister","decl":{"start":{"line":30,"column":83},"end":{"line":30,"column":98}},"loc":{"start":{"line":30,"column":108},"end":{"line":35,"column":1}},"line":30},"5":{"name":"register","decl":{"start":{"line":37,"column":69},"end":{"line":37,"column":77}},"loc":{"start":{"line":37,"column":89},"end":{"line":42,"column":1}},"line":37},"6":{"name":"initBlogs","decl":{"start":{"line":44,"column":71},"end":{"line":44,"column":80}},"loc":{"start":{"line":44,"column":83},"end":{"line":48,"column":1}},"line":44},"7":{"name":"blogsInitSuccessful","decl":{"start":{"line":50,"column":91},"end":{"line":50,"column":110}},"loc":{"start":{"line":50,"column":117},"end":{"line":55,"column":1}},"line":50},"8":{"name":"blogsInitFail","decl":{"start":{"line":57,"column":79},"end":{"line":57,"column":92}},"loc":{"start":{"line":57,"column":95},"end":{"line":61,"column":1}},"line":57},"9":{"name":"requestAddBlog","decl":{"start":{"line":63,"column":81},"end":{"line":63,"column":95}},"loc":{"start":{"line":63,"column":102},"end":{"line":68,"column":1}},"line":63},"10":{"name":"addBlog","decl":{"start":{"line":70,"column":67},"end":{"line":70,"column":74}},"loc":{"start":{"line":70,"column":81},"end":{"line":76,"column":1}},"line":70},"11":{"name":"requestDeleteBlog","decl":{"start":{"line":78,"column":87},"end":{"line":78,"column":104}},"loc":{"start":{"line":78,"column":109},"end":{"line":83,"column":1}},"line":78},"12":{"name":"deleteBlog","decl":{"start":{"line":85,"column":73},"end":{"line":85,"column":83}},"loc":{"start":{"line":85,"column":88},"end":{"line":90,"column":1}},"line":85},"13":{"name":"failedRequest","decl":{"start":{"line":92,"column":79},"end":{"line":92,"column":92}},"loc":{"start":{"line":92,"column":95},"end":{"line":96,"column":1}},"line":92},"14":{"name":"setSearchValue","decl":{"start":{"line":98,"column":81},"end":{"line":98,"column":95}},"loc":{"start":{"line":98,"column":103},"end":{"line":103,"column":1}},"line":98},"15":{"name":"setSearchParam","decl":{"start":{"line":105,"column":81},"end":{"line":105,"column":95}},"loc":{"start":{"line":105,"column":103},"end":{"line":110,"column":1}},"line":105},"16":{"name":"(anonymous_16)","decl":{"start":{"line":110,"column":42},"end":{"line":110,"column":43}},"loc":{"start":{"line":110,"column":54},"end":{"line":110,"column":2140}},"line":110}},"branchMap":{"0":{"loc":{"start":{"line":110,"column":55},"end":{"line":110,"column":113}},"type":"if","locations":[{"start":{"line":110,"column":55},"end":{"line":110,"column":113}},{"start":{"line":110,"column":55},"end":{"line":110,"column":113}}],"line":110}},"s":{"0":5,"1":5,"2":5,"3":2,"4":5,"5":1,"6":5,"7":2,"8":5,"9":1,"10":5,"11":2,"12":5,"13":1,"14":5,"15":2,"16":5,"17":1,"18":5,"19":1,"20":5,"21":2,"22":5,"23":1,"24":5,"25":2,"26":5,"27":1,"28":5,"29":1,"30":5,"31":1,"32":5,"33":1,"34":5,"35":5,"36":5,"37":0,"38":0,"39":0,"40":0,"41":0,"42":0,"43":0,"44":0,"45":0,"46":0,"47":0,"48":0,"49":0,"50":0,"51":0,"52":0},"f":{"0":2,"1":1,"2":2,"3":1,"4":2,"5":1,"6":2,"7":1,"8":1,"9":2,"10":1,"11":2,"12":1,"13":1,"14":1,"15":1,"16":5},"b":{"0":[5,0]},"_coverageSchema":"332fd63041d2c1bcb487cc26dd0d5f7d97098a6c","hash":"2d345003c05e6b92f24bbc7bd1271e4fe8c012eb"}
,"C:\\MAIN\\Other\\FrontCamp\\BlogsApp\\src\\client\\js\\components\\Portal.jsx": {"path":"C:\\MAIN\\Other\\FrontCamp\\BlogsApp\\src\\client\\js\\components\\Portal.jsx","statementMap":{"0":{"start":{"line":1,"column":39},"end":{"line":1,"column":101}},"1":{"start":{"line":1,"column":120},"end":{"line":1,"column":649}},"2":{"start":{"line":1,"column":175},"end":{"line":1,"column":440}},"3":{"start":{"line":1,"column":232},"end":{"line":1,"column":240}},"4":{"start":{"line":1,"column":241},"end":{"line":1,"column":296}},"5":{"start":{"line":1,"column":296},"end":{"line":1,"column":327}},"6":{"start":{"line":1,"column":327},"end":{"line":1,"column":381}},"7":{"start":{"line":1,"column":354},"end":{"line":1,"column":381}},"8":{"start":{"line":1,"column":381},"end":{"line":1,"column":439}},"9":{"start":{"line":1,"column":441},"end":{"line":1,"column":646}},"10":{"start":{"line":1,"column":497},"end":{"line":1,"column":565}},"11":{"start":{"line":1,"column":513},"end":{"line":1,"column":565}},"12":{"start":{"line":1,"column":565},"end":{"line":1,"column":625}},"13":{"start":{"line":1,"column":582},"end":{"line":1,"column":625}},"14":{"start":{"line":1,"column":625},"end":{"line":1,"column":644}},"15":{"start":{"line":2,"column":179},"end":{"line":2,"column":233}},"16":{"start":{"line":2,"column":283},"end":{"line":2,"column":382}},"17":{"start":{"line":2,"column":324},"end":{"line":2,"column":381}},"18":{"start":{"line":2,"column":432},"end":{"line":2,"column":531}},"19":{"start":{"line":2,"column":444},"end":{"line":2,"column":530}},"20":{"start":{"line":2,"column":531},"end":{"line":2,"column":617}},"21":{"start":{"line":2,"column":660},"end":{"line":2,"column":823}},"22":{"start":{"line":2,"column":722},"end":{"line":2,"column":822}},"23":{"start":{"line":2,"column":823},"end":{"line":2,"column":987}},"24":{"start":{"line":2,"column":987},"end":{"line":2,"column":1105}},"25":{"start":{"line":2,"column":1003},"end":{"line":2,"column":1105}},"26":{"start":{"line":4,"column":9},"end":{"line":25,"column":77}},"27":{"start":{"line":4,"column":38},"end":{"line":4,"column":74}},"28":{"start":{"line":5,"column":119},"end":{"line":6,"column":9}},"29":{"start":{"line":10,"column":2},"end":{"line":25,"column":8}},"30":{"start":{"line":13,"column":3},"end":{"line":13,"column":49}},"31":{"start":{"line":17,"column":3},"end":{"line":17,"column":49}},"32":{"start":{"line":21,"column":3},"end":{"line":24,"column":21}},"33":{"start":{"line":25,"column":8},"end":{"line":25,"column":22}},"34":{"start":{"line":28,"column":74},"end":{"line":28,"column":391}},"35":{"start":{"line":28,"column":87},"end":{"line":28,"column":145}},"36":{"start":{"line":28,"column":137},"end":{"line":28,"column":144}},"37":{"start":{"line":28,"column":145},"end":{"line":28,"column":265}},"38":{"start":{"line":28,"column":265},"end":{"line":28,"column":388}}},"fnMap":{"0":{"name":"(anonymous_0)","decl":{"start":{"line":1,"column":120},"end":{"line":1,"column":121}},"loc":{"start":{"line":1,"column":132},"end":{"line":1,"column":647}},"line":1},"1":{"name":"defineProperties","decl":{"start":{"line":1,"column":142},"end":{"line":1,"column":158}},"loc":{"start":{"line":1,"column":174},"end":{"line":1,"column":441}},"line":1},"2":{"name":"(anonymous_2)","decl":{"start":{"line":1,"column":448},"end":{"line":1,"column":449}},"loc":{"start":{"line":1,"column":496},"end":{"line":1,"column":645}},"line":1},"3":{"name":"_interopRequireDefault","decl":{"start":{"line":2,"column":150},"end":{"line":2,"column":172}},"loc":{"start":{"line":2,"column":178},"end":{"line":2,"column":234}},"line":2},"4":{"name":"_classCallCheck","decl":{"start":{"line":2,"column":243},"end":{"line":2,"column":258}},"loc":{"start":{"line":2,"column":282},"end":{"line":2,"column":383}},"line":2},"5":{"name":"_possibleConstructorReturn","decl":{"start":{"line":2,"column":392},"end":{"line":2,"column":418}},"loc":{"start":{"line":2,"column":431},"end":{"line":2,"column":618}},"line":2},"6":{"name":"_inherits","decl":{"start":{"line":2,"column":627},"end":{"line":2,"column":636}},"loc":{"start":{"line":2,"column":659},"end":{"line":2,"column":1106}},"line":2},"7":{"name":"(anonymous_7)","decl":{"start":{"line":4,"column":9},"end":{"line":4,"column":10}},"loc":{"start":{"line":4,"column":37},"end":{"line":25,"column":23}},"line":4},"8":{"name":"Portal","decl":{"start":{"line":5,"column":36},"end":{"line":5,"column":42}},"loc":{"start":{"line":5,"column":50},"end":{"line":10,"column":2}},"line":5},"9":{"name":"componentDidMount","decl":{"start":{"line":10,"column":68},"end":{"line":10,"column":85}},"loc":{"start":{"line":12,"column":2},"end":{"line":14,"column":3}},"line":12},"10":{"name":"componentWillUnmount","decl":{"start":{"line":14,"column":54},"end":{"line":14,"column":74}},"loc":{"start":{"line":16,"column":2},"end":{"line":18,"column":3}},"line":16},"11":{"name":"render","decl":{"start":{"line":18,"column":40},"end":{"line":18,"column":46}},"loc":{"start":{"line":20,"column":2},"end":{"line":25,"column":3}},"line":20},"12":{"name":"(anonymous_12)","decl":{"start":{"line":28,"column":74},"end":{"line":28,"column":75}},"loc":{"start":{"line":28,"column":86},"end":{"line":28,"column":389}},"line":28}},"branchMap":{"0":{"loc":{"start":{"line":1,"column":265},"end":{"line":1,"column":295}},"type":"binary-expr","locations":[{"start":{"line":1,"column":265},"end":{"line":1,"column":286}},{"start":{"line":1,"column":290},"end":{"line":1,"column":295}}],"line":1},"1":{"loc":{"start":{"line":1,"column":327},"end":{"line":1,"column":381}},"type":"if","locations":[{"start":{"line":1,"column":327},"end":{"line":1,"column":381}},{"start":{"line":1,"column":327},"end":{"line":1,"column":381}}],"line":1},"2":{"loc":{"start":{"line":1,"column":497},"end":{"line":1,"column":565}},"type":"if","locations":[{"start":{"line":1,"column":497},"end":{"line":1,"column":565}},{"start":{"line":1,"column":497},"end":{"line":1,"column":565}}],"line":1},"3":{"loc":{"start":{"line":1,"column":565},"end":{"line":1,"column":625}},"type":"if","locations":[{"start":{"line":1,"column":565},"end":{"line":1,"column":625}},{"start":{"line":1,"column":565},"end":{"line":1,"column":625}}],"line":1},"4":{"loc":{"start":{"line":2,"column":186},"end":{"line":2,"column":232}},"type":"cond-expr","locations":[{"start":{"line":2,"column":210},"end":{"line":2,"column":213}},{"start":{"line":2,"column":216},"end":{"line":2,"column":232}}],"line":2},"5":{"loc":{"start":{"line":2,"column":186},"end":{"line":2,"column":207}},"type":"binary-expr","locations":[{"start":{"line":2,"column":186},"end":{"line":2,"column":189}},{"start":{"line":2,"column":193},"end":{"line":2,"column":207}}],"line":2},"6":{"loc":{"start":{"line":2,"column":283},"end":{"line":2,"column":382}},"type":"if","locations":[{"start":{"line":2,"column":283},"end":{"line":2,"column":382}},{"start":{"line":2,"column":283},"end":{"line":2,"column":382}}],"line":2},"7":{"loc":{"start":{"line":2,"column":432},"end":{"line":2,"column":531}},"type":"if","locations":[{"start":{"line":2,"column":432},"end":{"line":2,"column":531}},{"start":{"line":2,"column":432},"end":{"line":2,"column":531}}],"line":2},"8":{"loc":{"start":{"line":2,"column":538},"end":{"line":2,"column":616}},"type":"cond-expr","locations":[{"start":{"line":2,"column":605},"end":{"line":2,"column":609}},{"start":{"line":2,"column":612},"end":{"line":2,"column":616}}],"line":2},"9":{"loc":{"start":{"line":2,"column":538},"end":{"line":2,"column":602}},"type":"binary-expr","locations":[{"start":{"line":2,"column":538},"end":{"line":2,"column":542}},{"start":{"line":2,"column":547},"end":{"line":2,"column":571}},{"start":{"line":2,"column":575},"end":{"line":2,"column":601}}],"line":2},"10":{"loc":{"start":{"line":2,"column":660},"end":{"line":2,"column":823}},"type":"if","locations":[{"start":{"line":2,"column":660},"end":{"line":2,"column":823}},{"start":{"line":2,"column":660},"end":{"line":2,"column":823}}],"line":2},"11":{"loc":{"start":{"line":2,"column":664},"end":{"line":2,"column":719}},"type":"binary-expr","locations":[{"start":{"line":2,"column":664},"end":{"line":2,"column":696}},{"start":{"line":2,"column":700},"end":{"line":2,"column":719}}],"line":2},"12":{"loc":{"start":{"line":2,"column":858},"end":{"line":2,"column":892}},"type":"binary-expr","locations":[{"start":{"line":2,"column":858},"end":{"line":2,"column":868}},{"start":{"line":2,"column":872},"end":{"line":2,"column":892}}],"line":2},"13":{"loc":{"start":{"line":2,"column":987},"end":{"line":2,"column":1105}},"type":"if","locations":[{"start":{"line":2,"column":987},"end":{"line":2,"column":1105}},{"start":{"line":2,"column":987},"end":{"line":2,"column":1105}}],"line":2},"14":{"loc":{"start":{"line":2,"column":1003},"end":{"line":2,"column":1104}},"type":"cond-expr","locations":[{"start":{"line":2,"column":1027},"end":{"line":2,"column":1070}},{"start":{"line":2,"column":1073},"end":{"line":2,"column":1104}}],"line":2},"15":{"loc":{"start":{"line":5,"column":153},"end":{"line":5,"column":202}},"type":"binary-expr","locations":[{"start":{"line":5,"column":153},"end":{"line":5,"column":169}},{"start":{"line":5,"column":173},"end":{"line":5,"column":202}}],"line":5},"16":{"loc":{"start":{"line":28,"column":87},"end":{"line":28,"column":145}},"type":"if","locations":[{"start":{"line":28,"column":87},"end":{"line":28,"column":145}},{"start":{"line":28,"column":87},"end":{"line":28,"column":145}}],"line":28}},"s":{"0":1,"1":1,"2":1,"3":3,"4":3,"5":3,"6":3,"7":3,"8":3,"9":1,"10":1,"11":1,"12":1,"13":0,"14":1,"15":2,"16":0,"17":0,"18":0,"19":0,"20":0,"21":1,"22":0,"23":1,"24":1,"25":1,"26":1,"27":1,"28":0,"29":1,"30":0,"31":0,"32":0,"33":1,"34":1,"35":1,"36":1,"37":0,"38":0},"f":{"0":1,"1":1,"2":1,"3":2,"4":0,"5":0,"6":1,"7":1,"8":0,"9":0,"10":0,"11":0,"12":1},"b":{"0":[3,3],"1":[3,0],"2":[1,0],"3":[0,1],"4":[0,2],"5":[2,2],"6":[0,0],"7":[0,0],"8":[0,0],"9":[0,0,0],"10":[0,1],"11":[1,0],"12":[1,1],"13":[1,0],"14":[1,0],"15":[0,0],"16":[1,0]},"_coverageSchema":"332fd63041d2c1bcb487cc26dd0d5f7d97098a6c","hash":"c296350f1bfd8f9b1c93cbfad540fd44bbdb3d79"}
,"C:\\MAIN\\Other\\FrontCamp\\BlogsApp\\src\\client\\js\\components\\BlogDetails\\index.jsx": {"path":"C:\\MAIN\\Other\\FrontCamp\\BlogsApp\\src\\client\\js\\components\\BlogDetails\\index.jsx","statementMap":{"0":{"start":{"line":1,"column":39},"end":{"line":1,"column":101}},"1":{"start":{"line":5,"column":18},"end":{"line":25,"column":1}},"2":{"start":{"line":6,"column":1},"end":{"line":23,"column":167}},"3":{"start":{"line":7,"column":1},"end":{"line":19,"column":194}},"4":{"start":{"line":22,"column":1},"end":{"line":23,"column":167}},"5":{"start":{"line":27,"column":79},"end":{"line":27,"column":428}},"6":{"start":{"line":27,"column":92},"end":{"line":27,"column":150}},"7":{"start":{"line":27,"column":142},"end":{"line":27,"column":149}},"8":{"start":{"line":27,"column":150},"end":{"line":27,"column":291}},"9":{"start":{"line":27,"column":291},"end":{"line":27,"column":425}}},"fnMap":{"0":{"name":"BlogDetails","decl":{"start":{"line":5,"column":27},"end":{"line":5,"column":38}},"loc":{"start":{"line":5,"column":72},"end":{"line":25,"column":1}},"line":5},"1":{"name":"(anonymous_1)","decl":{"start":{"line":27,"column":79},"end":{"line":27,"column":80}},"loc":{"start":{"line":27,"column":91},"end":{"line":27,"column":426}},"line":27}},"branchMap":{"0":{"loc":{"start":{"line":6,"column":1},"end":{"line":23,"column":167}},"type":"if","locations":[{"start":{"line":6,"column":1},"end":{"line":23,"column":167}},{"start":{"line":6,"column":1},"end":{"line":23,"column":167}}],"line":6},"1":{"loc":{"start":{"line":27,"column":92},"end":{"line":27,"column":150}},"type":"if","locations":[{"start":{"line":27,"column":92},"end":{"line":27,"column":150}},{"start":{"line":27,"column":92},"end":{"line":27,"column":150}}],"line":27}},"s":{"0":1,"1":1,"2":2,"3":1,"4":1,"5":1,"6":1,"7":1,"8":0,"9":0},"f":{"0":2,"1":1},"b":{"0":[1,1],"1":[1,0]},"_coverageSchema":"332fd63041d2c1bcb487cc26dd0d5f7d97098a6c","hash":"77a9915b177e3fe0ff2df39431b793e8fe81350c"}
,"C:\\MAIN\\Other\\FrontCamp\\BlogsApp\\src\\client\\js\\components\\BlogDetails\\styles.scss": {"path":"C:\\MAIN\\Other\\FrontCamp\\BlogsApp\\src\\client\\js\\components\\BlogDetails\\styles.scss","statementMap":{},"fnMap":{},"branchMap":{},"s":{},"f":{},"b":{},"_coverageSchema":"332fd63041d2c1bcb487cc26dd0d5f7d97098a6c","hash":"310acb1bbb6b8090df521144154a16a0ff67404e"}
,"C:\\MAIN\\Other\\FrontCamp\\BlogsApp\\src\\client\\js\\components\\BlogsApp\\index.jsx": {"path":"C:\\MAIN\\Other\\FrontCamp\\BlogsApp\\src\\client\\js\\components\\BlogsApp\\index.jsx","statementMap":{"0":{"start":{"line":1,"column":39},"end":{"line":1,"column":101}},"1":{"start":{"line":10,"column":15},"end":{"line":17,"column":228}},"2":{"start":{"line":21,"column":76},"end":{"line":21,"column":413}},"3":{"start":{"line":21,"column":89},"end":{"line":21,"column":147}},"4":{"start":{"line":21,"column":139},"end":{"line":21,"column":146}},"5":{"start":{"line":21,"column":147},"end":{"line":21,"column":279}},"6":{"start":{"line":21,"column":279},"end":{"line":21,"column":410}}},"fnMap":{"0":{"name":"BlogsApp","decl":{"start":{"line":10,"column":24},"end":{"line":10,"column":32}},"loc":{"start":{"line":10,"column":61},"end":{"line":17,"column":228}},"line":10},"1":{"name":"(anonymous_1)","decl":{"start":{"line":21,"column":76},"end":{"line":21,"column":77}},"loc":{"start":{"line":21,"column":88},"end":{"line":21,"column":411}},"line":21}},"branchMap":{"0":{"loc":{"start":{"line":21,"column":89},"end":{"line":21,"column":147}},"type":"if","locations":[{"start":{"line":21,"column":89},"end":{"line":21,"column":147}},{"start":{"line":21,"column":89},"end":{"line":21,"column":147}}],"line":21}},"s":{"0":1,"1":1,"2":1,"3":1,"4":1,"5":0,"6":0},"f":{"0":1,"1":1},"b":{"0":[1,0]},"_coverageSchema":"332fd63041d2c1bcb487cc26dd0d5f7d97098a6c","hash":"1c7205edb09043affb5f99b600b9beb25be45693"}
,"C:\\MAIN\\Other\\FrontCamp\\BlogsApp\\src\\client\\js\\components\\BlogsApp\\styles.scss": {"path":"C:\\MAIN\\Other\\FrontCamp\\BlogsApp\\src\\client\\js\\components\\BlogsApp\\styles.scss","statementMap":{},"fnMap":{},"branchMap":{},"s":{},"f":{},"b":{},"_coverageSchema":"332fd63041d2c1bcb487cc26dd0d5f7d97098a6c","hash":"f9ef1cd689b2e0232c286ce4eea00011e335ee26"}
,"C:\\MAIN\\Other\\FrontCamp\\BlogsApp\\src\\client\\js\\components\\BlogsApp\\AddBlogButton\\index.jsx": {"path":"C:\\MAIN\\Other\\FrontCamp\\BlogsApp\\src\\client\\js\\components\\BlogsApp\\AddBlogButton\\index.jsx","statementMap":{"0":{"start":{"line":1,"column":39},"end":{"line":1,"column":101}},"1":{"start":{"line":5,"column":17},"end":{"line":6,"column":221}},"2":{"start":{"line":9,"column":78},"end":{"line":9,"column":447}},"3":{"start":{"line":9,"column":91},"end":{"line":9,"column":149}},"4":{"start":{"line":9,"column":141},"end":{"line":9,"column":148}},"5":{"start":{"line":9,"column":149},"end":{"line":9,"column":299}},"6":{"start":{"line":9,"column":299},"end":{"line":9,"column":444}}},"fnMap":{"0":{"name":"AddBlogBtn","decl":{"start":{"line":5,"column":26},"end":{"line":5,"column":36}},"loc":{"start":{"line":5,"column":65},"end":{"line":6,"column":221}},"line":5},"1":{"name":"(anonymous_1)","decl":{"start":{"line":9,"column":78},"end":{"line":9,"column":79}},"loc":{"start":{"line":9,"column":90},"end":{"line":9,"column":445}},"line":9}},"branchMap":{"0":{"loc":{"start":{"line":9,"column":91},"end":{"line":9,"column":149}},"type":"if","locations":[{"start":{"line":9,"column":91},"end":{"line":9,"column":149}},{"start":{"line":9,"column":91},"end":{"line":9,"column":149}}],"line":9}},"s":{"0":2,"1":2,"2":2,"3":2,"4":2,"5":0,"6":0},"f":{"0":1,"1":2},"b":{"0":[2,0]},"_coverageSchema":"332fd63041d2c1bcb487cc26dd0d5f7d97098a6c","hash":"d7c58cff27ac05695854c69275a84e4652965f86"}
,"C:\\MAIN\\Other\\FrontCamp\\BlogsApp\\src\\client\\js\\components\\BlogsApp\\AddBlogButton\\styles.scss": {"path":"C:\\MAIN\\Other\\FrontCamp\\BlogsApp\\src\\client\\js\\components\\BlogsApp\\AddBlogButton\\styles.scss","statementMap":{},"fnMap":{},"branchMap":{},"s":{},"f":{},"b":{},"_coverageSchema":"332fd63041d2c1bcb487cc26dd0d5f7d97098a6c","hash":"3dbca112fa002ed1b805090aeea524ca22353b88"}
,"C:\\MAIN\\Other\\FrontCamp\\BlogsApp\\src\\client\\js\\components\\BlogsApp\\Blog\\index.jsx": {"path":"C:\\MAIN\\Other\\FrontCamp\\BlogsApp\\src\\client\\js\\components\\BlogsApp\\Blog\\index.jsx","statementMap":{"0":{"start":{"line":1,"column":39},"end":{"line":1,"column":101}},"1":{"start":{"line":5,"column":11},"end":{"line":16,"column":264}},"2":{"start":{"line":20,"column":72},"end":{"line":20,"column":411}},"3":{"start":{"line":20,"column":85},"end":{"line":20,"column":143}},"4":{"start":{"line":20,"column":135},"end":{"line":20,"column":142}},"5":{"start":{"line":20,"column":143},"end":{"line":20,"column":272}},"6":{"start":{"line":20,"column":272},"end":{"line":20,"column":408}}},"fnMap":{"0":{"name":"Blog","decl":{"start":{"line":5,"column":20},"end":{"line":5,"column":24}},"loc":{"start":{"line":5,"column":84},"end":{"line":16,"column":264}},"line":5},"1":{"name":"(anonymous_1)","decl":{"start":{"line":20,"column":72},"end":{"line":20,"column":73}},"loc":{"start":{"line":20,"column":84},"end":{"line":20,"column":409}},"line":20}},"branchMap":{"0":{"loc":{"start":{"line":20,"column":85},"end":{"line":20,"column":143}},"type":"if","locations":[{"start":{"line":20,"column":85},"end":{"line":20,"column":143}},{"start":{"line":20,"column":85},"end":{"line":20,"column":143}}],"line":20}},"s":{"0":3,"1":3,"2":3,"3":3,"4":3,"5":0,"6":0},"f":{"0":1,"1":3},"b":{"0":[3,0]},"_coverageSchema":"332fd63041d2c1bcb487cc26dd0d5f7d97098a6c","hash":"5180b4bdd4fa9dd067ba37f4970dbfa4fd11791c"}
,"C:\\MAIN\\Other\\FrontCamp\\BlogsApp\\src\\client\\js\\components\\BlogsApp\\Blog\\styles.scss": {"path":"C:\\MAIN\\Other\\FrontCamp\\BlogsApp\\src\\client\\js\\components\\BlogsApp\\Blog\\styles.scss","statementMap":{},"fnMap":{},"branchMap":{},"s":{},"f":{},"b":{},"_coverageSchema":"332fd63041d2c1bcb487cc26dd0d5f7d97098a6c","hash":"66eb3a75c4f0d4a1ad69f157650051f8a14c826a"}
,"C:\\MAIN\\Other\\FrontCamp\\BlogsApp\\src\\client\\js\\components\\BlogsApp\\BlogsList\\index.jsx": {"path":"C:\\MAIN\\Other\\FrontCamp\\BlogsApp\\src\\client\\js\\components\\BlogsApp\\BlogsList\\index.jsx","statementMap":{"0":{"start":{"line":1,"column":39},"end":{"line":1,"column":101}},"1":{"start":{"line":1,"column":120},"end":{"line":1,"column":649}},"2":{"start":{"line":1,"column":175},"end":{"line":1,"column":440}},"3":{"start":{"line":1,"column":232},"end":{"line":1,"column":240}},"4":{"start":{"line":1,"column":241},"end":{"line":1,"column":296}},"5":{"start":{"line":1,"column":296},"end":{"line":1,"column":327}},"6":{"start":{"line":1,"column":327},"end":{"line":1,"column":381}},"7":{"start":{"line":1,"column":354},"end":{"line":1,"column":381}},"8":{"start":{"line":1,"column":381},"end":{"line":1,"column":439}},"9":{"start":{"line":1,"column":441},"end":{"line":1,"column":646}},"10":{"start":{"line":1,"column":497},"end":{"line":1,"column":565}},"11":{"start":{"line":1,"column":513},"end":{"line":1,"column":565}},"12":{"start":{"line":1,"column":565},"end":{"line":1,"column":625}},"13":{"start":{"line":1,"column":582},"end":{"line":1,"column":625}},"14":{"start":{"line":1,"column":625},"end":{"line":1,"column":644}},"15":{"start":{"line":3,"column":220},"end":{"line":3,"column":319}},"16":{"start":{"line":3,"column":261},"end":{"line":3,"column":318}},"17":{"start":{"line":3,"column":369},"end":{"line":3,"column":468}},"18":{"start":{"line":3,"column":381},"end":{"line":3,"column":467}},"19":{"start":{"line":3,"column":468},"end":{"line":3,"column":554}},"20":{"start":{"line":3,"column":597},"end":{"line":3,"column":760}},"21":{"start":{"line":3,"column":659},"end":{"line":3,"column":759}},"22":{"start":{"line":3,"column":760},"end":{"line":3,"column":924}},"23":{"start":{"line":3,"column":924},"end":{"line":3,"column":1042}},"24":{"start":{"line":3,"column":940},"end":{"line":3,"column":1042}},"25":{"start":{"line":6,"column":12},"end":{"line":23,"column":80}},"26":{"start":{"line":6,"column":41},"end":{"line":6,"column":80}},"27":{"start":{"line":7,"column":113},"end":{"line":8,"column":10}},"28":{"start":{"line":9,"column":2},"end":{"line":23,"column":8}},"29":{"start":{"line":12,"column":3},"end":{"line":12,"column":26}},"30":{"start":{"line":16,"column":3},"end":{"line":19,"column":249}},"31":{"start":{"line":23,"column":8},"end":{"line":23,"column":25}},"32":{"start":{"line":26,"column":77},"end":{"line":26,"column":436}},"33":{"start":{"line":26,"column":90},"end":{"line":26,"column":148}},"34":{"start":{"line":26,"column":140},"end":{"line":26,"column":147}},"35":{"start":{"line":26,"column":148},"end":{"line":26,"column":292}},"36":{"start":{"line":26,"column":292},"end":{"line":26,"column":433}}},"fnMap":{"0":{"name":"(anonymous_0)","decl":{"start":{"line":1,"column":120},"end":{"line":1,"column":121}},"loc":{"start":{"line":1,"column":132},"end":{"line":1,"column":647}},"line":1},"1":{"name":"defineProperties","decl":{"start":{"line":1,"column":142},"end":{"line":1,"column":158}},"loc":{"start":{"line":1,"column":174},"end":{"line":1,"column":441}},"line":1},"2":{"name":"(anonymous_2)","decl":{"start":{"line":1,"column":448},"end":{"line":1,"column":449}},"loc":{"start":{"line":1,"column":496},"end":{"line":1,"column":645}},"line":1},"3":{"name":"_classCallCheck","decl":{"start":{"line":3,"column":180},"end":{"line":3,"column":195}},"loc":{"start":{"line":3,"column":219},"end":{"line":3,"column":320}},"line":3},"4":{"name":"_possibleConstructorReturn","decl":{"start":{"line":3,"column":329},"end":{"line":3,"column":355}},"loc":{"start":{"line":3,"column":368},"end":{"line":3,"column":555}},"line":3},"5":{"name":"_inherits","decl":{"start":{"line":3,"column":564},"end":{"line":3,"column":573}},"loc":{"start":{"line":3,"column":596},"end":{"line":3,"column":1043}},"line":3},"6":{"name":"(anonymous_6)","decl":{"start":{"line":6,"column":12},"end":{"line":6,"column":13}},"loc":{"start":{"line":6,"column":40},"end":{"line":23,"column":26}},"line":6},"7":{"name":"BlogsList","decl":{"start":{"line":7,"column":36},"end":{"line":7,"column":45}},"loc":{"start":{"line":7,"column":53},"end":{"line":9,"column":2}},"line":7},"8":{"name":"componentDidMount","decl":{"start":{"line":9,"column":71},"end":{"line":9,"column":88}},"loc":{"start":{"line":11,"column":2},"end":{"line":13,"column":3}},"line":11},"9":{"name":"render","decl":{"start":{"line":13,"column":40},"end":{"line":13,"column":46}},"loc":{"start":{"line":15,"column":2},"end":{"line":23,"column":3}},"line":15},"10":{"name":"(anonymous_10)","decl":{"start":{"line":19,"column":26},"end":{"line":19,"column":27}},"loc":{"start":{"line":19,"column":65},"end":{"line":19,"column":245}},"line":19},"11":{"name":"(anonymous_11)","decl":{"start":{"line":26,"column":77},"end":{"line":26,"column":78}},"loc":{"start":{"line":26,"column":89},"end":{"line":26,"column":434}},"line":26}},"branchMap":{"0":{"loc":{"start":{"line":1,"column":265},"end":{"line":1,"column":295}},"type":"binary-expr","locations":[{"start":{"line":1,"column":265},"end":{"line":1,"column":286}},{"start":{"line":1,"column":290},"end":{"line":1,"column":295}}],"line":1},"1":{"loc":{"start":{"line":1,"column":327},"end":{"line":1,"column":381}},"type":"if","locations":[{"start":{"line":1,"column":327},"end":{"line":1,"column":381}},{"start":{"line":1,"column":327},"end":{"line":1,"column":381}}],"line":1},"2":{"loc":{"start":{"line":1,"column":497},"end":{"line":1,"column":565}},"type":"if","locations":[{"start":{"line":1,"column":497},"end":{"line":1,"column":565}},{"start":{"line":1,"column":497},"end":{"line":1,"column":565}}],"line":1},"3":{"loc":{"start":{"line":1,"column":565},"end":{"line":1,"column":625}},"type":"if","locations":[{"start":{"line":1,"column":565},"end":{"line":1,"column":625}},{"start":{"line":1,"column":565},"end":{"line":1,"column":625}}],"line":1},"4":{"loc":{"start":{"line":3,"column":220},"end":{"line":3,"column":319}},"type":"if","locations":[{"start":{"line":3,"column":220},"end":{"line":3,"column":319}},{"start":{"line":3,"column":220},"end":{"line":3,"column":319}}],"line":3},"5":{"loc":{"start":{"line":3,"column":369},"end":{"line":3,"column":468}},"type":"if","locations":[{"start":{"line":3,"column":369},"end":{"line":3,"column":468}},{"start":{"line":3,"column":369},"end":{"line":3,"column":468}}],"line":3},"6":{"loc":{"start":{"line":3,"column":475},"end":{"line":3,"column":553}},"type":"cond-expr","locations":[{"start":{"line":3,"column":542},"end":{"line":3,"column":546}},{"start":{"line":3,"column":549},"end":{"line":3,"column":553}}],"line":3},"7":{"loc":{"start":{"line":3,"column":475},"end":{"line":3,"column":539}},"type":"binary-expr","locations":[{"start":{"line":3,"column":475},"end":{"line":3,"column":479}},{"start":{"line":3,"column":484},"end":{"line":3,"column":508}},{"start":{"line":3,"column":512},"end":{"line":3,"column":538}}],"line":3},"8":{"loc":{"start":{"line":3,"column":597},"end":{"line":3,"column":760}},"type":"if","locations":[{"start":{"line":3,"column":597},"end":{"line":3,"column":760}},{"start":{"line":3,"column":597},"end":{"line":3,"column":760}}],"line":3},"9":{"loc":{"start":{"line":3,"column":601},"end":{"line":3,"column":656}},"type":"binary-expr","locations":[{"start":{"line":3,"column":601},"end":{"line":3,"column":633}},{"start":{"line":3,"column":637},"end":{"line":3,"column":656}}],"line":3},"10":{"loc":{"start":{"line":3,"column":795},"end":{"line":3,"column":829}},"type":"binary-expr","locations":[{"start":{"line":3,"column":795},"end":{"line":3,"column":805}},{"start":{"line":3,"column":809},"end":{"line":3,"column":829}}],"line":3},"11":{"loc":{"start":{"line":3,"column":924},"end":{"line":3,"column":1042}},"type":"if","locations":[{"start":{"line":3,"column":924},"end":{"line":3,"column":1042}},{"start":{"line":3,"column":924},"end":{"line":3,"column":1042}}],"line":3},"12":{"loc":{"start":{"line":3,"column":940},"end":{"line":3,"column":1041}},"type":"cond-expr","locations":[{"start":{"line":3,"column":964},"end":{"line":3,"column":1007}},{"start":{"line":3,"column":1010},"end":{"line":3,"column":1041}}],"line":3},"13":{"loc":{"start":{"line":7,"column":154},"end":{"line":7,"column":209}},"type":"binary-expr","locations":[{"start":{"line":7,"column":154},"end":{"line":7,"column":173}},{"start":{"line":7,"column":177},"end":{"line":7,"column":209}}],"line":7},"14":{"loc":{"start":{"line":26,"column":90},"end":{"line":26,"column":148}},"type":"if","locations":[{"start":{"line":26,"column":90},"end":{"line":26,"column":148}},{"start":{"line":26,"column":90},"end":{"line":26,"column":148}}],"line":26}},"s":{"0":2,"1":2,"2":2,"3":4,"4":4,"5":4,"6":4,"7":4,"8":4,"9":2,"10":2,"11":2,"12":2,"13":0,"14":2,"15":1,"16":0,"17":1,"18":0,"19":1,"20":2,"21":0,"22":2,"23":2,"24":2,"25":2,"26":2,"27":1,"28":2,"29":1,"30":1,"31":2,"32":2,"33":2,"34":2,"35":0,"36":0},"f":{"0":2,"1":2,"2":2,"3":1,"4":1,"5":2,"6":2,"7":1,"8":1,"9":1,"10":3,"11":2},"b":{"0":[4,4],"1":[4,0],"2":[2,0],"3":[0,2],"4":[0,1],"5":[0,1],"6":[0,1],"7":[1,0,0],"8":[0,2],"9":[2,0],"10":[2,2],"11":[2,0],"12":[2,0],"13":[1,0],"14":[2,0]},"_coverageSchema":"332fd63041d2c1bcb487cc26dd0d5f7d97098a6c","hash":"aad1efd97190ba98c331fad328e6d30fa7fe568a"}
,"C:\\MAIN\\Other\\FrontCamp\\BlogsApp\\src\\client\\js\\components\\BlogsApp\\BlogsList\\styles.scss": {"path":"C:\\MAIN\\Other\\FrontCamp\\BlogsApp\\src\\client\\js\\components\\BlogsApp\\BlogsList\\styles.scss","statementMap":{},"fnMap":{},"branchMap":{},"s":{},"f":{},"b":{},"_coverageSchema":"332fd63041d2c1bcb487cc26dd0d5f7d97098a6c","hash":"ee9e98dc542f5e78ebd5de87c8171545dbd65484"}
,"C:\\MAIN\\Other\\FrontCamp\\BlogsApp\\src\\client\\js\\components\\BlogsApp\\SearchBlog\\index.jsx": {"path":"C:\\MAIN\\Other\\FrontCamp\\BlogsApp\\src\\client\\js\\components\\BlogsApp\\SearchBlog\\index.jsx","statementMap":{"0":{"start":{"line":1,"column":39},"end":{"line":1,"column":101}},"1":{"start":{"line":4,"column":17},"end":{"line":13,"column":375}},"2":{"start":{"line":20,"column":78},"end":{"line":20,"column":441}},"3":{"start":{"line":20,"column":91},"end":{"line":20,"column":149}},"4":{"start":{"line":20,"column":141},"end":{"line":20,"column":148}},"5":{"start":{"line":20,"column":149},"end":{"line":20,"column":296}},"6":{"start":{"line":20,"column":296},"end":{"line":20,"column":438}}},"fnMap":{"0":{"name":"SearchBlog","decl":{"start":{"line":4,"column":26},"end":{"line":4,"column":36}},"loc":{"start":{"line":4,"column":96},"end":{"line":13,"column":375}},"line":4},"1":{"name":"(anonymous_1)","decl":{"start":{"line":20,"column":78},"end":{"line":20,"column":79}},"loc":{"start":{"line":20,"column":90},"end":{"line":20,"column":439}},"line":20}},"branchMap":{"0":{"loc":{"start":{"line":20,"column":91},"end":{"line":20,"column":149}},"type":"if","locations":[{"start":{"line":20,"column":91},"end":{"line":20,"column":149}},{"start":{"line":20,"column":91},"end":{"line":20,"column":149}}],"line":20}},"s":{"0":2,"1":2,"2":2,"3":2,"4":2,"5":0,"6":0},"f":{"0":2,"1":2},"b":{"0":[2,0]},"_coverageSchema":"332fd63041d2c1bcb487cc26dd0d5f7d97098a6c","hash":"43bdedde32af28190411bea291a7687007822471"}
,"C:\\MAIN\\Other\\FrontCamp\\BlogsApp\\src\\client\\js\\components\\BlogsApp\\SearchBlog\\styles.scss": {"path":"C:\\MAIN\\Other\\FrontCamp\\BlogsApp\\src\\client\\js\\components\\BlogsApp\\SearchBlog\\styles.scss","statementMap":{},"fnMap":{},"branchMap":{},"s":{},"f":{},"b":{},"_coverageSchema":"332fd63041d2c1bcb487cc26dd0d5f7d97098a6c","hash":"ded10273c559615b55f440fb52d3d0771d71dc5c"}
,"C:\\MAIN\\Other\\FrontCamp\\BlogsApp\\src\\client\\js\\components\\BlogsApp\\modals\\AddBlogModal\\index.jsx": {"path":"C:\\MAIN\\Other\\FrontCamp\\BlogsApp\\src\\client\\js\\components\\BlogsApp\\modals\\AddBlogModal\\index.jsx","statementMap":{"0":{"start":{"line":1,"column":39},"end":{"line":1,"column":101}},"1":{"start":{"line":1,"column":120},"end":{"line":1,"column":649}},"2":{"start":{"line":1,"column":175},"end":{"line":1,"column":440}},"3":{"start":{"line":1,"column":232},"end":{"line":1,"column":240}},"4":{"start":{"line":1,"column":241},"end":{"line":1,"column":296}},"5":{"start":{"line":1,"column":296},"end":{"line":1,"column":327}},"6":{"start":{"line":1,"column":327},"end":{"line":1,"column":381}},"7":{"start":{"line":1,"column":354},"end":{"line":1,"column":381}},"8":{"start":{"line":1,"column":381},"end":{"line":1,"column":439}},"9":{"start":{"line":1,"column":441},"end":{"line":1,"column":646}},"10":{"start":{"line":1,"column":497},"end":{"line":1,"column":565}},"11":{"start":{"line":1,"column":513},"end":{"line":1,"column":565}},"12":{"start":{"line":1,"column":565},"end":{"line":1,"column":625}},"13":{"start":{"line":1,"column":582},"end":{"line":1,"column":625}},"14":{"start":{"line":1,"column":625},"end":{"line":1,"column":644}},"15":{"start":{"line":3,"column":214},"end":{"line":3,"column":361}},"16":{"start":{"line":3,"column":231},"end":{"line":3,"column":335}},"17":{"start":{"line":3,"column":343},"end":{"line":3,"column":360}},"18":{"start":{"line":3,"column":361},"end":{"line":3,"column":372}},"19":{"start":{"line":3,"column":422},"end":{"line":3,"column":521}},"20":{"start":{"line":3,"column":463},"end":{"line":3,"column":520}},"21":{"start":{"line":3,"column":571},"end":{"line":3,"column":670}},"22":{"start":{"line":3,"column":583},"end":{"line":3,"column":669}},"23":{"start":{"line":3,"column":670},"end":{"line":3,"column":756}},"24":{"start":{"line":3,"column":799},"end":{"line":3,"column":962}},"25":{"start":{"line":3,"column":861},"end":{"line":3,"column":961}},"26":{"start":{"line":3,"column":962},"end":{"line":3,"column":1126}},"27":{"start":{"line":3,"column":1126},"end":{"line":3,"column":1244}},"28":{"start":{"line":3,"column":1142},"end":{"line":3,"column":1244}},"29":{"start":{"line":5,"column":15},"end":{"line":58,"column":83}},"30":{"start":{"line":5,"column":44},"end":{"line":5,"column":86}},"31":{"start":{"line":6,"column":131},"end":{"line":7,"column":9}},"32":{"start":{"line":14,"column":2},"end":{"line":58,"column":8}},"33":{"start":{"line":17,"column":14},"end":{"line":17,"column":27}},"34":{"start":{"line":18,"column":15},"end":{"line":18,"column":29}},"35":{"start":{"line":20,"column":3},"end":{"line":21,"column":17}},"36":{"start":{"line":26,"column":3},"end":{"line":26,"column":22}},"37":{"start":{"line":27,"column":3},"end":{"line":27,"column":78}},"38":{"start":{"line":27,"column":71},"end":{"line":27,"column":78}},"39":{"start":{"line":28,"column":3},"end":{"line":31,"column":35}},"40":{"start":{"line":33,"column":3},"end":{"line":33,"column":37}},"41":{"start":{"line":37,"column":3},"end":{"line":37,"column":22}},"42":{"start":{"line":38,"column":3},"end":{"line":38,"column":37}},"43":{"start":{"line":42,"column":3},"end":{"line":53,"column":201}},"44":{"start":{"line":58,"column":8},"end":{"line":58,"column":28}},"45":{"start":{"line":61,"column":80},"end":{"line":61,"column":465}},"46":{"start":{"line":61,"column":93},"end":{"line":61,"column":151}},"47":{"start":{"line":61,"column":143},"end":{"line":61,"column":150}},"48":{"start":{"line":61,"column":151},"end":{"line":61,"column":311}},"49":{"start":{"line":61,"column":311},"end":{"line":61,"column":462}}},"fnMap":{"0":{"name":"(anonymous_0)","decl":{"start":{"line":1,"column":120},"end":{"line":1,"column":121}},"loc":{"start":{"line":1,"column":132},"end":{"line":1,"column":647}},"line":1},"1":{"name":"defineProperties","decl":{"start":{"line":1,"column":142},"end":{"line":1,"column":158}},"loc":{"start":{"line":1,"column":174},"end":{"line":1,"column":441}},"line":1},"2":{"name":"(anonymous_2)","decl":{"start":{"line":1,"column":448},"end":{"line":1,"column":449}},"loc":{"start":{"line":1,"column":496},"end":{"line":1,"column":645}},"line":1},"3":{"name":"_defineProperty","decl":{"start":{"line":3,"column":180},"end":{"line":3,"column":195}},"loc":{"start":{"line":3,"column":213},"end":{"line":3,"column":373}},"line":3},"4":{"name":"_classCallCheck","decl":{"start":{"line":3,"column":382},"end":{"line":3,"column":397}},"loc":{"start":{"line":3,"column":421},"end":{"line":3,"column":522}},"line":3},"5":{"name":"_possibleConstructorReturn","decl":{"start":{"line":3,"column":531},"end":{"line":3,"column":557}},"loc":{"start":{"line":3,"column":570},"end":{"line":3,"column":757}},"line":3},"6":{"name":"_inherits","decl":{"start":{"line":3,"column":766},"end":{"line":3,"column":775}},"loc":{"start":{"line":3,"column":798},"end":{"line":3,"column":1245}},"line":3},"7":{"name":"(anonymous_7)","decl":{"start":{"line":5,"column":15},"end":{"line":5,"column":16}},"loc":{"start":{"line":5,"column":43},"end":{"line":58,"column":29}},"line":5},"8":{"name":"AddBlogModal","decl":{"start":{"line":6,"column":36},"end":{"line":6,"column":48}},"loc":{"start":{"line":6,"column":56},"end":{"line":14,"column":2}},"line":6},"9":{"name":"handleInputChange","decl":{"start":{"line":14,"column":74},"end":{"line":14,"column":91}},"loc":{"start":{"line":16,"column":5},"end":{"line":23,"column":3}},"line":16},"10":{"name":"handleSubmit","decl":{"start":{"line":23,"column":46},"end":{"line":23,"column":58}},"loc":{"start":{"line":25,"column":5},"end":{"line":34,"column":3}},"line":25},"11":{"name":"onClose","decl":{"start":{"line":34,"column":41},"end":{"line":34,"column":48}},"loc":{"start":{"line":36,"column":5},"end":{"line":39,"column":3}},"line":36},"12":{"name":"render","decl":{"start":{"line":39,"column":40},"end":{"line":39,"column":46}},"loc":{"start":{"line":41,"column":2},"end":{"line":58,"column":3}},"line":41},"13":{"name":"onClick","decl":{"start":{"line":45,"column":200},"end":{"line":45,"column":207}},"loc":{"start":{"line":45,"column":237},"end":{"line":45,"column":292}},"line":45},"14":{"name":"onSubmit","decl":{"start":{"line":46,"column":196},"end":{"line":46,"column":204}},"loc":{"start":{"line":46,"column":234},"end":{"line":46,"column":294}},"line":46},"15":{"name":"onChange","decl":{"start":{"line":48,"column":244},"end":{"line":48,"column":252}},"loc":{"start":{"line":48,"column":282},"end":{"line":48,"column":347}},"line":48},"16":{"name":"onChange","decl":{"start":{"line":50,"column":247},"end":{"line":50,"column":255}},"loc":{"start":{"line":50,"column":285},"end":{"line":50,"column":350}},"line":50},"17":{"name":"onChange","decl":{"start":{"line":52,"column":239},"end":{"line":52,"column":247}},"loc":{"start":{"line":52,"column":277},"end":{"line":52,"column":342}},"line":52},"18":{"name":"(anonymous_18)","decl":{"start":{"line":61,"column":80},"end":{"line":61,"column":81}},"loc":{"start":{"line":61,"column":92},"end":{"line":61,"column":463}},"line":61}},"branchMap":{"0":{"loc":{"start":{"line":1,"column":265},"end":{"line":1,"column":295}},"type":"binary-expr","locations":[{"start":{"line":1,"column":265},"end":{"line":1,"column":286}},{"start":{"line":1,"column":290},"end":{"line":1,"column":295}}],"line":1},"1":{"loc":{"start":{"line":1,"column":327},"end":{"line":1,"column":381}},"type":"if","locations":[{"start":{"line":1,"column":327},"end":{"line":1,"column":381}},{"start":{"line":1,"column":327},"end":{"line":1,"column":381}}],"line":1},"2":{"loc":{"start":{"line":1,"column":497},"end":{"line":1,"column":565}},"type":"if","locations":[{"start":{"line":1,"column":497},"end":{"line":1,"column":565}},{"start":{"line":1,"column":497},"end":{"line":1,"column":565}}],"line":1},"3":{"loc":{"start":{"line":1,"column":565},"end":{"line":1,"column":625}},"type":"if","locations":[{"start":{"line":1,"column":565},"end":{"line":1,"column":625}},{"start":{"line":1,"column":565},"end":{"line":1,"column":625}}],"line":1},"4":{"loc":{"start":{"line":3,"column":214},"end":{"line":3,"column":361}},"type":"if","locations":[{"start":{"line":3,"column":214},"end":{"line":3,"column":361}},{"start":{"line":3,"column":214},"end":{"line":3,"column":361}}],"line":3},"5":{"loc":{"start":{"line":3,"column":422},"end":{"line":3,"column":521}},"type":"if","locations":[{"start":{"line":3,"column":422},"end":{"line":3,"column":521}},{"start":{"line":3,"column":422},"end":{"line":3,"column":521}}],"line":3},"6":{"loc":{"start":{"line":3,"column":571},"end":{"line":3,"column":670}},"type":"if","locations":[{"start":{"line":3,"column":571},"end":{"line":3,"column":670}},{"start":{"line":3,"column":571},"end":{"line":3,"column":670}}],"line":3},"7":{"loc":{"start":{"line":3,"column":677},"end":{"line":3,"column":755}},"type":"cond-expr","locations":[{"start":{"line":3,"column":744},"end":{"line":3,"column":748}},{"start":{"line":3,"column":751},"end":{"line":3,"column":755}}],"line":3},"8":{"loc":{"start":{"line":3,"column":677},"end":{"line":3,"column":741}},"type":"binary-expr","locations":[{"start":{"line":3,"column":677},"end":{"line":3,"column":681}},{"start":{"line":3,"column":686},"end":{"line":3,"column":710}},{"start":{"line":3,"column":714},"end":{"line":3,"column":740}}],"line":3},"9":{"loc":{"start":{"line":3,"column":799},"end":{"line":3,"column":962}},"type":"if","locations":[{"start":{"line":3,"column":799},"end":{"line":3,"column":962}},{"start":{"line":3,"column":799},"end":{"line":3,"column":962}}],"line":3},"10":{"loc":{"start":{"line":3,"column":803},"end":{"line":3,"column":858}},"type":"binary-expr","locations":[{"start":{"line":3,"column":803},"end":{"line":3,"column":835}},{"start":{"line":3,"column":839},"end":{"line":3,"column":858}}],"line":3},"11":{"loc":{"start":{"line":3,"column":997},"end":{"line":3,"column":1031}},"type":"binary-expr","locations":[{"start":{"line":3,"column":997},"end":{"line":3,"column":1007}},{"start":{"line":3,"column":1011},"end":{"line":3,"column":1031}}],"line":3},"12":{"loc":{"start":{"line":3,"column":1126},"end":{"line":3,"column":1244}},"type":"if","locations":[{"start":{"line":3,"column":1126},"end":{"line":3,"column":1244}},{"start":{"line":3,"column":1126},"end":{"line":3,"column":1244}}],"line":3},"13":{"loc":{"start":{"line":3,"column":1142},"end":{"line":3,"column":1243}},"type":"cond-expr","locations":[{"start":{"line":3,"column":1166},"end":{"line":3,"column":1209}},{"start":{"line":3,"column":1212},"end":{"line":3,"column":1243}}],"line":3},"14":{"loc":{"start":{"line":6,"column":165},"end":{"line":6,"column":226}},"type":"binary-expr","locations":[{"start":{"line":6,"column":165},"end":{"line":6,"column":187}},{"start":{"line":6,"column":191},"end":{"line":6,"column":226}}],"line":6},"15":{"loc":{"start":{"line":27,"column":3},"end":{"line":27,"column":78}},"type":"if","locations":[{"start":{"line":27,"column":3},"end":{"line":27,"column":78}},{"start":{"line":27,"column":3},"end":{"line":27,"column":78}}],"line":27},"16":{"loc":{"start":{"line":27,"column":7},"end":{"line":27,"column":69}},"type":"binary-expr","locations":[{"start":{"line":27,"column":7},"end":{"line":27,"column":24}},{"start":{"line":27,"column":28},"end":{"line":27,"column":46}},{"start":{"line":27,"column":50},"end":{"line":27,"column":69}}],"line":27},"17":{"loc":{"start":{"line":61,"column":93},"end":{"line":61,"column":151}},"type":"if","locations":[{"start":{"line":61,"column":93},"end":{"line":61,"column":151}},{"start":{"line":61,"column":93},"end":{"line":61,"column":151}}],"line":61}},"s":{"0":1,"1":1,"2":1,"3":4,"4":4,"5":4,"6":4,"7":4,"8":4,"9":1,"10":1,"11":1,"12":1,"13":0,"14":1,"15":0,"16":0,"17":0,"18":0,"19":0,"20":0,"21":0,"22":0,"23":0,"24":1,"25":0,"26":1,"27":1,"28":1,"29":1,"30":1,"31":0,"32":1,"33":0,"34":0,"35":0,"36":0,"37":0,"38":0,"39":0,"40":0,"41":0,"42":0,"43":0,"44":1,"45":1,"46":1,"47":1,"48":0,"49":0},"f":{"0":1,"1":1,"2":1,"3":0,"4":0,"5":0,"6":1,"7":1,"8":0,"9":0,"10":0,"11":0,"12":0,"13":0,"14":0,"15":0,"16":0,"17":0,"18":1},"b":{"0":[4,4],"1":[4,0],"2":[1,0],"3":[0,1],"4":[0,0],"5":[0,0],"6":[0,0],"7":[0,0],"8":[0,0,0],"9":[0,1],"10":[1,0],"11":[1,1],"12":[1,0],"13":[1,0],"14":[0,0],"15":[0,0],"16":[0,0,0],"17":[1,0]},"_coverageSchema":"332fd63041d2c1bcb487cc26dd0d5f7d97098a6c","hash":"f001e75c5006a5da61452c8025e336f90ac80f9d"}
,"C:\\MAIN\\Other\\FrontCamp\\BlogsApp\\src\\client\\js\\components\\BlogsApp\\modals\\AddBlogModal\\styles.scss": {"path":"C:\\MAIN\\Other\\FrontCamp\\BlogsApp\\src\\client\\js\\components\\BlogsApp\\modals\\AddBlogModal\\styles.scss","statementMap":{},"fnMap":{},"branchMap":{},"s":{},"f":{},"b":{},"_coverageSchema":"332fd63041d2c1bcb487cc26dd0d5f7d97098a6c","hash":"8dbcfe5a02350175c693eacf610ac7d2da109257"}
,"C:\\MAIN\\Other\\FrontCamp\\BlogsApp\\src\\client\\js\\components\\BlogsApp\\modals\\RemoveBlogModal\\index.jsx": {"path":"C:\\MAIN\\Other\\FrontCamp\\BlogsApp\\src\\client\\js\\components\\BlogsApp\\modals\\RemoveBlogModal\\index.jsx","statementMap":{"0":{"start":{"line":1,"column":39},"end":{"line":1,"column":101}},"1":{"start":{"line":1,"column":120},"end":{"line":1,"column":649}},"2":{"start":{"line":1,"column":175},"end":{"line":1,"column":440}},"3":{"start":{"line":1,"column":232},"end":{"line":1,"column":240}},"4":{"start":{"line":1,"column":241},"end":{"line":1,"column":296}},"5":{"start":{"line":1,"column":296},"end":{"line":1,"column":327}},"6":{"start":{"line":1,"column":327},"end":{"line":1,"column":381}},"7":{"start":{"line":1,"column":354},"end":{"line":1,"column":381}},"8":{"start":{"line":1,"column":381},"end":{"line":1,"column":439}},"9":{"start":{"line":1,"column":441},"end":{"line":1,"column":646}},"10":{"start":{"line":1,"column":497},"end":{"line":1,"column":565}},"11":{"start":{"line":1,"column":513},"end":{"line":1,"column":565}},"12":{"start":{"line":1,"column":565},"end":{"line":1,"column":625}},"13":{"start":{"line":1,"column":582},"end":{"line":1,"column":625}},"14":{"start":{"line":1,"column":625},"end":{"line":1,"column":644}},"15":{"start":{"line":3,"column":220},"end":{"line":3,"column":319}},"16":{"start":{"line":3,"column":261},"end":{"line":3,"column":318}},"17":{"start":{"line":3,"column":369},"end":{"line":3,"column":468}},"18":{"start":{"line":3,"column":381},"end":{"line":3,"column":467}},"19":{"start":{"line":3,"column":468},"end":{"line":3,"column":554}},"20":{"start":{"line":3,"column":597},"end":{"line":3,"column":760}},"21":{"start":{"line":3,"column":659},"end":{"line":3,"column":759}},"22":{"start":{"line":3,"column":760},"end":{"line":3,"column":924}},"23":{"start":{"line":3,"column":924},"end":{"line":3,"column":1042}},"24":{"start":{"line":3,"column":940},"end":{"line":3,"column":1042}},"25":{"start":{"line":5,"column":18},"end":{"line":33,"column":86}},"26":{"start":{"line":5,"column":47},"end":{"line":5,"column":92}},"27":{"start":{"line":6,"column":125},"end":{"line":7,"column":10}},"28":{"start":{"line":8,"column":2},"end":{"line":33,"column":8}},"29":{"start":{"line":11,"column":3},"end":{"line":11,"column":29}},"30":{"start":{"line":11,"column":10},"end":{"line":11,"column":29}},"31":{"start":{"line":12,"column":3},"end":{"line":12,"column":37}},"32":{"start":{"line":16,"column":3},"end":{"line":16,"column":26}},"33":{"start":{"line":17,"column":3},"end":{"line":17,"column":37}},"34":{"start":{"line":21,"column":3},"end":{"line":28,"column":323}},"35":{"start":{"line":33,"column":8},"end":{"line":33,"column":31}},"36":{"start":{"line":36,"column":83},"end":{"line":36,"column":480}},"37":{"start":{"line":36,"column":96},"end":{"line":36,"column":154}},"38":{"start":{"line":36,"column":146},"end":{"line":36,"column":153}},"39":{"start":{"line":36,"column":154},"end":{"line":36,"column":323}},"40":{"start":{"line":36,"column":323},"end":{"line":36,"column":477}}},"fnMap":{"0":{"name":"(anonymous_0)","decl":{"start":{"line":1,"column":120},"end":{"line":1,"column":121}},"loc":{"start":{"line":1,"column":132},"end":{"line":1,"column":647}},"line":1},"1":{"name":"defineProperties","decl":{"start":{"line":1,"column":142},"end":{"line":1,"column":158}},"loc":{"start":{"line":1,"column":174},"end":{"line":1,"column":441}},"line":1},"2":{"name":"(anonymous_2)","decl":{"start":{"line":1,"column":448},"end":{"line":1,"column":449}},"loc":{"start":{"line":1,"column":496},"end":{"line":1,"column":645}},"line":1},"3":{"name":"_classCallCheck","decl":{"start":{"line":3,"column":180},"end":{"line":3,"column":195}},"loc":{"start":{"line":3,"column":219},"end":{"line":3,"column":320}},"line":3},"4":{"name":"_possibleConstructorReturn","decl":{"start":{"line":3,"column":329},"end":{"line":3,"column":355}},"loc":{"start":{"line":3,"column":368},"end":{"line":3,"column":555}},"line":3},"5":{"name":"_inherits","decl":{"start":{"line":3,"column":564},"end":{"line":3,"column":573}},"loc":{"start":{"line":3,"column":596},"end":{"line":3,"column":1043}},"line":3},"6":{"name":"(anonymous_6)","decl":{"start":{"line":5,"column":18},"end":{"line":5,"column":19}},"loc":{"start":{"line":5,"column":46},"end":{"line":33,"column":32}},"line":5},"7":{"name":"RemoveBlogModal","decl":{"start":{"line":6,"column":36},"end":{"line":6,"column":51}},"loc":{"start":{"line":6,"column":59},"end":{"line":8,"column":2}},"line":6},"8":{"name":"onClose","decl":{"start":{"line":8,"column":67},"end":{"line":8,"column":74}},"loc":{"start":{"line":10,"column":5},"end":{"line":13,"column":3}},"line":10},"9":{"name":"onConfirm","decl":{"start":{"line":13,"column":43},"end":{"line":13,"column":52}},"loc":{"start":{"line":15,"column":2},"end":{"line":18,"column":3}},"line":15},"10":{"name":"render","decl":{"start":{"line":18,"column":40},"end":{"line":18,"column":46}},"loc":{"start":{"line":20,"column":2},"end":{"line":33,"column":3}},"line":20},"11":{"name":"onClick","decl":{"start":{"line":24,"column":200},"end":{"line":24,"column":207}},"loc":{"start":{"line":24,"column":237},"end":{"line":24,"column":292}},"line":24},"12":{"name":"onClick","decl":{"start":{"line":27,"column":190},"end":{"line":27,"column":197}},"loc":{"start":{"line":27,"column":226},"end":{"line":27,"column":280}},"line":27},"13":{"name":"onClick","decl":{"start":{"line":28,"column":190},"end":{"line":28,"column":197}},"loc":{"start":{"line":28,"column":226},"end":{"line":28,"column":282}},"line":28},"14":{"name":"(anonymous_14)","decl":{"start":{"line":36,"column":83},"end":{"line":36,"column":84}},"loc":{"start":{"line":36,"column":95},"end":{"line":36,"column":478}},"line":36}},"branchMap":{"0":{"loc":{"start":{"line":1,"column":265},"end":{"line":1,"column":295}},"type":"binary-expr","locations":[{"start":{"line":1,"column":265},"end":{"line":1,"column":286}},{"start":{"line":1,"column":290},"end":{"line":1,"column":295}}],"line":1},"1":{"loc":{"start":{"line":1,"column":327},"end":{"line":1,"column":381}},"type":"if","locations":[{"start":{"line":1,"column":327},"end":{"line":1,"column":381}},{"start":{"line":1,"column":327},"end":{"line":1,"column":381}}],"line":1},"2":{"loc":{"start":{"line":1,"column":497},"end":{"line":1,"column":565}},"type":"if","locations":[{"start":{"line":1,"column":497},"end":{"line":1,"column":565}},{"start":{"line":1,"column":497},"end":{"line":1,"column":565}}],"line":1},"3":{"loc":{"start":{"line":1,"column":565},"end":{"line":1,"column":625}},"type":"if","locations":[{"start":{"line":1,"column":565},"end":{"line":1,"column":625}},{"start":{"line":1,"column":565},"end":{"line":1,"column":625}}],"line":1},"4":{"loc":{"start":{"line":3,"column":220},"end":{"line":3,"column":319}},"type":"if","locations":[{"start":{"line":3,"column":220},"end":{"line":3,"column":319}},{"start":{"line":3,"column":220},"end":{"line":3,"column":319}}],"line":3},"5":{"loc":{"start":{"line":3,"column":369},"end":{"line":3,"column":468}},"type":"if","locations":[{"start":{"line":3,"column":369},"end":{"line":3,"column":468}},{"start":{"line":3,"column":369},"end":{"line":3,"column":468}}],"line":3},"6":{"loc":{"start":{"line":3,"column":475},"end":{"line":3,"column":553}},"type":"cond-expr","locations":[{"start":{"line":3,"column":542},"end":{"line":3,"column":546}},{"start":{"line":3,"column":549},"end":{"line":3,"column":553}}],"line":3},"7":{"loc":{"start":{"line":3,"column":475},"end":{"line":3,"column":539}},"type":"binary-expr","locations":[{"start":{"line":3,"column":475},"end":{"line":3,"column":479}},{"start":{"line":3,"column":484},"end":{"line":3,"column":508}},{"start":{"line":3,"column":512},"end":{"line":3,"column":538}}],"line":3},"8":{"loc":{"start":{"line":3,"column":597},"end":{"line":3,"column":760}},"type":"if","locations":[{"start":{"line":3,"column":597},"end":{"line":3,"column":760}},{"start":{"line":3,"column":597},"end":{"line":3,"column":760}}],"line":3},"9":{"loc":{"start":{"line":3,"column":601},"end":{"line":3,"column":656}},"type":"binary-expr","locations":[{"start":{"line":3,"column":601},"end":{"line":3,"column":633}},{"start":{"line":3,"column":637},"end":{"line":3,"column":656}}],"line":3},"10":{"loc":{"start":{"line":3,"column":795},"end":{"line":3,"column":829}},"type":"binary-expr","locations":[{"start":{"line":3,"column":795},"end":{"line":3,"column":805}},{"start":{"line":3,"column":809},"end":{"line":3,"column":829}}],"line":3},"11":{"loc":{"start":{"line":3,"column":924},"end":{"line":3,"column":1042}},"type":"if","locations":[{"start":{"line":3,"column":924},"end":{"line":3,"column":1042}},{"start":{"line":3,"column":924},"end":{"line":3,"column":1042}}],"line":3},"12":{"loc":{"start":{"line":3,"column":940},"end":{"line":3,"column":1041}},"type":"cond-expr","locations":[{"start":{"line":3,"column":964},"end":{"line":3,"column":1007}},{"start":{"line":3,"column":1010},"end":{"line":3,"column":1041}}],"line":3},"13":{"loc":{"start":{"line":6,"column":166},"end":{"line":6,"column":233}},"type":"binary-expr","locations":[{"start":{"line":6,"column":166},"end":{"line":6,"column":191}},{"start":{"line":6,"column":195},"end":{"line":6,"column":233}}],"line":6},"14":{"loc":{"start":{"line":11,"column":3},"end":{"line":11,"column":29}},"type":"if","locations":[{"start":{"line":11,"column":3},"end":{"line":11,"column":29}},{"start":{"line":11,"column":3},"end":{"line":11,"column":29}}],"line":11},"15":{"loc":{"start":{"line":36,"column":96},"end":{"line":36,"column":154}},"type":"if","locations":[{"start":{"line":36,"column":96},"end":{"line":36,"column":154}},{"start":{"line":36,"column":96},"end":{"line":36,"column":154}}],"line":36}},"s":{"0":1,"1":1,"2":1,"3":3,"4":3,"5":3,"6":3,"7":3,"8":3,"9":1,"10":1,"11":1,"12":1,"13":0,"14":1,"15":0,"16":0,"17":0,"18":0,"19":0,"20":1,"21":0,"22":1,"23":1,"24":1,"25":1,"26":1,"27":0,"28":1,"29":0,"30":0,"31":0,"32":0,"33":0,"34":0,"35":1,"36":1,"37":1,"38":1,"39":0,"40":0},"f":{"0":1,"1":1,"2":1,"3":0,"4":0,"5":1,"6":1,"7":0,"8":0,"9":0,"10":0,"11":0,"12":0,"13":0,"14":1},"b":{"0":[3,3],"1":[3,0],"2":[1,0],"3":[0,1],"4":[0,0],"5":[0,0],"6":[0,0],"7":[0,0,0],"8":[0,1],"9":[1,0],"10":[1,1],"11":[1,0],"12":[1,0],"13":[0,0],"14":[0,0],"15":[1,0]},"_coverageSchema":"332fd63041d2c1bcb487cc26dd0d5f7d97098a6c","hash":"6a92a89960498f9a26a9e04447b9802e3063aa9b"}
,"C:\\MAIN\\Other\\FrontCamp\\BlogsApp\\src\\client\\js\\components\\BlogsApp\\modals\\RemoveBlogModal\\styles.scss": {"path":"C:\\MAIN\\Other\\FrontCamp\\BlogsApp\\src\\client\\js\\components\\BlogsApp\\modals\\RemoveBlogModal\\styles.scss","statementMap":{},"fnMap":{},"branchMap":{},"s":{},"f":{},"b":{},"_coverageSchema":"332fd63041d2c1bcb487cc26dd0d5f7d97098a6c","hash":"8e5a95c753cabeb6772f9820e1ca1e927b736f09"}
,"C:\\MAIN\\Other\\FrontCamp\\BlogsApp\\src\\client\\js\\components\\HomePage\\index.jsx": {"path":"C:\\MAIN\\Other\\FrontCamp\\BlogsApp\\src\\client\\js\\components\\HomePage\\index.jsx","statementMap":{"0":{"start":{"line":1,"column":39},"end":{"line":1,"column":101}},"1":{"start":{"line":5,"column":15},"end":{"line":23,"column":305}},"2":{"start":{"line":29,"column":76},"end":{"line":29,"column":413}},"3":{"start":{"line":29,"column":89},"end":{"line":29,"column":147}},"4":{"start":{"line":29,"column":139},"end":{"line":29,"column":146}},"5":{"start":{"line":29,"column":147},"end":{"line":29,"column":279}},"6":{"start":{"line":29,"column":279},"end":{"line":29,"column":410}}},"fnMap":{"0":{"name":"HomePage","decl":{"start":{"line":5,"column":24},"end":{"line":5,"column":32}},"loc":{"start":{"line":5,"column":92},"end":{"line":23,"column":305}},"line":5},"1":{"name":"(anonymous_1)","decl":{"start":{"line":29,"column":76},"end":{"line":29,"column":77}},"loc":{"start":{"line":29,"column":88},"end":{"line":29,"column":411}},"line":29}},"branchMap":{"0":{"loc":{"start":{"line":29,"column":89},"end":{"line":29,"column":147}},"type":"if","locations":[{"start":{"line":29,"column":89},"end":{"line":29,"column":147}},{"start":{"line":29,"column":89},"end":{"line":29,"column":147}}],"line":29}},"s":{"0":1,"1":1,"2":1,"3":1,"4":1,"5":0,"6":0},"f":{"0":2,"1":1},"b":{"0":[1,0]},"_coverageSchema":"332fd63041d2c1bcb487cc26dd0d5f7d97098a6c","hash":"9e7f0cf70e84bec9ca87e0bb310288c588766c1c"}
,"C:\\MAIN\\Other\\FrontCamp\\BlogsApp\\src\\client\\js\\components\\HomePage\\styles.scss": {"path":"C:\\MAIN\\Other\\FrontCamp\\BlogsApp\\src\\client\\js\\components\\HomePage\\styles.scss","statementMap":{},"fnMap":{},"branchMap":{},"s":{},"f":{},"b":{},"_coverageSchema":"332fd63041d2c1bcb487cc26dd0d5f7d97098a6c","hash":"5d63e1e87ef34a921a2988b729302e5c2ed3a553"}
,"C:\\MAIN\\Other\\FrontCamp\\BlogsApp\\src\\client\\js\\components\\LoginForm\\index.jsx": {"path":"C:\\MAIN\\Other\\FrontCamp\\BlogsApp\\src\\client\\js\\components\\LoginForm\\index.jsx","statementMap":{"0":{"start":{"line":1,"column":39},"end":{"line":1,"column":101}},"1":{"start":{"line":1,"column":120},"end":{"line":1,"column":649}},"2":{"start":{"line":1,"column":175},"end":{"line":1,"column":440}},"3":{"start":{"line":1,"column":232},"end":{"line":1,"column":240}},"4":{"start":{"line":1,"column":241},"end":{"line":1,"column":296}},"5":{"start":{"line":1,"column":296},"end":{"line":1,"column":327}},"6":{"start":{"line":1,"column":327},"end":{"line":1,"column":381}},"7":{"start":{"line":1,"column":354},"end":{"line":1,"column":381}},"8":{"start":{"line":1,"column":381},"end":{"line":1,"column":439}},"9":{"start":{"line":1,"column":441},"end":{"line":1,"column":646}},"10":{"start":{"line":1,"column":497},"end":{"line":1,"column":565}},"11":{"start":{"line":1,"column":513},"end":{"line":1,"column":565}},"12":{"start":{"line":1,"column":565},"end":{"line":1,"column":625}},"13":{"start":{"line":1,"column":582},"end":{"line":1,"column":625}},"14":{"start":{"line":1,"column":625},"end":{"line":1,"column":644}},"15":{"start":{"line":3,"column":214},"end":{"line":3,"column":361}},"16":{"start":{"line":3,"column":231},"end":{"line":3,"column":335}},"17":{"start":{"line":3,"column":343},"end":{"line":3,"column":360}},"18":{"start":{"line":3,"column":361},"end":{"line":3,"column":372}},"19":{"start":{"line":3,"column":422},"end":{"line":3,"column":521}},"20":{"start":{"line":3,"column":463},"end":{"line":3,"column":520}},"21":{"start":{"line":3,"column":571},"end":{"line":3,"column":670}},"22":{"start":{"line":3,"column":583},"end":{"line":3,"column":669}},"23":{"start":{"line":3,"column":670},"end":{"line":3,"column":756}},"24":{"start":{"line":3,"column":799},"end":{"line":3,"column":962}},"25":{"start":{"line":3,"column":861},"end":{"line":3,"column":961}},"26":{"start":{"line":3,"column":962},"end":{"line":3,"column":1126}},"27":{"start":{"line":3,"column":1126},"end":{"line":3,"column":1244}},"28":{"start":{"line":3,"column":1142},"end":{"line":3,"column":1244}},"29":{"start":{"line":5,"column":12},"end":{"line":51,"column":80}},"30":{"start":{"line":5,"column":41},"end":{"line":5,"column":80}},"31":{"start":{"line":6,"column":125},"end":{"line":7,"column":9}},"32":{"start":{"line":13,"column":2},"end":{"line":51,"column":8}},"33":{"start":{"line":16,"column":14},"end":{"line":16,"column":27}},"34":{"start":{"line":17,"column":15},"end":{"line":17,"column":29}},"35":{"start":{"line":19,"column":3},"end":{"line":20,"column":17}},"36":{"start":{"line":25,"column":3},"end":{"line":25,"column":22}},"37":{"start":{"line":26,"column":3},"end":{"line":26,"column":60}},"38":{"start":{"line":26,"column":53},"end":{"line":26,"column":60}},"39":{"start":{"line":27,"column":3},"end":{"line":29,"column":37}},"40":{"start":{"line":34,"column":3},"end":{"line":48,"column":208}},"41":{"start":{"line":51,"column":8},"end":{"line":51,"column":25}},"42":{"start":{"line":54,"column":77},"end":{"line":54,"column":418}},"43":{"start":{"line":54,"column":90},"end":{"line":54,"column":148}},"44":{"start":{"line":54,"column":140},"end":{"line":54,"column":147}},"45":{"start":{"line":54,"column":148},"end":{"line":54,"column":283}},"46":{"start":{"line":54,"column":283},"end":{"line":54,"column":415}}},"fnMap":{"0":{"name":"(anonymous_0)","decl":{"start":{"line":1,"column":120},"end":{"line":1,"column":121}},"loc":{"start":{"line":1,"column":132},"end":{"line":1,"column":647}},"line":1},"1":{"name":"defineProperties","decl":{"start":{"line":1,"column":142},"end":{"line":1,"column":158}},"loc":{"start":{"line":1,"column":174},"end":{"line":1,"column":441}},"line":1},"2":{"name":"(anonymous_2)","decl":{"start":{"line":1,"column":448},"end":{"line":1,"column":449}},"loc":{"start":{"line":1,"column":496},"end":{"line":1,"column":645}},"line":1},"3":{"name":"_defineProperty","decl":{"start":{"line":3,"column":180},"end":{"line":3,"column":195}},"loc":{"start":{"line":3,"column":213},"end":{"line":3,"column":373}},"line":3},"4":{"name":"_classCallCheck","decl":{"start":{"line":3,"column":382},"end":{"line":3,"column":397}},"loc":{"start":{"line":3,"column":421},"end":{"line":3,"column":522}},"line":3},"5":{"name":"_possibleConstructorReturn","decl":{"start":{"line":3,"column":531},"end":{"line":3,"column":557}},"loc":{"start":{"line":3,"column":570},"end":{"line":3,"column":757}},"line":3},"6":{"name":"_inherits","decl":{"start":{"line":3,"column":766},"end":{"line":3,"column":775}},"loc":{"start":{"line":3,"column":798},"end":{"line":3,"column":1245}},"line":3},"7":{"name":"(anonymous_7)","decl":{"start":{"line":5,"column":12},"end":{"line":5,"column":13}},"loc":{"start":{"line":5,"column":40},"end":{"line":51,"column":26}},"line":5},"8":{"name":"LoginForm","decl":{"start":{"line":6,"column":36},"end":{"line":6,"column":45}},"loc":{"start":{"line":6,"column":53},"end":{"line":13,"column":2}},"line":6},"9":{"name":"handleInputChange","decl":{"start":{"line":13,"column":71},"end":{"line":13,"column":88}},"loc":{"start":{"line":15,"column":5},"end":{"line":22,"column":3}},"line":15},"10":{"name":"handleSubmit","decl":{"start":{"line":22,"column":46},"end":{"line":22,"column":58}},"loc":{"start":{"line":24,"column":5},"end":{"line":31,"column":3}},"line":24},"11":{"name":"render","decl":{"start":{"line":31,"column":40},"end":{"line":31,"column":46}},"loc":{"start":{"line":33,"column":2},"end":{"line":51,"column":3}},"line":33},"12":{"name":"onSubmit","decl":{"start":{"line":40,"column":193},"end":{"line":40,"column":201}},"loc":{"start":{"line":40,"column":231},"end":{"line":40,"column":291}},"line":40},"13":{"name":"onChange","decl":{"start":{"line":42,"column":252},"end":{"line":42,"column":260}},"loc":{"start":{"line":42,"column":290},"end":{"line":42,"column":355}},"line":42},"14":{"name":"onChange","decl":{"start":{"line":44,"column":256},"end":{"line":44,"column":264}},"loc":{"start":{"line":44,"column":294},"end":{"line":44,"column":359}},"line":44},"15":{"name":"(anonymous_15)","decl":{"start":{"line":54,"column":77},"end":{"line":54,"column":78}},"loc":{"start":{"line":54,"column":89},"end":{"line":54,"column":416}},"line":54}},"branchMap":{"0":{"loc":{"start":{"line":1,"column":265},"end":{"line":1,"column":295}},"type":"binary-expr","locations":[{"start":{"line":1,"column":265},"end":{"line":1,"column":286}},{"start":{"line":1,"column":290},"end":{"line":1,"column":295}}],"line":1},"1":{"loc":{"start":{"line":1,"column":327},"end":{"line":1,"column":381}},"type":"if","locations":[{"start":{"line":1,"column":327},"end":{"line":1,"column":381}},{"start":{"line":1,"column":327},"end":{"line":1,"column":381}}],"line":1},"2":{"loc":{"start":{"line":1,"column":497},"end":{"line":1,"column":565}},"type":"if","locations":[{"start":{"line":1,"column":497},"end":{"line":1,"column":565}},{"start":{"line":1,"column":497},"end":{"line":1,"column":565}}],"line":1},"3":{"loc":{"start":{"line":1,"column":565},"end":{"line":1,"column":625}},"type":"if","locations":[{"start":{"line":1,"column":565},"end":{"line":1,"column":625}},{"start":{"line":1,"column":565},"end":{"line":1,"column":625}}],"line":1},"4":{"loc":{"start":{"line":3,"column":214},"end":{"line":3,"column":361}},"type":"if","locations":[{"start":{"line":3,"column":214},"end":{"line":3,"column":361}},{"start":{"line":3,"column":214},"end":{"line":3,"column":361}}],"line":3},"5":{"loc":{"start":{"line":3,"column":422},"end":{"line":3,"column":521}},"type":"if","locations":[{"start":{"line":3,"column":422},"end":{"line":3,"column":521}},{"start":{"line":3,"column":422},"end":{"line":3,"column":521}}],"line":3},"6":{"loc":{"start":{"line":3,"column":571},"end":{"line":3,"column":670}},"type":"if","locations":[{"start":{"line":3,"column":571},"end":{"line":3,"column":670}},{"start":{"line":3,"column":571},"end":{"line":3,"column":670}}],"line":3},"7":{"loc":{"start":{"line":3,"column":677},"end":{"line":3,"column":755}},"type":"cond-expr","locations":[{"start":{"line":3,"column":744},"end":{"line":3,"column":748}},{"start":{"line":3,"column":751},"end":{"line":3,"column":755}}],"line":3},"8":{"loc":{"start":{"line":3,"column":677},"end":{"line":3,"column":741}},"type":"binary-expr","locations":[{"start":{"line":3,"column":677},"end":{"line":3,"column":681}},{"start":{"line":3,"column":686},"end":{"line":3,"column":710}},{"start":{"line":3,"column":714},"end":{"line":3,"column":740}}],"line":3},"9":{"loc":{"start":{"line":3,"column":799},"end":{"line":3,"column":962}},"type":"if","locations":[{"start":{"line":3,"column":799},"end":{"line":3,"column":962}},{"start":{"line":3,"column":799},"end":{"line":3,"column":962}}],"line":3},"10":{"loc":{"start":{"line":3,"column":803},"end":{"line":3,"column":858}},"type":"binary-expr","locations":[{"start":{"line":3,"column":803},"end":{"line":3,"column":835}},{"start":{"line":3,"column":839},"end":{"line":3,"column":858}}],"line":3},"11":{"loc":{"start":{"line":3,"column":997},"end":{"line":3,"column":1031}},"type":"binary-expr","locations":[{"start":{"line":3,"column":997},"end":{"line":3,"column":1007}},{"start":{"line":3,"column":1011},"end":{"line":3,"column":1031}}],"line":3},"12":{"loc":{"start":{"line":3,"column":1126},"end":{"line":3,"column":1244}},"type":"if","locations":[{"start":{"line":3,"column":1126},"end":{"line":3,"column":1244}},{"start":{"line":3,"column":1126},"end":{"line":3,"column":1244}}],"line":3},"13":{"loc":{"start":{"line":3,"column":1142},"end":{"line":3,"column":1243}},"type":"cond-expr","locations":[{"start":{"line":3,"column":1166},"end":{"line":3,"column":1209}},{"start":{"line":3,"column":1212},"end":{"line":3,"column":1243}}],"line":3},"14":{"loc":{"start":{"line":6,"column":159},"end":{"line":6,"column":214}},"type":"binary-expr","locations":[{"start":{"line":6,"column":159},"end":{"line":6,"column":178}},{"start":{"line":6,"column":182},"end":{"line":6,"column":214}}],"line":6},"15":{"loc":{"start":{"line":26,"column":3},"end":{"line":26,"column":60}},"type":"if","locations":[{"start":{"line":26,"column":3},"end":{"line":26,"column":60}},{"start":{"line":26,"column":3},"end":{"line":26,"column":60}}],"line":26},"16":{"loc":{"start":{"line":26,"column":7},"end":{"line":26,"column":51}},"type":"binary-expr","locations":[{"start":{"line":26,"column":7},"end":{"line":26,"column":27}},{"start":{"line":26,"column":31},"end":{"line":26,"column":51}}],"line":26},"18":{"loc":{"start":{"line":54,"column":90},"end":{"line":54,"column":148}},"type":"if","locations":[{"start":{"line":54,"column":90},"end":{"line":54,"column":148}},{"start":{"line":54,"column":90},"end":{"line":54,"column":148}}],"line":54}},"s":{"0":1,"1":1,"2":1,"3":3,"4":3,"5":3,"6":3,"7":3,"8":3,"9":1,"10":1,"11":1,"12":1,"13":0,"14":1,"15":0,"16":0,"17":0,"18":0,"19":4,"20":0,"21":4,"22":0,"23":4,"24":1,"25":0,"26":1,"27":1,"28":1,"29":1,"30":1,"31":4,"32":1,"33":0,"34":0,"35":0,"36":2,"37":2,"38":1,"39":1,"40":5,"41":1,"42":1,"43":1,"44":1,"45":0,"46":0},"f":{"0":1,"1":1,"2":1,"3":0,"4":4,"5":4,"6":1,"7":1,"8":4,"9":0,"10":2,"11":5,"12":2,"13":0,"14":0,"15":1},"b":{"0":[3,3],"1":[3,0],"2":[1,0],"3":[0,1],"4":[0,0],"5":[0,4],"6":[0,4],"7":[0,4],"8":[4,0,0],"9":[0,1],"10":[1,0],"11":[1,1],"12":[1,0],"13":[1,0],"14":[4,0],"15":[1,1],"16":[2,1],"18":[1,0]},"_coverageSchema":"332fd63041d2c1bcb487cc26dd0d5f7d97098a6c","hash":"3cd8662df353caaae87884fb9f631f9a18f9acaf"}
,"C:\\MAIN\\Other\\FrontCamp\\BlogsApp\\src\\client\\js\\components\\LoginForm\\styles.scss": {"path":"C:\\MAIN\\Other\\FrontCamp\\BlogsApp\\src\\client\\js\\components\\LoginForm\\styles.scss","statementMap":{},"fnMap":{},"branchMap":{},"s":{},"f":{},"b":{},"_coverageSchema":"332fd63041d2c1bcb487cc26dd0d5f7d97098a6c","hash":"eec71885e8466208187d6d4a788336715587197f"}
[...]
\\js\\containers\\BlogsApp\\VisibleBlogsList.jsx","statementMap":{"0":{"start":{"line":1,"column":39},"end":{"line":1,"column":101}},"1":{"start":{"line":3,"column":206},"end":{"line":3,"column":260}},"2":{"start":{"line":5,"column":22},"end":{"line":14,"column":1}},"3":{"start":{"line":6,"column":45},"end":{"line":6,"column":51}},"4":{"start":{"line":7,"column":1},"end":{"line":11,"column":2}},"5":{"start":{"line":8,"column":2},"end":{"line":8,"column":24}},"6":{"start":{"line":9,"column":8},"end":{"line":11,"column":2}},"7":{"start":{"line":10,"column":2},"end":{"line":10,"column":25}},"8":{"start":{"line":13,"column":1},"end":{"line":13,"column":120}},"9":{"start":{"line":16,"column":22},"end":{"line":17,"column":55}},"10":{"start":{"line":20,"column":25},"end":{"line":23,"column":7}},"11":{"start":{"line":26,"column":49},"end":{"line":28,"column":63}},"12":{"start":{"line":31,"column":84},"end":{"line":31,"column":936}},"13":{"start":{"line":31,"column":97},"end":{"line":31,"column":155}},"14":{"start":{"line":31,"column":147},"end":{"line":31,"column":154}},"15":{"start":{"line":31,"column":155},"end":{"line":31,"column":312}},"16":{"start":{"line":31,"column":312},"end":{"line":31,"column":469}},"17":{"start":{"line":31,"column":469},"end":{"line":31,"column":632}},"18":{"start":{"line":31,"column":632},"end":{"line":31,"column":791}},"19":{"start":{"line":31,"column":791},"end":{"line":31,"column":933}}},"fnMap":{"0":{"name":"_interopRequireDefault","decl":{"start":{"line":3,"column":177},"end":{"line":3,"column":199}},"loc":{"start":{"line":3,"column":205},"end":{"line":3,"column":261}},"line":3},"1":{"name":"getVisibleBlogs","decl":{"start":{"line":5,"column":31},"end":{"line":5,"column":46}},"loc":{"start":{"line":5,"column":62},"end":{"line":14,"column":1}},"line":5},"2":{"name":"(anonymous_2)","decl":{"start":{"line":13,"column":21},"end":{"line":13,"column":22}},"loc":{"start":{"line":13,"column":60},"end":{"line":13,"column":118}},"line":13},"3":{"name":"mapStateToProps","decl":{"start":{"line":16,"column":31},"end":{"line":16,"column":46}},"loc":{"start":{"line":16,"column":80},"end":{"line":17,"column":55}},"line":16},"4":{"name":"mapDispatchToProps","decl":{"start":{"line":20,"column":34},"end":{"line":20,"column":52}},"loc":{"start":{"line":20,"column":89},"end":{"line":23,"column":7}},"line":20},"5":{"name":"(anonymous_5)","decl":{"start":{"line":31,"column":84},"end":{"line":31,"column":85}},"loc":{"start":{"line":31,"column":96},"end":{"line":31,"column":934}},"line":31}},"branchMap":{"0":{"loc":{"start":{"line":3,"column":213},"end":{"line":3,"column":259}},"type":"cond-expr","locations":[{"start":{"line":3,"column":237},"end":{"line":3,"column":240}},{"start":{"line":3,"column":243},"end":{"line":3,"column":259}}],"line":3},"1":{"loc":{"start":{"line":3,"column":213},"end":{"line":3,"column":234}},"type":"binary-expr","locations":[{"start":{"line":3,"column":213},"end":{"line":3,"column":216}},{"start":{"line":3,"column":220},"end":{"line":3,"column":234}}],"line":3},"2":{"loc":{"start":{"line":7,"column":1},"end":{"line":11,"column":2}},"type":"if","locations":[{"start":{"line":7,"column":1},"end":{"line":11,"column":2}},{"start":{"line":7,"column":1},"end":{"line":11,"column":2}}],"line":7},"3":{"loc":{"start":{"line":9,"column":8},"end":{"line":11,"column":2}},"type":"if","locations":[{"start":{"line":9,"column":8},"end":{"line":11,"column":2}},{"start":{"line":9,"column":8},"end":{"line":11,"column":2}}],"line":9},"4":{"loc":{"start":{"line":31,"column":97},"end":{"line":31,"column":155}},"type":"if","locations":[{"start":{"line":31,"column":97},"end":{"line":31,"column":155}},{"start":{"line":31,"column":97},"end":{"line":31,"column":155}}],"line":31}},"s":{"0":1,"1":1,"2":1,"3":0,"4":0,"5":0,"6":0,"7":0,"8":0,"9":1,"10":1,"11":1,"12":1,"13":1,"14":1,"15":0,"16":0,"17":0,"18":0,"19":0},"f":{"0":1,"1":0,"2":0,"3":0,"4":0,"5":1},"b":{"0":[1,0],"1":[1,1],"2":[0,0],"3":[0,0],"4":[1,0]},"_coverageSchema":"332fd63041d2c1bcb487cc26dd0d5f7d97098a6c","hash":"b158efa74d187d488e60e42c638ff4c660c01ac2"}
,"C:\\MAIN\\Other\\FrontCamp\\BlogsApp\\src\\client\\js\\effects\\authentication.js": {"path":"C:\\MAIN\\Other\\FrontCamp\\BlogsApp\\src\\client\\js\\effects\\authentication.js","statementMap":{"0":{"start":{"line":1,"column":39},"end":{"line":1,"column":101}},"1":{"start":{"line":1,"column":101},"end":{"line":1,"column":196}},"2":{"start":{"line":3,"column":49},"end":{"line":19,"column":7}},"3":{"start":{"line":21,"column":50},"end":{"line":33,"column":7}},"4":{"start":{"line":36,"column":52},"end":{"line":49,"column":7}},"5":{"start":{"line":49,"column":48},"end":{"line":49,"column":562}},"6":{"start":{"line":49,"column":61},"end":{"line":49,"column":119}},"7":{"start":{"line":49,"column":111},"end":{"line":49,"column":118}},"8":{"start":{"line":49,"column":119},"end":{"line":49,"column":263}},"9":{"start":{"line":49,"column":263},"end":{"line":49,"column":409}},"10":{"start":{"line":49,"column":409},"end":{"line":49,"column":559}}},"fnMap":{"0":{"name":"requestLoginCall","decl":{"start":{"line":3,"column":85},"end":{"line":3,"column":101}},"loc":{"start":{"line":3,"column":138},"end":{"line":19,"column":7}},"line":3},"1":{"name":"requestLogoutCall","decl":{"start":{"line":21,"column":87},"end":{"line":21,"column":104}},"loc":{"start":{"line":21,"column":133},"end":{"line":33,"column":7}},"line":21},"2":{"name":"requestRegisterCall","decl":{"start":{"line":36,"column":91},"end":{"line":36,"column":110}},"loc":{"start":{"line":36,"column":146},"end":{"line":49,"column":7}},"line":36},"3":{"name":"(anonymous_3)","decl":{"start":{"line":49,"column":48},"end":{"line":49,"column":49}},"loc":{"start":{"line":49,"column":60},"end":{"line":49,"column":560}},"line":49}},"branchMap":{"0":{"loc":{"start":{"line":49,"column":61},"end":{"line":49,"column":119}},"type":"if","locations":[{"start":{"line":49,"column":61},"end":{"line":49,"column":119}},{"start":{"line":49,"column":61},"end":{"line":49,"column":119}}],"line":49}},"s":{"0":1,"1":1,"2":1,"3":1,"4":1,"5":1,"6":1,"7":1,"8":0,"9":0,"10":0},"f":{"0":0,"1":0,"2":0,"3":1},"b":{"0":[1,0]},"_coverageSchema":"332fd63041d2c1bcb487cc26dd0d5f7d97098a6c","hash":"59ce83c205165e2fc1af41dfdead0ebdfabcccf3"}
,"C:\\MAIN\\Other\\FrontCamp\\BlogsApp\\src\\client\\js\\effects\\blogs.js": {"path":"C:\\MAIN\\Other\\FrontCamp\\BlogsApp\\src\\client\\js\\effects\\blogs.js","statementMap":{"0":{"start":{"line":1,"column":39},"end":{"line":1,"column":101}},"1":{"start":{"line":1,"column":101},"end":{"line":1,"column":226}},"2":{"start":{"line":3,"column":47},"end":{"line":7,"column":74}},"3":{"start":{"line":10,"column":51},"end":{"line":35,"column":7}},"4":{"start":{"line":37,"column":54},"end":{"line":42,"column":65}},"5":{"start":{"line":44,"column":51},"end":{"line":61,"column":1}},"6":{"start":{"line":45,"column":21},"end":{"line":45,"column":23}},"7":{"start":{"line":46,"column":1},"end":{"line":56,"column":4}},"8":{"start":{"line":47,"column":2},"end":{"line":53,"column":22}},"9":{"start":{"line":58,"column":1},"end":{"line":60,"column":4}},"10":{"start":{"line":59,"column":2},"end":{"line":59,"column":63}},"11":{"start":{"line":61,"column":42},"end":{"line":61,"column":670}},"12":{"start":{"line":61,"column":55},"end":{"line":61,"column":113}},"13":{"start":{"line":61,"column":105},"end":{"line":61,"column":112}},"14":{"start":{"line":61,"column":113},"end":{"line":61,"column":244}},"15":{"start":{"line":61,"column":244},"end":{"line":61,"column":383}},"16":{"start":{"line":61,"column":383},"end":{"line":61,"column":528}},"17":{"start":{"line":61,"column":528},"end":{"line":61,"column":667}}},"fnMap":{"0":{"name":"fetchBlogsCall","decl":{"start":{"line":3,"column":81},"end":{"line":3,"column":95}},"loc":{"start":{"line":3,"column":124},"end":{"line":7,"column":74}},"line":3},"1":{"name":"requestAddBlogCall","decl":{"start":{"line":10,"column":89},"end":{"line":10,"column":107}},"loc":{"start":{"line":10,"column":140},"end":{"line":35,"column":7}},"line":10},"2":{"name":"requestDeleteBlogCall","decl":{"start":{"line":37,"column":95},"end":{"line":37,"column":116}},"loc":{"start":{"line":37,"column":151},"end":{"line":42,"column":65}},"line":37},"3":{"name":"normalizeBlogsData","decl":{"start":{"line":44,"column":89},"end":{"line":44,"column":107}},"loc":{"start":{"line":44,"column":119},"end":{"line":61,"column":1}},"line":44},"4":{"name":"(anonymous_4)","decl":{"start":{"line":46,"column":19},"end":{"line":46,"column":20}},"loc":{"start":{"line":46,"column":32},"end":{"line":56,"column":2}},"line":46},"5":{"name":"(anonymous_5)","decl":{"start":{"line":58,"column":27},"end":{"line":58,"column":28}},"loc":{"start":{"line":58,"column":51},"end":{"line":60,"column":2}},"line":58},"6":{"name":"(anonymous_6)","decl":{"start":{"line":61,"column":42},"end":{"line":61,"column":43}},"loc":{"start":{"line":61,"column":54},"end":{"line":61,"column":668}},"line":61}},"branchMap":{"0":{"loc":{"start":{"line":61,"column":55},"end":{"line":61,"column":113}},"type":"if","locations":[{"start":{"line":61,"column":55},"end":{"line":61,"column":113}},{"start":{"line":61,"column":55},"end":{"line":61,"column":113}}],"line":61}},"s":{"0":2,"1":2,"2":2,"3":2,"4":2,"5":2,"6":3,"7":3,"8":7,"9":3,"10":5,"11":2,"12":2,"13":2,"14":0,"15":0,"16":0,"17":0},"f":{"0":0,"1":0,"2":0,"3":3,"4":7,"5":5,"6":2},"b":{"0":[2,0]},"_coverageSchema":"332fd63041d2c1bcb487cc26dd0d5f7d97098a6c","hash":"ecdaaf136033692d06d074cf8d88d74b804244b2"}
,"C:\\MAIN\\Other\\FrontCamp\\BlogsApp\\src\\client\\js\\reducers\\authentication.js": {"path":"C:\\MAIN\\Other\\FrontCamp\\BlogsApp\\src\\client\\js\\reducers\\authentication.js","statementMap":{"0":{"start":{"line":1,"column":39},"end":{"line":1,"column":101}},"1":{"start":{"line":1,"column":116},"end":{"line":1,"column":347}},"2":{"start":{"line":1,"column":152},"end":{"line":1,"column":332}},"3":{"start":{"line":1,"column":209},"end":{"line":1,"column":221}},"4":{"start":{"line":1,"column":222},"end":{"line":1,"column":331}},"5":{"start":{"line":1,"column":247},"end":{"line":1,"column":330}},"6":{"start":{"line":1,"column":303},"end":{"line":1,"column":329}},"7":{"start":{"line":1,"column":332},"end":{"line":1,"column":346}},"8":{"start":{"line":6,"column":21},"end":{"line":47,"column":1}},"9":{"start":{"line":7,"column":1},"end":{"line":45,"column":17}},"10":{"start":{"line":9,"column":3},"end":{"line":14,"column":34}},"11":{"start":{"line":17,"column":3},"end":{"line":19,"column":24}},"12":{"start":{"line":22,"column":3},"end":{"line":26,"column":78}},"13":{"start":{"line":29,"column":3},"end":{"line":33,"column":9}},"14":{"start":{"line":35,"column":3},"end":{"line":40,"column":33}},"15":{"start":{"line":43,"column":3},"end":{"line":43,"column":16}},"16":{"start":{"line":45,"column":3},"end":{"line":45,"column":16}},"17":{"start":{"line":49,"column":82},"end":{"line":49,"column":425}},"18":{"start":{"line":49,"column":95},"end":{"line":49,"column":153}},"19":{"start":{"line":49,"column":145},"end":{"line":49,"column":152}},"20":{"start":{"line":49,"column":153},"end":{"line":49,"column":294}},"21":{"start":{"line":49,"column":294},"end":{"line":49,"column":422}}},"fnMap":{"0":{"name":"(anonymous_0)","decl":{"start":{"line":1,"column":133},"end":{"line":1,"column":134}},"loc":{"start":{"line":1,"column":151},"end":{"line":1,"column":347}},"line":1},"1":{"name":"authentication","decl":{"start":{"line":6,"column":30},"end":{"line":6,"column":44}},"loc":{"start":{"line":6,"column":47},"end":{"line":47,"column":1}},"line":6},"2":{"name":"(anonymous_2)","decl":{"start":{"line":49,"column":82},"end":{"line":49,"column":83}},"loc":{"start":{"line":49,"column":94},"end":{"line":49,"column":423}},"line":49}},"branchMap":{"0":{"loc":{"start":{"line":1,"column":116},"end":{"line":1,"column":347}},"type":"binary-expr","locations":[{"start":{"line":1,"column":116},"end":{"line":1,"column":129}},{"start":{"line":1,"column":133},"end":{"line":1,"column":347}}],"line":1},"1":{"loc":{"start":{"line":1,"column":247},"end":{"line":1,"column":330}},"type":"if","locations":[{"start":{"line":1,"column":247},"end":{"line":1,"column":330}},{"start":{"line":1,"column":247},"end":{"line":1,"column":330}}],"line":1},"2":{"loc":{"start":{"line":7,"column":1},"end":{"line":45,"column":17}},"type":"switch","locations":[{"start":{"line":8,"column":2},"end":{"line":14,"column":34}},{"start":{"line":16,"column":2},"end":{"line":19,"column":24}},{"start":{"line":21,"column":2},"end":{"line":26,"column":78}},{"start":{"line":28,"column":2},"end":{"line":33,"column":9}},{"start":{"line":34,"column":2},"end":{"line":40,"column":33}},{"start":{"line":42,"column":2},"end":{"line":43,"column":16}},{"start":{"line":44,"column":2},"end":{"line":45,"column":16}}],"line":7},"3":{"loc":{"start":{"line":29,"column":10},"end":{"line":33,"column":8}},"type":"cond-expr","locations":[{"start":{"line":33,"column":3},"end":{"line":33,"column":8}}],"line":29},"4":{"loc":{"start":{"line":49,"column":95},"end":{"line":49,"column":153}},"type":"if","locations":[{"start":{"line":49,"column":95},"end":{"line":49,"column":153}},{"start":{"line":49,"column":95},"end":{"line":49,"column":153}}],"line":49}},"s":{"0":1,"1":1,"2":0,"3":0,"4":0,"5":0,"6":0,"7":0,"8":1,"9":7,"10":1,"11":1,"12":1,"13":2,"14":1,"15":0,"16":1,"17":1,"18":1,"19":1,"20":0,"21":0},"f":{"0":0,"1":7,"2":1},"b":{"0":[1,0],"1":[0,0],"2":[1,1,1,2,1,0,1],"3":[1],"4":[1,0]},"_coverageSchema":"332fd63041d2c1bcb487cc26dd0d5f7d97098a6c","hash":"12240c1ca971a13811057379d6ea1dbc65850b2d"}
,"C:\\MAIN\\Other\\FrontCamp\\BlogsApp\\src\\client\\js\\reducers\\blogs.js": {"path":"C:\\MAIN\\Other\\FrontCamp\\BlogsApp\\src\\client\\js\\reducers\\blogs.js","statementMap":{"0":{"start":{"line":1,"column":39},"end":{"line":1,"column":101}},"1":{"start":{"line":6,"column":12},"end":{"line":51,"column":1}},"2":{"start":{"line":7,"column":1},"end":{"line":49,"column":17}},"3":{"start":{"line":9,"column":3},"end":{"line":13,"column":78}},"4":{"start":{"line":17,"column":3},"end":{"line":17,"column":83}},"5":{"start":{"line":19,"column":3},"end":{"line":19,"column":16}},"6":{"start":{"line":21,"column":3},"end":{"line":26,"column":30}},"7":{"start":{"line":29,"column":3},"end":{"line":34,"column":13}},"8":{"start":{"line":37,"column":3},"end":{"line":42,"column":28}},"9":{"start":{"line":45,"column":3},"end":{"line":45,"column":98}},"10":{"start":{"line":47,"column":3},"end":{"line":47,"column":16}},"11":{"start":{"line":49,"column":3},"end":{"line":49,"column":16}},"12":{"start":{"line":53,"column":73},"end":{"line":53,"column":380}},"13":{"start":{"line":53,"column":86},"end":{"line":53,"column":144}},"14":{"start":{"line":53,"column":136},"end":{"line":53,"column":143}},"15":{"start":{"line":53,"column":144},"end":{"line":53,"column":258}},"16":{"start":{"line":53,"column":258},"end":{"line":53,"column":377}}},"fnMap":{"0":{"name":"blogs","decl":{"start":{"line":6,"column":21},"end":{"line":6,"column":26}},"loc":{"start":{"line":6,"column":29},"end":{"line":51,"column":1}},"line":6},"1":{"name":"(anonymous_1)","decl":{"start":{"line":45,"column":23},"end":{"line":45,"column":24}},"loc":{"start":{"line":45,"column":65},"end":{"line":45,"column":96}},"line":45},"2":{"name":"(anonymous_2)","decl":{"start":{"line":53,"column":73},"end":{"line":53,"column":74}},"loc":{"start":{"line":53,"column":85},"end":{"line":53,"column":378}},"line":53}},"branchMap":{"0":{"loc":{"start":{"line":7,"column":1},"end":{"line":49,"column":17}},"type":"switch","locations":[{"start":{"line":8,"column":2},"end":{"line":13,"column":78}},{"start":{"line":16,"column":2},"end":{"line":17,"column":83}},{"start":{"line":18,"column":2},"end":{"line":19,"column":16}},{"start":{"line":20,"column":2},"end":{"line":26,"column":30}},{"start":{"line":28,"column":2},"end":{"line":34,"column":13}},{"start":{"line":36,"column":2},"end":{"line":42,"column":28}},{"start":{"line":44,"column":2},"end":{"line":45,"column":98}},{"start":{"line":46,"column":2},"end":{"line":47,"column":16}},{"start":{"line":48,"column":2},"end":{"line":49,"column":16}}],"line":7},"1":{"loc":{"start":{"line":53,"column":86},"end":{"line":53,"column":144}},"type":"if","locations":[{"start":{"line":53,"column":86},"end":{"line":53,"column":144}},{"start":{"line":53,"column":86},"end":{"line":53,"column":144}}],"line":53}},"s":{"0":1,"1":1,"2":7,"3":1,"4":1,"5":0,"6":1,"7":1,"8":1,"9":1,"10":0,"11":1,"12":1,"13":1,"14":1,"15":0,"16":0},"f":{"0":7,"1":1,"2":1},"b":{"0":[1,1,0,1,1,1,1,0,1],"1":[1,0]},"_coverageSchema":"332fd63041d2c1bcb487cc26dd0d5f7d97098a6c","hash":"770a50765370dc8747a6d81f8e0abcd5841e8a31"}
,"C:\\MAIN\\Other\\FrontCamp\\BlogsApp\\src\\client\\js\\reducers\\search.js": {"path":"C:\\MAIN\\Other\\FrontCamp\\BlogsApp\\src\\client\\js\\reducers\\search.js","statementMap":{"0":{"start":{"line":1,"column":39},"end":{"line":1,"column":101}},"1":{"start":{"line":1,"column":116},"end":{"line":1,"column":347}},"2":{"start":{"line":1,"column":152},"end":{"line":1,"column":332}},"3":{"start":{"line":1,"column":209},"end":{"line":1,"column":221}},"4":{"start":{"line":1,"column":222},"end":{"line":1,"column":331}},"5":{"start":{"line":1,"column":247},"end":{"line":1,"column":330}},"6":{"start":{"line":1,"column":303},"end":{"line":1,"column":329}},"7":{"start":{"line":1,"column":332},"end":{"line":1,"column":346}},"8":{"start":{"line":3,"column":13},"end":{"line":18,"column":1}},"9":{"start":{"line":4,"column":1},"end":{"line":16,"column":17}},"10":{"start":{"line":6,"column":3},"end":{"line":8,"column":35}},"11":{"start":{"line":11,"column":3},"end":{"line":13,"column":35}},"12":{"start":{"line":16,"column":3},"end":{"line":16,"column":16}},"13":{"start":{"line":20,"column":74},"end":{"line":20,"column":385}},"14":{"start":{"line":20,"column":87},"end":{"line":20,"column":145}},"15":{"start":{"line":20,"column":137},"end":{"line":20,"column":144}},"16":{"start":{"line":20,"column":145},"end":{"line":20,"column":262}},"17":{"start":{"line":20,"column":262},"end":{"line":20,"column":382}}},"fnMap":{"0":{"name":"(anonymous_0)","decl":{"start":{"line":1,"column":133},"end":{"line":1,"column":134}},"loc":{"start":{"line":1,"column":151},"end":{"line":1,"column":347}},"line":1},"1":{"name":"search","decl":{"start":{"line":3,"column":22},"end":{"line":3,"column":28}},"loc":{"start":{"line":3,"column":31},"end":{"line":18,"column":1}},"line":3},"2":{"name":"(anonymous_2)","decl":{"start":{"line":20,"column":74},"end":{"line":20,"column":75}},"loc":{"start":{"line":20,"column":86},"end":{"line":20,"column":383}},"line":20}},"branchMap":{"0":{"loc":{"start":{"line":1,"column":116},"end":{"line":1,"column":347}},"type":"binary-expr","locations":[{"start":{"line":1,"column":116},"end":{"line":1,"column":129}},{"start":{"line":1,"column":133},"end":{"line":1,"column":347}}],"line":1},"1":{"loc":{"start":{"line":1,"column":247},"end":{"line":1,"column":330}},"type":"if","locations":[{"start":{"line":1,"column":247},"end":{"line":1,"column":330}},{"start":{"line":1,"column":247},"end":{"line":1,"column":330}}],"line":1},"2":{"loc":{"start":{"line":4,"column":1},"end":{"line":16,"column":17}},"type":"switch","locations":[{"start":{"line":5,"column":2},"end":{"line":8,"column":35}},{"start":{"line":10,"column":2},"end":{"line":13,"column":35}},{"start":{"line":15,"column":2},"end":{"line":16,"column":16}}],"line":4},"3":{"loc":{"start":{"line":20,"column":87},"end":{"line":20,"column":145}},"type":"if","locations":[{"start":{"line":20,"column":87},"end":{"line":20,"column":145}},{"start":{"line":20,"column":87},"end":{"line":20,"column":145}}],"line":20}},"s":{"0":1,"1":1,"2":0,"3":0,"4":0,"5":0,"6":0,"7":0,"8":1,"9":3,"10":1,"11":1,"12":1,"13":1,"14":1,"15":1,"16":0,"17":0},"f":{"0":0,"1":3,"2":1},"b":{"0":[1,0],"1":[0,0],"2":[1,1,1],"3":[1,0]},"_coverageSchema":"332fd63041d2c1bcb487cc26dd0d5f7d97098a6c","hash":"ca3a263ad8a16921c8c639a9ad90c6fca7010c11"}
}
