{"C:\\MAIN\\Other\\FrontCamp\\BlogsApp\\jest-config\\jestconfig.js": {"path":"C:\\MAIN\\Other\\FrontCamp\\BlogsApp\\jest-config\\jestconfig.js","statementMap":{"0":{"start":{"line":2,"column":223},"end":{"line":2,"column":277}},"1":{"start":{"line":8,"column":0},"end":{"line":8,"column":59}},"2":{"start":{"line":9,"column":0},"end":{"line":9,"column":57}},"3":{"start":{"line":10,"column":0},"end":{"line":10,"column":55}},"4":{"start":{"line":10,"column":95},"end":{"line":10,"column":169}},"5":{"start":{"line":10,"column":108},"end":{"line":10,"column":166}},"6":{"start":{"line":10,"column":158},"end":{"line":10,"column":165}}},"fnMap":{"0":{"name":"_interopRequireDefault","decl":{"start":{"line":2,"column":194},"end":{"line":2,"column":216}},"loc":{"start":{"line":2,"column":222},"end":{"line":2,"column":278}},"line":2},"1":{"name":"(anonymous_1)","decl":{"start":{"line":10,"column":95},"end":{"line":10,"column":96}},"loc":{"start":{"line":10,"column":107},"end":{"line":10,"column":167}},"line":10}},"branchMap":{"0":{"loc":{"start":{"line":2,"column":230},"end":{"line":2,"column":276}},"type":"cond-expr","locations":[{"start":{"line":2,"column":254},"end":{"line":2,"column":257}},{"start":{"line":2,"column":260},"end":{"line":2,"column":276}}],"line":2},"1":{"loc":{"start":{"line":2,"column":230},"end":{"line":2,"column":251}},"type":"binary-expr","locations":[{"start":{"line":2,"column":230},"end":{"line":2,"column":233}},{"start":{"line":2,"column":237},"end":{"line":2,"column":251}}],"line":2},"2":{"loc":{"start":{"line":10,"column":108},"end":{"line":10,"column":166}},"type":"if","locations":[{"start":{"line":10,"column":108},"end":{"line":10,"column":166}},{"start":{"line":10,"column":108},"end":{"line":10,"column":166}}],"line":10}},"s":{"0":12,"1":6,"2":6,"3":6,"4":6,"5":6,"6":6},"f":{"0":12,"1":6},"b":{"0":[0,12],"1":[12,12],"2":[6,0]},"_coverageSchema":"332fd63041d2c1bcb487cc26dd0d5f7d97098a6c","hash":"1c57596f95e476e48a0a9542a3c17be794b43da6"}
,"C:\\MAIN\\Other\\FrontCamp\\BlogsApp\\src\\client\\js\\config.js": {"path":"C:\\MAIN\\Other\\FrontCamp\\BlogsApp\\src\\client\\js\\config.js","statementMap":{"0":{"start":{"line":1,"column":39},"end":{"line":1,"column":101}},"1":{"start":{"line":1,"column":144},"end":{"line":1,"column":188}},"2":{"start":{"line":5,"column":44},"end":{"line":21,"column":39}},"3":{"start":{"line":24,"column":46},"end":{"line":24,"column":80}},"4":{"start":{"line":25,"column":51},"end":{"line":25,"column":95}},"5":{"start":{"line":26,"column":55},"end":{"line":26,"column":90}},"6":{"start":{"line":26,"column":131},"end":{"line":26,"column":833}},"7":{"start":{"line":26,"column":144},"end":{"line":26,"column":202}},"8":{"start":{"line":26,"column":194},"end":{"line":26,"column":201}},"9":{"start":{"line":26,"column":202},"end":{"line":26,"column":318}},"10":{"start":{"line":26,"column":318},"end":{"line":26,"column":436}},"11":{"start":{"line":26,"column":436},"end":{"line":26,"column":558}},"12":{"start":{"line":26,"column":558},"end":{"line":26,"column":690}},"13":{"start":{"line":26,"column":690},"end":{"line":26,"column":830}}},"fnMap":{"0":{"name":"(anonymous_0)","decl":{"start":{"line":26,"column":131},"end":{"line":26,"column":132}},"loc":{"start":{"line":26,"column":143},"end":{"line":26,"column":831}},"line":26}},"branchMap":{"0":{"loc":{"start":{"line":26,"column":144},"end":{"line":26,"column":202}},"type":"if","locations":[{"start":{"line":26,"column":144},"end":{"line":26,"column":202}},{"start":{"line":26,"column":144},"end":{"line":26,"column":202}}],"line":26}},"s":{"0":5,"1":5,"2":5,"3":5,"4":5,"5":5,"6":5,"7":5,"8":5,"9":0,"10":0,"11":0,"12":0,"13":0},"f":{"0":5},"b":{"0":[5,0]},"_coverageSchema":"332fd63041d2c1bcb487cc26dd0d5f7d97098a6c","hash":"f3a91f77f5fff1b5150116d0325aa03e81fe7dc8"}
,"C:\\MAIN\\Other\\FrontCamp\\BlogsApp\\src\\client\\js\\actions\\index.js": {"path":"C:\\MAIN\\Other\\FrontCamp\\BlogsApp\\src\\client\\js\\actions\\index.js","statementMap":{"0":{"start":{"line":1,"column":39},"end":{"line":1,"column":101}},"1":{"start":{"line":1,"column":101},"end":{"line":1,"column":476}},"2":{"start":{"line":3,"column":45},"end":{"line":8,"column":1}},"3":{"start":{"line":4,"column":1},"end":{"line":6,"column":23}},"4":{"start":{"line":10,"column":38},"end":{"line":15,"column":1}},"5":{"start":{"line":11,"column":1},"end":{"line":13,"column":15}},"6":{"start":{"line":17,"column":46},"end":{"line":21,"column":1}},"7":{"start":{"line":18,"column":1},"end":{"line":19,"column":71}},"8":{"start":{"line":23,"column":39},"end":{"line":28,"column":1}},"9":{"start":{"line":24,"column":1},"end":{"line":26,"column":25}},"10":{"start":{"line":30,"column":48},"end":{"line":35,"column":1}},"11":{"start":{"line":31,"column":1},"end":{"line":33,"column":21}},"12":{"start":{"line":37,"column":41},"end":{"line":42,"column":1}},"13":{"start":{"line":38,"column":1},"end":{"line":40,"column":25}},"14":{"start":{"line":44,"column":42},"end":{"line":48,"column":1}},"15":{"start":{"line":45,"column":1},"end":{"line":46,"column":68}},"16":{"start":{"line":50,"column":52},"end":{"line":55,"column":1}},"17":{"start":{"line":51,"column":1},"end":{"line":53,"column":22}},"18":{"start":{"line":57,"column":46},"end":{"line":61,"column":1}},"19":{"start":{"line":58,"column":1},"end":{"line":59,"column":75}},"20":{"start":{"line":63,"column":47},"end":{"line":68,"column":1}},"21":{"start":{"line":64,"column":1},"end":{"line":66,"column":15}},"22":{"start":{"line":70,"column":40},"end":{"line":76,"column":1}},"23":{"start":{"line":71,"column":1},"end":{"line":74,"column":20}},"24":{"start":{"line":78,"column":50},"end":{"line":83,"column":1}},"25":{"start":{"line":79,"column":1},"end":{"line":81,"column":11}},"26":{"start":{"line":85,"column":43},"end":{"line":90,"column":1}},"27":{"start":{"line":86,"column":1},"end":{"line":88,"column":11}},"28":{"start":{"line":92,"column":46},"end":{"line":96,"column":1}},"29":{"start":{"line":93,"column":1},"end":{"line":94,"column":71}},"30":{"start":{"line":98,"column":47},"end":{"line":103,"column":1}},"31":{"start":{"line":99,"column":1},"end":{"line":101,"column":17}},"32":{"start":{"line":105,"column":47},"end":{"line":110,"column":1}},"33":{"start":{"line":106,"column":1},"end":{"line":108,"column":17}},"34":{"start":{"line":110,"column":42},"end":{"line":110,"column":2142}},"35":{"start":{"line":110,"column":55},"end":{"line":110,"column":113}},"36":{"start":{"line":110,"column":105},"end":{"line":110,"column":112}},"37":{"start":{"line":110,"column":113},"end":{"line":110,"column":240}},"38":{"start":{"line":110,"column":240},"end":{"line":110,"column":353}},"39":{"start":{"line":110,"column":353},"end":{"line":110,"column":482}},"40":{"start":{"line":110,"column":482},"end":{"line":110,"column":597}},"41":{"start":{"line":110,"column":597},"end":{"line":110,"column":730}},"42":{"start":{"line":110,"column":730},"end":{"line":110,"column":849}},"43":{"start":{"line":110,"column":849},"end":{"line":110,"column":970}},"44":{"start":{"line":110,"column":970},"end":{"line":110,"column":1111}},"45":{"start":{"line":110,"column":1111},"end":{"line":110,"column":1240}},"46":{"start":{"line":110,"column":1240},"end":{"line":110,"column":1371}},"47":{"start":{"line":110,"column":1371},"end":{"line":110,"column":1488}},"48":{"start":{"line":110,"column":1488},"end":{"line":110,"column":1625}},"49":{"start":{"line":110,"column":1625},"end":{"line":110,"column":1748}},"50":{"start":{"line":110,"column":1748},"end":{"line":110,"column":1877}},"51":{"start":{"line":110,"column":1877},"end":{"line":110,"column":2008}},"52":{"start":{"line":110,"column":2008},"end":{"line":110,"column":2139}}},"fnMap":{"0":{"name":"requestLogin","decl":{"start":{"line":3,"column":77},"end":{"line":3,"column":89}},"loc":{"start":{"line":3,"column":100},"end":{"line":8,"column":1}},"line":3},"1":{"name":"login","decl":{"start":{"line":10,"column":63},"end":{"line":10,"column":68}},"loc":{"start":{"line":10,"column":75},"end":{"line":15,"column":1}},"line":10},"2":{"name":"requestLogout","decl":{"start":{"line":17,"column":79},"end":{"line":17,"column":92}},"loc":{"start":{"line":17,"column":95},"end":{"line":21,"column":1}},"line":17},"3":{"name":"logout","decl":{"start":{"line":23,"column":65},"end":{"line":23,"column":71}},"loc":{"start":{"line":23,"column":83},"end":{"line":28,"column":1}},"line":23},"4":{"name":"requestRegister","decl":{"start":{"line":30,"column":83},"end":{"line":30,"column":98}},"loc":{"start":{"line":30,"column":108},"end":{"line":35,"column":1}},"line":30},"5":{"name":"register","decl":{"start":{"line":37,"column":69},"end":{"line":37,"column":77}},"loc":{"start":{"line":37,"column":89},"end":{"line":42,"column":1}},"line":37},"6":{"name":"initBlogs","decl":{"start":{"line":44,"column":71},"end":{"line":44,"column":80}},"loc":{"start":{"line":44,"column":83},"end":{"line":48,"column":1}},"line":44},"7":{"name":"blogsInitSuccessful","decl":{"start":{"line":50,"column":91},"end":{"line":50,"column":110}},"loc":{"start":{"line":50,"column":117},"end":{"line":55,"column":1}},"line":50},"8":{"name":"blogsInitFail","decl":{"start":{"line":57,"column":79},"end":{"line":57,"column":92}},"loc":{"start":{"line":57,"column":95},"end":{"line":61,"column":1}},"line":57},"9":{"name":"requestAddBlog","decl":{"start":{"line":63,"column":81},"end":{"line":63,"column":95}},"loc":{"start":{"line":63,"column":102},"end":{"line":68,"column":1}},"line":63},"10":{"name":"addBlog","decl":{"start":{"line":70,"column":67},"end":{"line":70,"column":74}},"loc":{"start":{"line":70,"column":81},"end":{"line":76,"column":1}},"line":70},"11":{"name":"requestDeleteBlog","decl":{"start":{"line":78,"column":87},"end":{"line":78,"column":104}},"loc":{"start":{"line":78,"column":109},"end":{"line":83,"column":1}},"line":78},"12":{"name":"deleteBlog","decl":{"start":{"line":85,"column":73},"end":{"line":85,"column":83}},"loc":{"start":{"line":85,"column":88},"end":{"line":90,"column":1}},"line":85},"13":{"name":"failedRequest","decl":{"start":{"line":92,"column":79},"end":{"line":92,"column":92}},"loc":{"start":{"line":92,"column":95},"end":{"line":96,"column":1}},"line":92},"14":{"name":"setSearchValue","decl":{"start":{"line":98,"column":81},"end":{"line":98,"column":95}},"loc":{"start":{"line":98,"column":103},"end":{"line":103,"column":1}},"line":98},"15":{"name":"setSearchParam","decl":{"start":{"line":105,"column":81},"end":{"line":105,"column":95}},"loc":{"start":{"line":105,"column":103},"end":{"line":110,"column":1}},"line":105},"16":{"name":"(anonymous_16)","decl":{"start":{"line":110,"column":42},"end":{"line":110,"column":43}},"loc":{"start":{"line":110,"column":54},"end":{"line":110,"column":2140}},"line":110}},"branchMap":{"0":{"loc":{"start":{"line":110,"column":55},"end":{"line":110,"column":113}},"type":"if","locations":[{"start":{"line":110,"column":55},"end":{"line":110,"column":113}},{"start":{"line":110,"column":55},"end":{"line":110,"column":113}}],"line":110}},"s":{"0":4,"1":4,"2":4,"3":2,"4":4,"5":1,"6":4,"7":2,"8":4,"9":1,"10":4,"11":2,"12":4,"13":1,"14":4,"15":2,"16":4,"17":1,"18":4,"19":1,"20":4,"21":2,"22":4,"23":1,"24":4,"25":2,"26":4,"27":1,"28":4,"29":1,"30":4,"31":1,"32":4,"33":1,"34":4,"35":4,"36":4,"37":0,"38":0,"39":0,"40":0,"41":0,"42":0,"43":0,"44":0,"45":0,"46":0,"47":0,"48":0,"49":0,"50":0,"51":0,"52":0},"f":{"0":2,"1":1,"2":2,"3":1,"4":2,"5":1,"6":2,"7":1,"8":1,"9":2,"10":1,"11":2,"12":1,"13":1,"14":1,"15":1,"16":4},"b":{"0":[4,0]},"_coverageSchema":"332fd63041d2c1bcb487cc26dd0d5f7d97098a6c","hash":"2d345003c05e6b92f24bbc7bd1271e4fe8c012eb"}
,"C:\\MAIN\\Other\\FrontCamp\\BlogsApp\\src\\client\\js\\components\\BlogDetails\\index.jsx": {"path":"C:\\MAIN\\Other\\FrontCamp\\BlogsApp\\src\\client\\js\\components\\BlogDetails\\index.jsx","statementMap":{"0":{"start":{"line":1,"column":39},"end":{"line":1,"column":101}},"1":{"start":{"line":5,"column":18},"end":{"line":25,"column":1}},"2":{"start":{"line":6,"column":1},"end":{"line":23,"column":167}},"3":{"start":{"line":7,"column":1},"end":{"line":19,"column":194}},"4":{"start":{"line":22,"column":1},"end":{"line":23,"column":167}},"5":{"start":{"line":27,"column":79},"end":{"line":27,"column":428}},"6":{"start":{"line":27,"column":92},"end":{"line":27,"column":150}},"7":{"start":{"line":27,"column":142},"end":{"line":27,"column":149}},"8":{"start":{"line":27,"column":150},"end":{"line":27,"column":291}},"9":{"start":{"line":27,"column":291},"end":{"line":27,"column":425}}},"fnMap":{"0":{"name":"BlogDetails","decl":{"start":{"line":5,"column":27},"end":{"line":5,"column":38}},"loc":{"start":{"line":5,"column":72},"end":{"line":25,"column":1}},"line":5},"1":{"name":"(anonymous_1)","decl":{"start":{"line":27,"column":79},"end":{"line":27,"column":80}},"loc":{"start":{"line":27,"column":91},"end":{"line":27,"column":426}},"line":27}},"branchMap":{"0":{"loc":{"start":{"line":6,"column":1},"end":{"line":23,"column":167}},"type":"if","locations":[{"start":{"line":6,"column":1},"end":{"line":23,"column":167}},{"start":{"line":6,"column":1},"end":{"line":23,"column":167}}],"line":6},"1":{"loc":{"start":{"line":27,"column":92},"end":{"line":27,"column":150}},"type":"if","locations":[{"start":{"line":27,"column":92},"end":{"line":27,"column":150}},{"start":{"line":27,"column":92},"end":{"line":27,"column":150}}],"line":27}},"s":{"0":1,"1":1,"2":2,"3":1,"4":1,"5":1,"6":1,"7":1,"8":0,"9":0},"f":{"0":2,"1":1},"b":{"0":[1,1],"1":[1,0]},"_coverageSchema":"332fd63041d2c1bcb487cc26dd0d5f7d97098a6c","hash":"77a9915b177e3fe0ff2df39431b793e8fe81350c"}
,"C:\\MAIN\\Other\\FrontCamp\\BlogsApp\\src\\client\\js\\components\\BlogDetails\\styles.scss": {"path":"C:\\MAIN\\Other\\FrontCamp\\BlogsApp\\src\\client\\js\\components\\BlogDetails\\styles.scss","statementMap":{},"fnMap":{},"branchMap":{},"s":{},"f":{},"b":{},"_coverageSchema":"332fd63041d2c1bcb487cc26dd0d5f7d97098a6c","hash":"310acb1bbb6b8090df521144154a16a0ff67404e"}
,"C:\\MAIN\\Other\\FrontCamp\\BlogsApp\\src\\client\\js\\effects\\authentication.js": {"path":"C:\\MAIN\\Other\\FrontCamp\\BlogsApp\\src\\client\\js\\effects\\authentication.js","statementMap":{"0":{"start":{"line":1,"column":39},"end":{"line":1,"column":101}},"1":{"start":{"line":1,"column":101},"end":{"line":1,"column":196}},"2":{"start":{"line":3,"column":49},"end":{"line":19,"column":7}},"3":{"start":{"line":21,"column":50},"end":{"line":33,"column":7}},"4":{"start":{"line":36,"column":52},"end":{"line":49,"column":7}},"5":{"start":{"line":49,"column":48},"end":{"line":49,"column":562}},"6":{"start":{"line":49,"column":61},"end":{"line":49,"column":119}},"7":{"start":{"line":49,"column":111},"end":{"line":49,"column":118}},"8":{"start":{"line":49,"column":119},"end":{"line":49,"column":263}},"9":{"start":{"line":49,"column":263},"end":{"line":49,"column":409}},"10":{"start":{"line":49,"column":409},"end":{"line":49,"column":559}}},"fnMap":{"0":{"name":"requestLoginCall","decl":{"start":{"line":3,"column":85},"end":{"line":3,"column":101}},"loc":{"start":{"line":3,"column":138},"end":{"line":19,"column":7}},"line":3},"1":{"name":"requestLogoutCall","decl":{"start":{"line":21,"column":87},"end":{"line":21,"column":104}},"loc":{"start":{"line":21,"column":133},"end":{"line":33,"column":7}},"line":21},"2":{"name":"requestRegisterCall","decl":{"start":{"line":36,"column":91},"end":{"line":36,"column":110}},"loc":{"start":{"line":36,"column":146},"end":{"line":49,"column":7}},"line":36},"3":{"name":"(anonymous_3)","decl":{"start":{"line":49,"column":48},"end":{"line":49,"column":49}},"loc":{"start":{"line":49,"column":60},"end":{"line":49,"column":560}},"line":49}},"branchMap":{"0":{"loc":{"start":{"line":49,"column":61},"end":{"line":49,"column":119}},"type":"if","locations":[{"start":{"line":49,"column":61},"end":{"line":49,"column":119}},{"start":{"line":49,"column":61},"end":{"line":49,"column":119}}],"line":49}},"s":{"0":1,"1":1,"2":1,"3":1,"4":1,"5":1,"6":1,"7":1,"8":0,"9":0,"10":0},"f":{"0":0,"1":0,"2":0,"3":1},"b":{"0":[1,0]},"_coverageSchema":"332fd63041d2c1bcb487cc26dd0d5f7d97098a6c","hash":"59ce83c205165e2fc1af41dfdead0ebdfabcccf3"}
,"C:\\MAIN\\Other\\FrontCamp\\BlogsApp\\src\\client\\js\\effects\\blogs.js": {"path":"C:\\MAIN\\Other\\FrontCamp\\BlogsApp\\src\\client\\js\\effects\\blogs.js","statementMap":{"0":{"start":{"line":1,"column":39},"end":{"line":1,"column":101}},"1":{"start":{"line":1,"column":101},"end":{"line":1,"column":226}},"2":{"start":{"line":3,"column":47},"end":{"line":7,"column":74}},"3":{"start":{"line":10,"column":51},"end":{"line":35,"column":7}},"4":{"start":{"line":37,"column":54},"end":{"line":42,"column":65}},"5":{"start":{"line":44,"column":51},"end":{"line":61,"column":1}},"6":{"start":{"line":45,"column":21},"end":{"line":45,"column":23}},"7":{"start":{"line":46,"column":1},"end":{"line":56,"column":4}},"8":{"start":{"line":47,"column":2},"end":{"line":53,"column":22}},"9":{"start":{"line":58,"column":1},"end":{"line":60,"column":4}},"10":{"start":{"line":59,"column":2},"end":{"line":59,"column":63}},"11":{"start":{"line":61,"column":42},"end":{"line":61,"column":670}},"12":{"start":{"line":61,"column":55},"end":{"line":61,"column":113}},"13":{"start":{"line":61,"column":105},"end":{"line":61,"column":112}},"14":{"start":{"line":61,"column":113},"end":{"line":61,"column":244}},"15":{"start":{"line":61,"column":244},"end":{"line":61,"column":383}},"16":{"start":{"line":61,"column":383},"end":{"line":61,"column":528}},"17":{"start":{"line":61,"column":528},"end":{"line":61,"column":667}}},"fnMap":{"0":{"name":"fetchBlogsCall","decl":{"start":{"line":3,"column":81},"end":{"line":3,"column":95}},"loc":{"start":{"line":3,"column":124},"end":{"line":7,"column":74}},"line":3},"1":{"name":"requestAddBlogCall","decl":{"start":{"line":10,"column":89},"end":{"line":10,"column":107}},"loc":{"start":{"line":10,"column":140},"end":{"line":35,"column":7}},"line":10},"2":{"name":"requestDeleteBlogCall","decl":{"start":{"line":37,"column":95},"end":{"line":37,"column":116}},"loc":{"start":{"line":37,"column":151},"end":{"line":42,"column":65}},"line":37},"3":{"name":"normalizeBlogsData","decl":{"start":{"line":44,"column":89},"end":{"line":44,"column":107}},"loc":{"start":{"line":44,"column":119},"end":{"line":61,"column":1}},"line":44},"4":{"name":"(anonymous_4)","decl":{"start":{"line":46,"column":19},"end":{"line":46,"column":20}},"loc":{"start":{"line":46,"column":32},"end":{"line":56,"column":2}},"line":46},"5":{"name":"(anonymous_5)","decl":{"start":{"line":58,"column":27},"end":{"line":58,"column":28}},"loc":{"start":{"line":58,"column":51},"end":{"line":60,"column":2}},"line":58},"6":{"name":"(anonymous_6)","decl":{"start":{"line":61,"column":42},"end":{"line":61,"column":43}},"loc":{"start":{"line":61,"column":54},"end":{"line":61,"column":668}},"line":61}},"branchMap":{"0":{"loc":{"start":{"line":61,"column":55},"end":{"line":61,"column":113}},"type":"if","locations":[{"start":{"line":61,"column":55},"end":{"line":61,"column":113}},{"start":{"line":61,"column":55},"end":{"line":61,"column":113}}],"line":61}},"s":{"0":2,"1":2,"2":2,"3":2,"4":2,"5":2,"6":3,"7":3,"8":7,"9":3,"10":5,"11":2,"12":2,"13":2,"14":0,"15":0,"16":0,"17":0},"f":{"0":0,"1":0,"2":0,"3":3,"4":7,"5":5,"6":2},"b":{"0":[2,0]},"_coverageSchema":"332fd63041d2c1bcb487cc26dd0d5f7d97098a6c","hash":"ecdaaf136033692d06d074cf8d88d74b804244b2"}
,"C:\\MAIN\\Other\\FrontCamp\\BlogsApp\\src\\client\\js\\reducers\\authentication.js": {"path":"C:\\MAIN\\Other\\FrontCamp\\BlogsApp\\src\\client\\js\\reducers\\authentication.js","statementMap":{"0":{"start":{"line":1,"column":39},"end":{"line":1,"column":101}},"1":{"start":{"line":1,"column":116},"end":{"line":1,"column":347}},"2":{"start":{"line":1,"column":152},"end":{"line":1,"column":332}},"3":{"start":{"line":1,"column":209},"end":{"line":1,"column":221}},"4":{"start":{"line":1,"column":222},"end":{"line":1,"column":331}},"5":{"start":{"line":1,"column":247},"end":{"line":1,"column":330}},"6":{"start":{"line":1,"column":303},"end":{"line":1,"column":329}},"7":{"start":{"line":1,"column":332},"end":{"line":1,"column":346}},"8":{"start":{"line":6,"column":21},"end":{"line":47,"column":1}},"9":{"start":{"line":7,"column":1},"end":{"line":45,"column":17}},"10":{"start":{"line":9,"column":3},"end":{"line":14,"column":34}},"11":{"start":{"line":17,"column":3},"end":{"line":19,"column":24}},"12":{"start":{"line":22,"column":3},"end":{"line":26,"column":78}},"13":{"start":{"line":29,"column":3},"end":{"line":33,"column":9}},"14":{"start":{"line":35,"column":3},"end":{"line":40,"column":33}},"15":{"start":{"line":43,"column":3},"end":{"line":43,"column":16}},"16":{"start":{"line":45,"column":3},"end":{"line":45,"column":16}},"17":{"start":{"line":49,"column":82},"end":{"line":49,"column":425}},"18":{"start":{"line":49,"column":95},"end":{"line":49,"column":153}},"19":{"start":{"line":49,"column":145},"end":{"line":49,"column":152}},"20":{"start":{"line":49,"column":153},"end":{"line":49,"column":294}},"21":{"start":{"line":49,"column":294},"end":{"line":49,"column":422}}},"fnMap":{"0":{"name":"(anonymous_0)","decl":{"start":{"line":1,"column":133},"end":{"line":1,"column":134}},"loc":{"start":{"line":1,"column":151},"end":{"line":1,"column":347}},"line":1},"1":{"name":"authentication","decl":{"start":{"line":6,"column":30},"end":{"line":6,"column":44}},"loc":{"start":{"line":6,"column":47},"end":{"line":47,"column":1}},"line":6},"2":{"name":"(anonymous_2)","decl":{"start":{"line":49,"column":82},"end":{"line":49,"column":83}},"loc":{"start":{"line":49,"column":94},"end":{"line":49,"column":423}},"line":49}},"branchMap":{"0":{"loc":{"start":{"line":1,"column":116},"end":{"line":1,"column":347}},"type":"binary-expr","locations":[{"start":{"line":1,"column":116},"end":{"line":1,"column":129}},{"start":{"line":1,"column":133},"end":{"line":1,"column":347}}],"line":1},"1":{"loc":{"start":{"line":1,"column":247},"end":{"line":1,"column":330}},"type":"if","locations":[{"start":{"line":1,"column":247},"end":{"line":1,"column":330}},{"start":{"line":1,"column":247},"end":{"line":1,"column":330}}],"line":1},"2":{"loc":{"start":{"line":7,"column":1},"end":{"line":45,"column":17}},"type":"switch","locations":[{"start":{"line":8,"column":2},"end":{"line":14,"column":34}},{"start":{"line":16,"column":2},"end":{"line":19,"column":24}},{"start":{"line":21,"column":2},"end":{"line":26,"column":78}},{"start":{"line":28,"column":2},"end":{"line":33,"column":9}},{"start":{"line":34,"column":2},"end":{"line":40,"column":33}},{"start":{"line":42,"column":2},"end":{"line":43,"column":16}},{"start":{"line":44,"column":2},"end":{"line":45,"column":16}}],"line":7},"3":{"loc":{"start":{"line":29,"column":10},"end":{"line":33,"column":8}},"type":"cond-expr","locations":[{"start":{"line":33,"column":3},"end":{"line":33,"column":8}}],"line":29},"4":{"loc":{"start":{"line":49,"column":95},"end":{"line":49,"column":153}},"type":"if","locations":[{"start":{"line":49,"column":95},"end":{"line":49,"column":153}},{"start":{"line":49,"column":95},"end":{"line":49,"column":153}}],"line":49}},"s":{"0":1,"1":1,"2":0,"3":0,"4":0,"5":0,"6":0,"7":0,"8":1,"9":7,"10":1,"11":1,"12":1,"13":2,"14":1,"15":0,"16":1,"17":1,"18":1,"19":1,"20":0,"21":0},"f":{"0":0,"1":7,"2":1},"b":{"0":[1,0],"1":[0,0],"2":[1,1,1,2,1,0,1],"3":[1],"4":[1,0]},"_coverageSchema":"332fd63041d2c1bcb487cc26dd0d5f7d97098a6c","hash":"12240c1ca971a13811057379d6ea1dbc65850b2d"}
,"C:\\MAIN\\Other\\FrontCamp\\BlogsApp\\src\\client\\js\\reducers\\blogs.js": {"path":"C:\\MAIN\\Other\\FrontCamp\\BlogsApp\\src\\client\\js\\reducers\\blogs.js","statementMap":{"0":{"start":{"line":1,"column":39},"end":{"line":1,"column":101}},"1":{"start":{"line":6,"column":12},"end":{"line":51,"column":1}},"2":{"start":{"line":7,"column":1},"end":{"line":49,"column":17}},"3":{"start":{"line":9,"column":3},"end":{"line":13,"column":78}},"4":{"start":{"line":17,"column":3},"end":{"line":17,"column":83}},"5":{"start":{"line":19,"column":3},"end":{"line":19,"column":16}},"6":{"start":{"line":21,"column":3},"end":{"line":26,"column":30}},"7":{"start":{"line":29,"column":3},"end":{"line":34,"column":13}},"8":{"start":{"line":37,"column":3},"end":{"line":42,"column":28}},"9":{"start":{"line":45,"column":3},"end":{"line":45,"column":98}},"10":{"start":{"line":47,"column":3},"end":{"line":47,"column":16}},"11":{"start":{"line":49,"column":3},"end":{"line":49,"column":16}},"12":{"start":{"line":53,"column":73},"end":{"line":53,"column":380}},"13":{"start":{"line":53,"column":86},"end":{"line":53,"column":144}},"14":{"start":{"line":53,"column":136},"end":{"line":53,"column":143}},"15":{"start":{"line":53,"column":144},"end":{"line":53,"column":258}},"16":{"start":{"line":53,"column":258},"end":{"line":53,"column":377}}},"fnMap":{"0":{"name":"blogs","decl":{"start":{"line":6,"column":21},"end":{"line":6,"column":26}},"loc":{"start":{"line":6,"column":29},"end":{"line":51,"column":1}},"line":6},"1":{"name":"(anonymous_1)","decl":{"start":{"line":45,"column":23},"end":{"line":45,"column":24}},"loc":{"start":{"line":45,"column":65},"end":{"line":45,"column":96}},"line":45},"2":{"name":"(anonymous_2)","decl":{"start":{"line":53,"column":73},"end":{"line":53,"column":74}},"loc":{"start":{"line":53,"column":85},"end":{"line":53,"column":378}},"line":53}},"branchMap":{"0":{"loc":{"start":{"line":7,"column":1},"end":{"line":49,"column":17}},"type":"switch","locations":[{"start":{"line":8,"column":2},"end":{"line":13,"column":78}},{"start":{"line":16,"column":2},"end":{"line":17,"column":83}},{"start":{"line":18,"column":2},"end":{"line":19,"column":16}},{"start":{"line":20,"column":2},"end":{"line":26,"column":30}},{"start":{"line":28,"column":2},"end":{"line":34,"column":13}},{"start":{"line":36,"column":2},"end":{"line":42,"column":28}},{"start":{"line":44,"column":2},"end":{"line":45,"column":98}},{"start":{"line":46,"column":2},"end":{"line":47,"column":16}},{"start":{"line":48,"column":2},"end":{"line":49,"column":16}}],"line":7},"1":{"loc":{"start":{"line":53,"column":86},"end":{"line":53,"column":144}},"type":"if","locations":[{"start":{"line":53,"column":86},"end":{"line":53,"column":144}},{"start":{"line":53,"column":86},"end":{"line":53,"column":144}}],"line":53}},"s":{"0":1,"1":1,"2":7,"3":1,"4":1,"5":0,"6":1,"7":1,"8":1,"9":1,"10":0,"11":1,"12":1,"13":1,"14":1,"15":0,"16":0},"f":{"0":7,"1":1,"2":1},"b":{"0":[1,1,0,1,1,1,1,0,1],"1":[1,0]},"_coverageSchema":"332fd63041d2c1bcb487cc26dd0d5f7d97098a6c","hash":"770a50765370dc8747a6d81f8e0abcd5841e8a31"}
,"C:\\MAIN\\Other\\FrontCamp\\BlogsApp\\src\\client\\js\\reducers\\search.js": {"path":"C:\\MAIN\\Other\\FrontCamp\\BlogsApp\\src\\client\\js\\reducers\\search.js","statementMap":{"0":{"start":{"line":1,"column":39},"end":{"line":1,"column":101}},"1":{"start":{"line":1,"column":116},"end":{"line":1,"column":347}},"2":{"start":{"line":1,"column":152},"end":{"line":1,"column":332}},"3":{"start":{"line":1,"column":209},"end":{"line":1,"column":221}},"4":{"start":{"line":1,"column":222},"end":{"line":1,"column":331}},"5":{"start":{"line":1,"column":247},"end":{"line":1,"column":330}},"6":{"start":{"line":1,"column":303},"end":{"line":1,"column":329}},"7":{"start":{"line":1,"column":332},"end":{"line":1,"column":346}},"8":{"start":{"line":3,"column":13},"end":{"line":18,"column":1}},"9":{"start":{"line":4,"column":1},"end":{"line":16,"column":17}},"10":{"start":{"line":6,"column":3},"end":{"line":8,"column":35}},"11":{"start":{"line":11,"column":3},"end":{"line":13,"column":35}},"12":{"start":{"line":16,"column":3},"end":{"line":16,"column":16}},"13":{"start":{"line":20,"column":74},"end":{"line":20,"column":385}},"14":{"start":{"line":20,"column":87},"end":{"line":20,"column":145}},"15":{"start":{"line":20,"column":137},"end":{"line":20,"column":144}},"16":{"start":{"line":20,"column":145},"end":{"line":20,"column":262}},"17":{"start":{"line":20,"column":262},"end":{"line":20,"column":382}}},"fnMap":{"0":{"name":"(anonymous_0)","decl":{"start":{"line":1,"column":133},"end":{"line":1,"column":134}},"loc":{"start":{"line":1,"column":151},"end":{"line":1,"column":347}},"line":1},"1":{"name":"search","decl":{"start":{"line":3,"column":22},"end":{"line":3,"column":28}},"loc":{"start":{"line":3,"column":31},"end":{"line":18,"column":1}},"line":3},"2":{"name":"(anonymous_2)","decl":{"start":{"line":20,"column":74},"end":{"line":20,"column":75}},"loc":{"start":{"line":20,"column":86},"end":{"line":20,"column":383}},"line":20}},"branchMap":{"0":{"loc":{"start":{"line":1,"column":116},"end":{"line":1,"column":347}},"type":"binary-expr","locations":[{"start":{"line":1,"column":116},"end":{"line":1,"column":129}},{"start":{"line":1,"column":133},"end":{"line":1,"column":347}}],"line":1},"1":{"loc":{"start":{"line":1,"column":247},"end":{"line":1,"column":330}},"type":"if","locations":[{"start":{"line":1,"column":247},"end":{"line":1,"column":330}},{"start":{"line":1,"column":247},"end":{"line":1,"column":330}}],"line":1},"2":{"loc":{"start":{"line":4,"column":1},"end":{"line":16,"column":17}},"type":"switch","locations":[{"start":{"line":5,"column":2},"end":{"line":8,"column":35}},{"start":{"line":10,"column":2},"end":{"line":13,"column":35}},{"start":{"line":15,"column":2},"end":{"line":16,"column":16}}],"line":4},"3":{"loc":{"start":{"line":20,"column":87},"end":{"line":20,"column":145}},"type":"if","locations":[{"start":{"line":20,"column":87},"end":{"line":20,"column":145}},{"start":{"line":20,"column":87},"end":{"line":20,"column":145}}],"line":20}},"s":{"0":1,"1":1,"2":0,"3":0,"4":0,"5":0,"6":0,"7":0,"8":1,"9":3,"10":1,"11":1,"12":1,"13":1,"14":1,"15":1,"16":0,"17":0},"f":{"0":0,"1":3,"2":1},"b":{"0":[1,0],"1":[0,0],"2":[1,1,1],"3":[1,0]},"_coverageSchema":"332fd63041d2c1bcb487cc26dd0d5f7d97098a6c","hash":"ca3a263ad8a16921c8c639a9ad90c6fca7010c11"}
}
