TN:
SF:C:\MAIN\Other\FrontCamp\BlogsApp\jest-config\jestconfig.js
FN:2,_interopRequireDefault
FN:10,(anonymous_1)
FNF:2
FNH:2
FNDA:30,_interopRequireDefault
FNDA:15,(anonymous_1)
DA:2,30
DA:8,15
DA:9,15
DA:10,15
LF:4
LH:4
BRDA:2,0,0,0
BRDA:2,0,1,30
BRDA:2,1,0,30
BRDA:2,1,1,30
BRDA:10,2,0,15
BRDA:10,2,1,0
BRF:6
BRH:4
end_of_record
TN:
SF:C:\MAIN\Other\FrontCamp\BlogsApp\src\client\js\config.js
FN:26,(anonymous_0)
FNF:1
FNH:1
FNDA:6,(anonymous_0)
DA:1,6
DA:5,6
DA:24,6
DA:25,6
DA:26,6
LF:5
LH:5
BRDA:26,0,0,6
BRDA:26,0,1,0
BRF:2
BRH:1
end_of_record
TN:
SF:C:\MAIN\Other\FrontCamp\BlogsApp\src\client\js\actions\index.js
FN:3,requestLogin
FN:10,login
FN:17,requestLogout
FN:23,logout
FN:30,requestRegister
FN:37,register
FN:44,initBlogs
FN:50,blogsInitSuccessful
FN:57,blogsInitFail
FN:63,requestAddBlog
FN:70,addBlog
FN:78,requestDeleteBlog
FN:85,deleteBlog
FN:92,failedRequest
FN:98,setSearchValue
FN:105,setSearchParam
FN:110,(anonymous_16)
FNF:17
FNH:17
FNDA:2,requestLogin
FNDA:1,login
FNDA:2,requestLogout
FNDA:1,logout
FNDA:2,requestRegister
FNDA:1,register
FNDA:2,initBlogs
FNDA:1,blogsInitSuccessful
FNDA:1,blogsInitFail
FNDA:2,requestAddBlog
FNDA:1,addBlog
FNDA:2,requestDeleteBlog
FNDA:1,deleteBlog
FNDA:1,failedRequest
FNDA:1,setSearchValue
FNDA:1,setSearchParam
FNDA:5,(anonymous_16)
DA:1,5
DA:3,5
DA:4,2
DA:10,5
DA:11,1
DA:17,5
DA:18,2
DA:23,5
DA:24,1
DA:30,5
DA:31,2
DA:37,5
DA:38,1
DA:44,5
DA:45,2
DA:50,5
DA:51,1
DA:57,5
DA:58,1
DA:63,5
DA:64,2
DA:70,5
DA:71,1
DA:78,5
DA:79,2
DA:85,5
DA:86,1
DA:92,5
DA:93,1
DA:98,5
DA:99,1
DA:105,5
DA:106,1
DA:110,5
LF:34
LH:34
BRDA:110,0,0,5
BRDA:110,0,1,0
BRF:2
BRH:1
end_of_record
TN:
SF:C:\MAIN\Other\FrontCamp\BlogsApp\src\client\js\components\Portal.jsx
FN:1,(anonymous_0)
FN:1,defineProperties
FN:1,(anonymous_2)
FN:2,_interopRequireDefault
FN:2,_classCallCheck
FN:2,_possibleConstructorReturn
FN:2,_inherits
FN:4,(anonymous_7)
FN:5,Portal
FN:10,componentDidMount
FN:14,componentWillUnmount
FN:18,render
FN:28,(anonymous_12)
FNF:13
FNH:7
FNDA:1,(anonymous_0)
FNDA:1,defineProperties
FNDA:1,(anonymous_2)
FNDA:2,_interopRequireDefault
FNDA:0,_classCallCheck
FNDA:0,_possibleConstructorReturn
FNDA:1,_inherits
FNDA:1,(anonymous_7)
FNDA:0,Portal
FNDA:0,componentDidMount
FNDA:0,componentWillUnmount
FNDA:0,render
FNDA:1,(anonymous_12)
DA:1,3
DA:2,2
DA:4,1
DA:5,0
DA:10,1
DA:13,0
DA:17,0
DA:21,0
DA:25,1
DA:28,1
LF:10
LH:6
BRDA:1,0,0,3
BRDA:1,0,1,3
BRDA:1,1,0,3
BRDA:1,1,1,0
BRDA:1,2,0,1
BRDA:1,2,1,0
BRDA:1,3,0,0
BRDA:1,3,1,1
BRDA:2,4,0,0
BRDA:2,4,1,2
BRDA:2,5,0,2
BRDA:2,5,1,2
BRDA:2,6,0,0
BRDA:2,6,1,0
BRDA:2,7,0,0
BRDA:2,7,1,0
BRDA:2,8,0,0
BRDA:2,8,1,0
BRDA:2,9,0,0
BRDA:2,9,1,0
BRDA:2,9,2,0
BRDA:2,10,0,0
BRDA:2,10,1,1
BRDA:2,11,0,1
BRDA:2,11,1,0
BRDA:2,12,0,1
BRDA:2,12,1,1
BRDA:2,13,0,1
BRDA:2,13,1,0
BRDA:2,14,0,1
BRDA:2,14,1,0
BRDA:5,15,0,0
BRDA:5,15,1,0
BRDA:28,16,0,1
BRDA:28,16,1,0
BRF:35
BRH:15
end_of_record
TN:
SF:C:\MAIN\Other\FrontCamp\BlogsApp\src\client\js\components\BlogDetails\index.jsx
FN:5,BlogDetails
FN:27,(anonymous_1)
FNF:2
FNH:2
FNDA:2,BlogDetails
FNDA:1,(anonymous_1)
DA:1,1
DA:5,1
DA:6,2
DA:7,1
DA:22,1
DA:27,1
LF:6
LH:6
BRDA:6,0,0,1
BRDA:6,0,1,1
BRDA:27,1,0,1
BRDA:27,1,1,0
BRF:4
BRH:3
end_of_record
TN:
SF:C:\MAIN\Other\FrontCamp\BlogsApp\src\client\js\components\BlogDetails\styles.scss
FNF:0
FNH:0
LF:0
LH:0
BRF:0
BRH:0
end_of_record
TN:
SF:C:\MAIN\Other\FrontCamp\BlogsApp\src\client\js\components\BlogsApp\index.jsx
FN:10,BlogsApp
FN:21,(anonymous_1)
FNF:2
FNH:2
FNDA:1,BlogsApp
FNDA:1,(anonymous_1)
DA:1,1
DA:10,1
DA:21,1
LF:3
LH:3
BRDA:21,0,0,1
BRDA:21,0,1,0
BRF:2
BRH:1
end_of_record
TN:
SF:C:\MAIN\Other\FrontCamp\BlogsApp\src\client\js\components\BlogsApp\styles.scss
FNF:0
FNH:0
LF:0
LH:0
BRF:0
BRH:0
end_of_record
TN:
SF:C:\MAIN\Other\FrontCamp\BlogsApp\src\client\js\components\BlogsApp\AddBlogButton\index.jsx
FN:5,AddBlogBtn
FN:9,(anonymous_1)
FNF:2
FNH:2
FNDA:1,AddBlogBtn
FNDA:2,(anonymous_1)
DA:1,2
DA:5,2
DA:9,2
LF:3
LH:3
BRDA:9,0,0,2
BRDA:9,0,1,0
BRF:2
BRH:1
end_of_record
TN:
SF:C:\MAIN\Other\FrontCamp\BlogsApp\src\client\js\components\BlogsApp\AddBlogButton\styles.scss
FNF:0
FNH:0
LF:0
LH:0
BRF:0
BRH:0
end_of_record
TN:
SF:C:\MAIN\Other\FrontCamp\BlogsApp\src\client\js\components\BlogsApp\Blog\index.jsx
FN:5,Blog
FN:20,(anonymous_1)
FNF:2
FNH:2
FNDA:1,Blog
FNDA:3,(anonymous_1)
DA:1,3
DA:5,3
DA:20,3
LF:3
LH:3
BRDA:20,0,0,3
BRDA:20,0,1,0
BRF:2
BRH:1
end_of_record
TN:
SF:C:\MAIN\Other\FrontCamp\BlogsApp\src\client\js\components\BlogsApp\Blog\styles.scss
FNF:0
FNH:0
LF:0
LH:0
BRF:0
BRH:0
end_of_record
TN:
SF:C:\MAIN\Other\FrontCamp\BlogsApp\src\client\js\components\BlogsApp\BlogsList\index.jsx
FN:1,(anonymous_0)
FN:1,defineProperties
FN:1,(anonymous_2)
FN:3,_classCallCheck
FN:3,_possibleConstructorReturn
FN:3,_inherits
FN:6,(anonymous_6)
FN:7,BlogsList
FN:9,componentDidMount
FN:13,render
FN:19,(anonymous_10)
FN:26,(anonymous_11)
FNF:12
FNH:12
FNDA:2,(anonymous_0)
FNDA:2,defineProperties
FNDA:2,(anonymous_2)
FNDA:1,_classCallCheck
FNDA:1,_possibleConstructorReturn
FNDA:2,_inherits
FNDA:2,(anonymous_6)
FNDA:1,BlogsList
FNDA:1,componentDidMount
FNDA:1,render
FNDA:3,(anonymous_10)
FNDA:2,(anonymous_11)
DA:1,4
DA:3,2
DA:6,2
DA:7,1
DA:9,2
DA:12,1
DA:16,1
DA:23,2
DA:26,2
LF:9
LH:9
BRDA:1,0,0,4
BRDA:1,0,1,4
BRDA:1,1,0,4
BRDA:1,1,1,0
BRDA:1,2,0,2
BRDA:1,2,1,0
BRDA:1,3,0,0
BRDA:1,3,1,2
BRDA:3,4,0,0
BRDA:3,4,1,1
BRDA:3,5,0,0
BRDA:3,5,1,1
BRDA:3,6,0,0
BRDA:3,6,1,1
BRDA:3,7,0,1
BRDA:3,7,1,0
BRDA:3,7,2,0
BRDA:3,8,0,0
BRDA:3,8,1,2
BRDA:3,9,0,2
BRDA:3,9,1,0
BRDA:3,10,0,2
BRDA:3,10,1,2
BRDA:3,11,0,2
BRDA:3,11,1,0
BRDA:3,12,0,2
BRDA:3,12,1,0
BRDA:7,13,0,1
BRDA:7,13,1,0
BRDA:26,14,0,2
BRDA:26,14,1,0
BRF:31
BRH:17
end_of_record
TN:
SF:C:\MAIN\Other\FrontCamp\BlogsApp\src\client\js\components\BlogsApp\BlogsList\styles.scss
FNF:0
FNH:0
LF:0
LH:0
BRF:0
BRH:0
end_of_record
TN:
SF:C:\MAIN\Other\FrontCamp\BlogsApp\src\client\js\components\BlogsApp\SearchBlog\index.jsx
FN:4,SearchBlog
FN:20,(anonymous_1)
FNF:2
FNH:2
FNDA:2,SearchBlog
FNDA:2,(anonymous_1)
DA:1,2
DA:4,2
DA:20,2
LF:3
LH:3
BRDA:20,0,0,2
BRDA:20,0,1,0
BRF:2
BRH:1
end_of_record
TN:
SF:C:\MAIN\Other\FrontCamp\BlogsApp\src\client\js\components\BlogsApp\SearchBlog\styles.scss
FNF:0
FNH:0
LF:0
LH:0
BRF:0
BRH:0
end_of_record
TN:
SF:C:\MAIN\Other\FrontCamp\BlogsApp\src\client\js\components\BlogsApp\modals\AddBlogModal\index.jsx
FN:1,(anonymous_0)
FN:1,defineProperties
FN:1,(anonymous_2)
FN:3,_defineProperty
FN:3,_classCallCheck
FN:3,_possibleConstructorReturn
FN:3,_inherits
FN:5,(anonymous_7)
FN:6,AddBlogModal
FN:14,handleInputChange
FN:23,handleSubmit
FN:34,onClose
FN:39,render
FN:45,onClick
FN:46,onSubmit
FN:48,onChange
FN:50,onChange
FN:52,onChange
FN:61,(anonymous_18)
FNF:19
FNH:6
FNDA:1,(anonymous_0)
FNDA:1,defineProperties
FNDA:1,(anonymous_2)
FNDA:0,_defineProperty
FNDA:0,_classCallCheck
FNDA:0,_possibleConstructorReturn
FNDA:1,_inherits
FNDA:1,(anonymous_7)
FNDA:0,AddBlogModal
FNDA:0,handleInputChange
FNDA:0,handleSubmit
FNDA:0,onClose
FNDA:0,render
FNDA:0,onClick
FNDA:0,onSubmit
FNDA:0,onChange
FNDA:0,onChange
FNDA:0,onChange
FNDA:1,(anonymous_18)
DA:1,4
DA:3,1
DA:5,1
DA:6,0
DA:14,1
DA:17,0
DA:18,0
DA:20,0
DA:26,0
DA:27,0
DA:28,0
DA:33,0
DA:37,0
DA:38,0
DA:42,0
DA:58,1
DA:61,1
LF:17
LH:6
BRDA:1,0,0,4
BRDA:1,0,1,4
BRDA:1,1,0,4
BRDA:1,1,1,0
BRDA:1,2,0,1
BRDA:1,2,1,0
BRDA:1,3,0,0
BRDA:1,3,1,1
BRDA:3,4,0,0
BRDA:3,4,1,0
BRDA:3,5,0,0
BRDA:3,5,1,0
BRDA:3,6,0,0
BRDA:3,6,1,0
BRDA:3,7,0,0
BRDA:3,7,1,0
BRDA:3,8,0,0
BRDA:3,8,1,0
BRDA:3,8,2,0
BRDA:3,9,0,0
BRDA:3,9,1,1
BRDA:3,10,0,1
BRDA:3,10,1,0
BRDA:3,11,0,1
BRDA:3,11,1,1
BRDA:3,12,0,1
BRDA:3,12,1,0
BRDA:3,13,0,1
BRDA:3,13,1,0
BRDA:6,14,0,0
BRDA:6,14,1,0
BRDA:27,15,0,0
BRDA:27,15,1,0
BRDA:27,16,0,0
BRDA:27,16,1,0
BRDA:27,16,2,0
BRDA:61,17,0,1
BRDA:61,17,1,0
BRF:38
BRH:12
end_of_record
TN:
SF:C:\MAIN\Other\FrontCamp\BlogsApp\src\client\js\components\BlogsApp\modals\AddBlogModal\styles.scss
FNF:0
FNH:0
LF:0
LH:0
BRF:0
BRH:0
end_of_record
TN:
SF:C:\MAIN\Other\FrontCamp\BlogsApp\src\client\js\components\BlogsApp\modals\RemoveBlogModal\index.jsx
FN:1,(anonymous_0)
FN:1,defineProperties
FN:1,(anonymous_2)
FN:3,_classCallCheck
FN:3,_possibleConstructorReturn
FN:3,_inherits
FN:5,(anonymous_6)
FN:6,RemoveBlogModal
FN:8,onClose
FN:13,onConfirm
FN:18,render
FN:24,onClick
FN:27,onClick
FN:28,onClick
FN:36,(anonymous_14)
FNF:15
FNH:6
FNDA:1,(anonymous_0)
FNDA:1,defineProperties
FNDA:1,(anonymous_2)
FNDA:0,_classCallCheck
FNDA:0,_possibleConstructorReturn
FNDA:1,_inherits
FNDA:1,(anonymous_6)
FNDA:0,RemoveBlogModal
FNDA:0,onClose
FNDA:0,onConfirm
FNDA:0,render
FNDA:0,onClick
FNDA:0,onClick
FNDA:0,onClick
FNDA:1,(anonymous_14)
DA:1,3
DA:3,1
DA:5,1
DA:6,0
DA:8,1
DA:11,0
DA:12,0
DA:16,0
DA:17,0
DA:21,0
DA:33,1
DA:36,1
LF:12
LH:6
BRDA:1,0,0,3
BRDA:1,0,1,3
BRDA:1,1,0,3
BRDA:1,1,1,0
BRDA:1,2,0,1
BRDA:1,2,1,0
BRDA:1,3,0,0
BRDA:1,3,1,1
BRDA:3,4,0,0
BRDA:3,4,1,0
BRDA:3,5,0,0
BRDA:3,5,1,0
BRDA:3,6,0,0
BRDA:3,6,1,0
BRDA:3,7,0,0
BRDA:3,7,1,0
BRDA:3,7,2,0
BRDA:3,8,0,0
BRDA:3,8,1,1
BRDA:3,9,0,1
BRDA:3,9,1,0
BRDA:3,10,0,1
BRDA:3,10,1,1
BRDA:3,11,0,1
BRDA:3,11,1,0
BRDA:3,12,0,1
BRDA:3,12,1,0
BRDA:6,13,0,0
BRDA:6,13,1,0
BRDA:11,14,0,0
BRDA:11,14,1,0
BRDA:36,15,0,1
BRDA:36,15,1,0
BRF:33
BRH:12
end_of_record
TN:
SF:C:\MAIN\Other\FrontCamp\BlogsApp\src\client\js\components\BlogsApp\modals\RemoveBlogModal\styles.scss
FNF:0
FNH:0
LF:0
LH:0
BRF:0
BRH:0
end_of_record
TN:
SF:C:\MAIN\Other\FrontCamp\BlogsApp\src\client\js\components\HomePage\index.jsx
FN:5,HomePage
FN:29,(anonymous_1)
FNF:2
FNH:2
FNDA:2,HomePage
FNDA:1,(anonymous_1)
DA:1,1
DA:5,1
DA:29,1
LF:3
LH:3
BRDA:29,0,0,1
BRDA:29,0,1,0
BRF:2
BRH:1
end_of_record
TN:
SF:C:\MAIN\Other\FrontCamp\BlogsApp\src\client\js\components\HomePage\styles.scss
FNF:0
FNH:0
LF:0
LH:0
BRF:0
BRH:0
end_of_record
TN:
SF:C:\MAIN\Other\FrontCamp\BlogsApp\src\client\js\components\LoginForm\index.jsx
FN:1,(anonymous_0)
FN:1,defineProperties
FN:1,(anonymous_2)
FN:3,_defineProperty
FN:3,_classCallCheck
FN:3,_possibleConstructorReturn
FN:3,_inherits
FN:5,(anonymous_7)
FN:6,LoginForm
FN:13,handleInputChange
FN:22,handleSubmit
FN:31,render
FN:40,onSubmit
FN:42,onChange
FN:44,onChange
FN:54,(anonymous_15)
FNF:16
FNH:12
FNDA:1,(anonymous_0)
FNDA:1,defineProperties
FNDA:1,(anonymous_2)
FNDA:0,_defineProperty
FNDA:4,_classCallCheck
FNDA:4,_possibleConstructorReturn
FNDA:1,_inherits
FNDA:1,(anonymous_7)
FNDA:4,LoginForm
FNDA:0,handleInputChange
FNDA:2,handleSubmit
FNDA:5,render
FNDA:2,onSubmit
FNDA:0,onChange
FNDA:0,onChange
FNDA:1,(anonymous_15)
DA:1,3
DA:3,4
DA:5,1
DA:6,4
DA:13,1
DA:16,0
DA:17,0
DA:19,0
DA:25,2
DA:26,2
DA:27,1
DA:34,5
DA:51,1
DA:54,1
LF:14
LH:11
BRDA:1,0,0,3
BRDA:1,0,1,3
BRDA:1,1,0,3
BRDA:1,1,1,0
BRDA:1,2,0,1
BRDA:1,2,1,0
BRDA:1,3,0,0
BRDA:1,3,1,1
BRDA:3,4,0,0
BRDA:3,4,1,0
BRDA:3,5,0,0
BRDA:3,5,1,4
BRDA:3,6,0,0
BRDA:3,6,1,4
BRDA:3,7,0,0
BRDA:3,7,1,4
BRDA:3,8,0,4
BRDA:3,8,1,0
BRDA:3,8,2,0
BRDA:3,9,0,0
BRDA:3,9,1,1
BRDA:3,10,0,1
BRDA:3,10,1,0
BRDA:3,11,0,1
BRDA:3,11,1,1
BRDA:3,12,0,1
BRDA:3,12,1,0
BRDA:3,13,0,1
BRDA:3,13,1,0
BRDA:6,14,0,4
BRDA:6,14,1,0
BRDA:26,15,0,1
BRDA:26,15,1,1
BRDA:26,16,0,2
BRDA:26,16,1,1
BRDA:54,18,0,1
BRDA:54,18,1,0
BRF:37
BRH:21
end_of_record
TN:
SF:C:\MAIN\Other\FrontCamp\BlogsApp\src\client\js\components\LoginForm\styles.scss
FNF:0
FNH:0
LF:0
LH:0
BRF:0
BRH:0
end_of_record
TN:
SF:C:\MAIN\Other\FrontCamp\BlogsApp\src\client\js\components\NoPage\index.jsx
FN:4,NoPage
FN:10,(anonymous_1)
FNF:2
FNH:2
FNDA:1,NoPage
FNDA:1,(anonymous_1)
DA:1,1
DA:4,1
DA:10,1
LF:3
LH:3
BRDA:10,0,0,1
BRDA:10,0,1,0
BRF:2
BRH:1
end_of_record
TN:
SF:C:\MAIN\Other\FrontCamp\BlogsApp\src\client\js\components\NoPage\styles.scss
FNF:0
FNH:0
LF:0
LH:0
BRF:0
BRH:0
end_of_record
TN:
SF:C:\MAIN\Other\FrontCamp\BlogsApp\src\client\js\components\RegistrationForm\index.jsx
FN:1,(anonymous_0)
FN:1,defineProperties
FN:1,(anonymous_2)
FN:3,_defineProperty
FN:3,_classCallCheck
FN:3,_possibleConstructorReturn
FN:3,_inherits
FN:5,(anonymous_7)
FN:6,RegistrationForm
FN:15,handleInputChange
FN:24,handleSubmit
FN:35,render
FN:44,onSubmit
FN:46,onChange
FN:48,onChange
FN:50,onChange
FN:52,onChange
FN:62,(anonymous_17)
FNF:18
FNH:12
FNDA:1,(anonymous_0)
FNDA:1,defineProperties
FNDA:1,(anonymous_2)
FNDA:0,_defineProperty
FNDA:4,_classCallCheck
FNDA:4,_possibleConstructorReturn
FNDA:1,_inherits
FNDA:1,(anonymous_7)
FNDA:4,RegistrationForm
FNDA:0,handleInputChange
FNDA:2,handleSubmit
FNDA:5,render
FNDA:2,onSubmit
FNDA:0,onChange
FNDA:0,onChange
FNDA:0,onChange
FNDA:0,onChange
FNDA:1,(anonymous_17)
DA:1,3
DA:3,4
DA:5,1
DA:6,4
DA:15,1
DA:18,0
DA:19,0
DA:21,0
DA:27,2
DA:28,2
DA:29,1
DA:38,5
DA:59,1
DA:62,1
LF:14
LH:11
BRDA:1,0,0,3
BRDA:1,0,1,3
BRDA:1,1,0,3
BRDA:1,1,1,0
BRDA:1,2,0,1
BRDA:1,2,1,0
BRDA:1,3,0,0
BRDA:1,3,1,1
BRDA:3,4,0,0
BRDA:3,4,1,0
BRDA:3,5,0,0
BRDA:3,5,1,4
BRDA:3,6,0,0
BRDA:3,6,1,4
BRDA:3,7,0,0
BRDA:3,7,1,4
BRDA:3,8,0,4
BRDA:3,8,1,0
BRDA:3,8,2,0
BRDA:3,9,0,0
BRDA:3,9,1,1
BRDA:3,10,0,1
BRDA:3,10,1,0
BRDA:3,11,0,1
BRDA:3,11,1,1
BRDA:3,12,0,1
BRDA:3,12,1,0
BRDA:3,13,0,1
BRDA:3,13,1,0
BRDA:6,14,0,4
BRDA:6,14,1,0
BRDA:28,15,0,1
BRDA:28,15,1,1
BRDA:28,16,0,2
BRDA:28,16,1,1
BRDA:28,16,2,1
BRDA:62,18,0,1
BRDA:62,18,1,0
BRF:38
BRH:22
end_of_record
TN:
SF:C:\MAIN\Other\FrontCamp\BlogsApp\src\client\js\components\RegistrationForm\styles.scss
FNF:0
FNH:0
LF:0
LH:0
BRF:0
BRH:0
end_of_record
TN:
SF:C:\MAIN\Other\FrontCamp\BlogsApp\src\client\js\containers\BlogsApp\AddBlog.jsx
FN:3,_interopRequireDefault
FN:5,mapDispatchToProps
FN:14,(anonymous_2)
FNF:3
FNH:2
FNDA:1,_interopRequireDefault
FNDA:0,mapDispatchToProps
FNDA:1,(anonymous_2)
DA:1,1
DA:3,1
DA:5,1
DA:9,1
DA:14,1
LF:5
LH:5
BRDA:3,0,0,1
BRDA:3,0,1,0
BRDA:3,1,0,1
BRDA:3,1,1,1
BRDA:14,2,0,1
BRDA:14,2,1,0
BRF:6
BRH:4
end_of_record
TN:
SF:C:\MAIN\Other\FrontCamp\BlogsApp\src\client\js\containers\BlogsApp\RemoveBlog.jsx
FN:3,_interopRequireDefault
FN:5,mapStateToProps
FN:6,(anonymous_2)
FN:12,mapDispatchToProps
FN:23,(anonymous_4)
FNF:5
FNH:2
FNDA:1,_interopRequireDefault
FNDA:0,mapStateToProps
FNDA:0,(anonymous_2)
FNDA:0,mapDispatchToProps
FNDA:1,(anonymous_4)
DA:1,1
DA:3,1
DA:5,1
DA:6,0
DA:7,0
DA:12,1
DA:18,1
DA:23,1
LF:8
LH:6
BRDA:3,0,0,1
BRDA:3,0,1,0
BRDA:3,1,0,1
BRDA:3,1,1,1
BRDA:23,2,0,1
BRDA:23,2,1,0
BRF:6
BRH:4
end_of_record
TN:
SF:C:\MAIN\Other\FrontCamp\BlogsApp\src\client\js\containers\BlogsApp\SearchBlog.jsx
FN:3,_interopRequireDefault
FN:5,mapStateToProps
FN:9,mapDispatchToProps
FN:11,onValueChange
FN:14,onParamChange
FN:25,(anonymous_5)
FNF:6
FNH:2
FNDA:1,_interopRequireDefault
FNDA:0,mapStateToProps
FNDA:0,mapDispatchToProps
FNDA:0,onValueChange
FNDA:0,onParamChange
FNDA:1,(anonymous_5)
DA:1,1
DA:3,1
DA:5,1
DA:9,1
DA:10,0
DA:12,0
DA:15,0
DA:20,1
DA:25,1
LF:9
LH:6
BRDA:3,0,0,1
BRDA:3,0,1,0
BRDA:3,1,0,1
BRDA:3,1,1,1
BRDA:25,2,0,1
BRDA:25,2,1,0
BRF:6
BRH:4
end_of_record
TN:
SF:C:\MAIN\Other\FrontCamp\BlogsApp\src\client\js\containers\BlogsApp\VisibleBlogsList.jsx
FN:3,_interopRequireDefault
FN:5,getVisibleBlogs
FN:13,(anonymous_2)
FN:16,mapStateToProps
FN:20,mapDispatchToProps
FN:31,(anonymous_5)
FNF:6
FNH:2
FNDA:1,_interopRequireDefault
FNDA:0,getVisibleBlogs
FNDA:0,(anonymous_2)
FNDA:0,mapStateToProps
FNDA:0,mapDispatchToProps
FNDA:1,(anonymous_5)
DA:1,1
DA:3,1
DA:5,1
DA:6,0
DA:7,0
DA:8,0
DA:9,0
DA:10,0
DA:13,0
DA:16,1
DA:20,1
DA:26,1
DA:31,1
LF:13
LH:7
BRDA:3,0,0,1
BRDA:3,0,1,0
BRDA:3,1,0,1
BRDA:3,1,1,1
BRDA:7,2,0,0
BRDA:7,2,1,0
BRDA:9,3,0,0
BRDA:9,3,1,0
BRDA:31,4,0,1
BRDA:31,4,1,0
BRF:10
BRH:4
end_of_record
TN:
SF:C:\MAIN\Other\FrontCamp\BlogsApp\src\client\js\effects\authentication.js
FN:3,requestLoginCall
FN:21,requestLogoutCall
FN:36,requestRegisterCall
FN:49,(anonymous_3)
FNF:4
FNH:1
FNDA:0,requestLoginCall
FNDA:0,requestLogoutCall
FNDA:0,requestRegisterCall
FNDA:1,(anonymous_3)
DA:1,1
DA:3,1
DA:21,1
DA:36,1
DA:49,1
LF:5
LH:5
BRDA:49,0,0,1
BRDA:49,0,1,0
BRF:2
BRH:1
end_of_record
TN:
SF:C:\MAIN\Other\FrontCamp\BlogsApp\src\client\js\effects\blogs.js
FN:3,fetchBlogsCall
FN:10,requestAddBlogCall
FN:37,requestDeleteBlogCall
FN:44,normalizeBlogsData
FN:46,(anonymous_4)
FN:58,(anonymous_5)
FN:61,(anonymous_6)
FNF:7
FNH:4
FNDA:0,fetchBlogsCall
FNDA:0,requestAddBlogCall
FNDA:0,requestDeleteBlogCall
FNDA:3,normalizeBlogsData
FNDA:7,(anonymous_4)
FNDA:5,(anonymous_5)
FNDA:2,(anonymous_6)
DA:1,2
DA:3,2
DA:10,2
DA:37,2
DA:44,2
DA:45,3
DA:46,3
DA:47,7
DA:58,3
DA:59,5
DA:61,2
LF:11
LH:11
BRDA:61,0,0,2
BRDA:61,0,1,0
BRF:2
BRH:1
end_of_record
TN:
SF:C:\MAIN\Other\FrontCamp\BlogsApp\src\client\js\reducers\authentication.js
FN:1,(anonymous_0)
FN:6,authentication
FN:49,(anonymous_2)
FNF:3
FNH:2
FNDA:0,(anonymous_0)
FNDA:7,authentication
FNDA:1,(anonymous_2)
DA:1,1
DA:6,1
DA:7,7
DA:9,1
DA:17,1
DA:22,1
DA:29,2
DA:35,1
DA:43,0
DA:45,1
DA:49,1
LF:11
LH:10
BRDA:1,0,0,1
BRDA:1,0,1,0
BRDA:1,1,0,0
BRDA:1,1,1,0
BRDA:7,2,0,1
BRDA:7,2,1,1
BRDA:7,2,2,1
BRDA:7,2,3,2
BRDA:7,2,4,1
BRDA:7,2,5,0
BRDA:7,2,6,1
BRDA:29,3,0,1
BRDA:49,4,0,1
BRDA:49,4,1,0
BRF:14
BRH:9
end_of_record
TN:
SF:C:\MAIN\Other\FrontCamp\BlogsApp\src\client\js\reducers\blogs.js
FN:6,blogs
FN:45,(anonymous_1)
FN:53,(anonymous_2)
FNF:3
FNH:3
FNDA:7,blogs
FNDA:1,(anonymous_1)
FNDA:1,(anonymous_2)
DA:1,1
DA:6,1
DA:7,7
DA:9,1
DA:17,1
DA:19,0
DA:21,1
DA:29,1
DA:37,1
DA:45,1
DA:47,0
DA:49,1
DA:53,1
LF:13
LH:11
BRDA:7,0,0,1
BRDA:7,0,1,1
BRDA:7,0,2,0
BRDA:7,0,3,1
BRDA:7,0,4,1
BRDA:7,0,5,1
BRDA:7,0,6,1
BRDA:7,0,7,0
BRDA:7,0,8,1
BRDA:53,1,0,1
BRDA:53,1,1,0
BRF:11
BRH:8
end_of_record
TN:
SF:C:\MAIN\Other\FrontCamp\BlogsApp\src\client\js\reducers\search.js
FN:1,(anonymous_0)
FN:3,search
FN:20,(anonymous_2)
FNF:3
FNH:2
FNDA:0,(anonymous_0)
FNDA:3,search
FNDA:1,(anonymous_2)
DA:1,1
DA:3,1
DA:4,3
DA:6,1
DA:11,1
DA:16,1
DA:20,1
LF:7
LH:7
BRDA:1,0,0,1
BRDA:1,0,1,0
BRDA:1,1,0,0
BRDA:1,1,1,0
BRDA:4,2,0,1
BRDA:4,2,1,1
BRDA:4,2,2,1
BRDA:20,3,0,1
BRDA:20,3,1,0
BRF:9
BRH:5
end_of_record
