TN:
SF:C:\MAIN\Other\FrontCamp\BlogsApp\jest-config\jestconfig.js
FN:2,_interopRequireDefault
FN:10,(anonymous_1)
FNF:2
FNH:2
FNDA:12,_interopRequireDefault
FNDA:6,(anonymous_1)
DA:2,12
DA:8,6
DA:9,6
DA:10,6
LF:4
LH:4
BRDA:2,0,0,0
BRDA:2,0,1,12
BRDA:2,1,0,12
BRDA:2,1,1,12
BRDA:10,2,0,6
BRDA:10,2,1,0
BRF:6
BRH:4
end_of_record
TN:
SF:C:\MAIN\Other\FrontCamp\BlogsApp\src\client\js\config.js
FN:26,(anonymous_0)
FNF:1
FNH:1
FNDA:5,(anonymous_0)
DA:1,5
DA:5,5
DA:24,5
DA:25,5
DA:26,5
LF:5
LH:5
BRDA:26,0,0,5
BRDA:26,0,1,0
BRF:2
BRH:1
end_of_record
TN:
SF:C:\MAIN\Other\FrontCamp\BlogsApp\src\client\js\actions\index.js
FN:3,requestLogin
FN:10,login
FN:17,requestLogout
FN:23,logout
FN:30,requestRegister
FN:37,register
FN:44,initBlogs
FN:50,blogsInitSuccessful
FN:57,blogsInitFail
FN:63,requestAddBlog
FN:70,addBlog
FN:78,requestDeleteBlog
FN:85,deleteBlog
FN:92,failedRequest
FN:98,setSearchValue
FN:105,setSearchParam
FN:110,(anonymous_16)
FNF:17
FNH:17
FNDA:2,requestLogin
FNDA:1,login
FNDA:2,requestLogout
FNDA:1,logout
FNDA:2,requestRegister
FNDA:1,register
FNDA:2,initBlogs
FNDA:1,blogsInitSuccessful
FNDA:1,blogsInitFail
FNDA:2,requestAddBlog
FNDA:1,addBlog
FNDA:2,requestDeleteBlog
FNDA:1,deleteBlog
FNDA:1,failedRequest
FNDA:1,setSearchValue
FNDA:1,setSearchParam
FNDA:4,(anonymous_16)
DA:1,4
DA:3,4
DA:4,2
DA:10,4
DA:11,1
DA:17,4
DA:18,2
DA:23,4
DA:24,1
DA:30,4
DA:31,2
DA:37,4
DA:38,1
DA:44,4
DA:45,2
DA:50,4
DA:51,1
DA:57,4
DA:58,1
DA:63,4
DA:64,2
DA:70,4
DA:71,1
DA:78,4
DA:79,2
DA:85,4
DA:86,1
DA:92,4
DA:93,1
DA:98,4
DA:99,1
DA:105,4
DA:106,1
DA:110,4
LF:34
LH:34
BRDA:110,0,0,4
BRDA:110,0,1,0
BRF:2
BRH:1
end_of_record
TN:
SF:C:\MAIN\Other\FrontCamp\BlogsApp\src\client\js\components\BlogDetails\index.jsx
FN:5,BlogDetails
FN:27,(anonymous_1)
FNF:2
FNH:2
FNDA:2,BlogDetails
FNDA:1,(anonymous_1)
DA:1,1
DA:5,1
DA:6,2
DA:7,1
DA:22,1
DA:27,1
LF:6
LH:6
BRDA:6,0,0,1
BRDA:6,0,1,1
BRDA:27,1,0,1
BRDA:27,1,1,0
BRF:4
BRH:3
end_of_record
TN:
SF:C:\MAIN\Other\FrontCamp\BlogsApp\src\client\js\components\BlogDetails\styles.scss
FNF:0
FNH:0
LF:0
LH:0
BRF:0
BRH:0
end_of_record
TN:
SF:C:\MAIN\Other\FrontCamp\BlogsApp\src\client\js\effects\authentication.js
FN:3,requestLoginCall
FN:21,requestLogoutCall
FN:36,requestRegisterCall
FN:49,(anonymous_3)
FNF:4
FNH:1
FNDA:0,requestLoginCall
FNDA:0,requestLogoutCall
FNDA:0,requestRegisterCall
FNDA:1,(anonymous_3)
DA:1,1
DA:3,1
DA:21,1
DA:36,1
DA:49,1
LF:5
LH:5
BRDA:49,0,0,1
BRDA:49,0,1,0
BRF:2
BRH:1
end_of_record
TN:
SF:C:\MAIN\Other\FrontCamp\BlogsApp\src\client\js\effects\blogs.js
FN:3,fetchBlogsCall
FN:10,requestAddBlogCall
FN:37,requestDeleteBlogCall
FN:44,normalizeBlogsData
FN:46,(anonymous_4)
FN:58,(anonymous_5)
FN:61,(anonymous_6)
FNF:7
FNH:4
FNDA:0,fetchBlogsCall
FNDA:0,requestAddBlogCall
FNDA:0,requestDeleteBlogCall
FNDA:3,normalizeBlogsData
FNDA:7,(anonymous_4)
FNDA:5,(anonymous_5)
FNDA:2,(anonymous_6)
DA:1,2
DA:3,2
DA:10,2
DA:37,2
DA:44,2
DA:45,3
DA:46,3
DA:47,7
DA:58,3
DA:59,5
DA:61,2
LF:11
LH:11
BRDA:61,0,0,2
BRDA:61,0,1,0
BRF:2
BRH:1
end_of_record
TN:
SF:C:\MAIN\Other\FrontCamp\BlogsApp\src\client\js\reducers\authentication.js
FN:1,(anonymous_0)
FN:6,authentication
FN:49,(anonymous_2)
FNF:3
FNH:2
FNDA:0,(anonymous_0)
FNDA:7,authentication
FNDA:1,(anonymous_2)
DA:1,1
DA:6,1
DA:7,7
DA:9,1
DA:17,1
DA:22,1
DA:29,2
DA:35,1
DA:43,0
DA:45,1
DA:49,1
LF:11
LH:10
BRDA:1,0,0,1
BRDA:1,0,1,0
BRDA:1,1,0,0
BRDA:1,1,1,0
BRDA:7,2,0,1
BRDA:7,2,1,1
BRDA:7,2,2,1
BRDA:7,2,3,2
BRDA:7,2,4,1
BRDA:7,2,5,0
BRDA:7,2,6,1
BRDA:29,3,0,1
BRDA:49,4,0,1
BRDA:49,4,1,0
BRF:14
BRH:9
end_of_record
TN:
SF:C:\MAIN\Other\FrontCamp\BlogsApp\src\client\js\reducers\blogs.js
FN:6,blogs
FN:45,(anonymous_1)
FN:53,(anonymous_2)
FNF:3
FNH:3
FNDA:7,blogs
FNDA:1,(anonymous_1)
FNDA:1,(anonymous_2)
DA:1,1
DA:6,1
DA:7,7
DA:9,1
DA:17,1
DA:19,0
DA:21,1
DA:29,1
DA:37,1
DA:45,1
DA:47,0
DA:49,1
DA:53,1
LF:13
LH:11
BRDA:7,0,0,1
BRDA:7,0,1,1
BRDA:7,0,2,0
BRDA:7,0,3,1
BRDA:7,0,4,1
BRDA:7,0,5,1
BRDA:7,0,6,1
BRDA:7,0,7,0
BRDA:7,0,8,1
BRDA:53,1,0,1
BRDA:53,1,1,0
BRF:11
BRH:8
end_of_record
TN:
SF:C:\MAIN\Other\FrontCamp\BlogsApp\src\client\js\reducers\search.js
FN:1,(anonymous_0)
FN:3,search
FN:20,(anonymous_2)
FNF:3
FNH:2
FNDA:0,(anonymous_0)
FNDA:3,search
FNDA:1,(anonymous_2)
DA:1,1
DA:3,1
DA:4,3
DA:6,1
DA:11,1
DA:16,1
DA:20,1
LF:7
LH:7
BRDA:1,0,0,1
BRDA:1,0,1,0
BRDA:1,1,0,0
BRDA:1,1,1,0
BRDA:4,2,0,1
BRDA:4,2,1,1
BRDA:4,2,2,1
BRDA:20,3,0,1
BRDA:20,3,1,0
BRF:9
BRH:5
end_of_record
